[ 2017-08-15T23:30:54+08:00 ] 127.0.0.1 /
INFO: [ app_init ] --START--
INFO: Run Behavior\BuildLiteBehavior [ RunTime:0.000027s ]
INFO: [ app_init ] --END-- [ RunTime:0.017970s ]
INFO: [ app_begin ] --START--
INFO: Run Behavior\ReadHtmlCacheBehavior [ RunTime:0.016871s ]
INFO: [ app_begin ] --END-- [ RunTime:0.017202s ]
NOTIC: [2048] Declaration of Home\Controller\CommonController::error() should be compatible with Think\Controller::error($message = '', $jumpUrl = '', $ajax = false) D:\zjklyw\Azjklynew\Home\Controller\CommonController.class.php 第 38 行.
NOTIC: [2048] Declaration of Common\Model\NewsModel::find() should be compatible with Think\Model::find($options = Array) D:\zjklyw\Azjklynew\Common\Model\NewsModel.class.php 第 6 行.
SQL: SHOW COLUMNS FROM `cms_news` [ RunTime:0.0393s ]
SQL: SELECT * FROM `cms_news` WHERE `status` = 1 ORDER BY count desc,news_id desc  LIMIT 10   [ RunTime:0.0098s ]
NOTIC: [2048] Declaration of Common\Model\PositionContentModel::find() should be compatible with Think\Model::find($options = Array) D:\zjklyw\Azjklynew\Common\Model\PositionContentModel.class.php 第 87 行.
SQL: SHOW COLUMNS FROM `cms_position_content` [ RunTime:0.0019s ]
NOTIC: [8] Undefined index: title D:\zjklyw\Azjklynew\Common\Model\PositionContentModel.class.php 第 18 行.
SQL: SELECT * FROM `cms_position_content` WHERE `status` = 1 AND `position_id` = 7 ORDER BY listorder desc ,id desc LIMIT 4   [ RunTime:0.0014s ]
NOTIC: [8] Undefined index: title D:\zjklyw\Azjklynew\Common\Model\PositionContentModel.class.php 第 18 行.
SQL: SELECT * FROM `cms_position_content` WHERE `status` = 1 AND `position_id` = 8 ORDER BY listorder desc ,id desc LIMIT 4   [ RunTime:0.0007s ]
NOTIC: [8] Undefined index: title D:\zjklyw\Azjklynew\Common\Model\PositionContentModel.class.php 第 18 行.
SQL: SELECT * FROM `cms_position_content` WHERE `status` = 1 AND `position_id` = 9 ORDER BY listorder desc ,id desc LIMIT 5   [ RunTime:0.0007s ]
NOTIC: [8] Undefined index: title D:\zjklyw\Azjklynew\Common\Model\PositionContentModel.class.php 第 18 行.
SQL: SELECT * FROM `cms_position_content` WHERE `status` = 1 AND `position_id` = 10 ORDER BY listorder desc ,id desc LIMIT 4   [ RunTime:0.0007s ]
NOTIC: [8] Undefined index: title D:\zjklyw\Azjklynew\Common\Model\PositionContentModel.class.php 第 18 行.
SQL: SELECT * FROM `cms_position_content` WHERE `status` = 1 AND `position_id` = 11 ORDER BY listorder desc ,id desc LIMIT 8   [ RunTime:0.0009s ]
INFO: [ view_parse ] --START--
INFO: [ template_filter ] --START--
INFO: Run Behavior\ContentReplaceBehavior [ RunTime:0.001384s ]
INFO: [ template_filter ] --END-- [ RunTime:0.001558s ]
NOTIC: [2048] Declaration of Common\Model\BasicModel::save() should be compatible with Think\Model::save($data = '', $options = Array) D:\zjklyw\Azjklynew\Common\Model\BasicModel.class.php 第 30 行.
NOTIC: [2048] Declaration of Common\Model\BasicModel::select() should be compatible with Think\Model::select($options = Array) D:\zjklyw\Azjklynew\Common\Model\BasicModel.class.php 第 30 行.
NOTIC: [2048] Declaration of Common\Model\MenuModel::find() should be compatible with Think\Model::find($options = Array) D:\zjklyw\Azjklynew\Common\Model\MenuModel.class.php 第 103 行.
SQL: SHOW COLUMNS FROM `cms_menu` [ RunTime:0.0016s ]
SQL: SELECT * FROM `cms_menu` WHERE `status` = 1 AND `type` = 0 ORDER BY listorder desc,menu_id desc  [ RunTime:0.0012s ]
NOTIC: [8] Undefined index: homeUser D:\zjklyw\Azjklynew\Common\Common\function.php 第 59 行.
INFO: Run Behavior\ParseTemplateBehavior [ RunTime:0.351413s ]
INFO: [ view_parse ] --END-- [ RunTime:0.351711s ]
INFO: [ view_filter ] --START--
INFO: Run Behavior\WriteHtmlCacheBehavior [ RunTime:0.011664s ]
INFO: [ view_filter ] --END-- [ RunTime:0.011843s ]
INFO: [ app_end ] --START--
INFO: Run Behavior\ShowPageTraceBehavior [ RunTime:0.016627s ]
INFO: [ app_end ] --END-- [ RunTime:0.017008s ]

[ 2017-08-15T23:30:55+08:00 ] 127.0.0.1 /index.php?c=index&a=getCount
INFO: [ app_init ] --START--
INFO: Run Behavior\BuildLiteBehavior [ RunTime:0.000034s ]
INFO: [ app_init ] --END-- [ RunTime:0.000541s ]
INFO: [ app_begin ] --START--
INFO: Run Behavior\ReadHtmlCacheBehavior [ RunTime:0.000815s ]
INFO: [ app_begin ] --END-- [ RunTime:0.000960s ]
NOTIC: [2048] Declaration of Home\Controller\CommonController::error() should be compatible with Think\Controller::error($message = '', $jumpUrl = '', $ajax = false) D:\zjklyw\Azjklynew\Home\Controller\CommonController.class.php 第 38 行.
NOTIC: [2048] Declaration of Common\Model\NewsModel::find() should be compatible with Think\Model::find($options = Array) D:\zjklyw\Azjklynew\Common\Model\NewsModel.class.php 第 6 行.
SQL: SHOW COLUMNS FROM `cms_news` [ RunTime:0.0019s ]
SQL: SELECT * FROM `cms_news` WHERE `news_id` IN ('161','178','171','142')  [ RunTime:0.0020s ]

