[ 2017-07-30T19:56:32+08:00 ] 127.0.0.1 /
INFO: [ app_init ] --START--
INFO: Run Behavior\BuildLiteBehavior [ RunTime:0.000062s ]
INFO: [ app_init ] --END-- [ RunTime:0.010661s ]
INFO: [ app_begin ] --START--
INFO: Run Behavior\ReadHtmlCacheBehavior [ RunTime:0.013569s ]
INFO: [ app_begin ] --END-- [ RunTime:0.013882s ]
NOTIC: [2048] Declaration of Home\Controller\CommonController::error() should be compatible with Think\Controller::error($message = '', $jumpUrl = '', $ajax = false) D:\zjklyw\Azjklynew\Home\Controller\CommonController.class.php 第 38 行.
NOTIC: [2048] Declaration of Common\Model\NewsModel::find() should be compatible with Think\Model::find($options = Array) D:\zjklyw\Azjklynew\Common\Model\NewsModel.class.php 第 6 行.
SQL: SHOW COLUMNS FROM `cms_news` [ RunTime:0.0748s ]
SQL: SELECT * FROM `cms_news` WHERE `status` = 1 ORDER BY count desc,news_id desc  LIMIT 10   [ RunTime:0.0075s ]
NOTIC: [2048] Declaration of Common\Model\PositionContentModel::find() should be compatible with Think\Model::find($options = Array) D:\zjklyw\Azjklynew\Common\Model\PositionContentModel.class.php 第 87 行.
SQL: SHOW COLUMNS FROM `cms_position_content` [ RunTime:0.0168s ]
NOTIC: [8] Undefined index: title D:\zjklyw\Azjklynew\Common\Model\PositionContentModel.class.php 第 18 行.
SQL: SELECT * FROM `cms_position_content` WHERE `status` = 1 AND `position_id` = 7 ORDER BY listorder desc ,id desc LIMIT 4   [ RunTime:0.0009s ]
NOTIC: [8] Undefined index: title D:\zjklyw\Azjklynew\Common\Model\PositionContentModel.class.php 第 18 行.
SQL: SELECT * FROM `cms_position_content` WHERE `status` = 1 AND `position_id` = 8 ORDER BY listorder desc ,id desc LIMIT 4   [ RunTime:0.0007s ]
NOTIC: [8] Undefined index: title D:\zjklyw\Azjklynew\Common\Model\PositionContentModel.class.php 第 18 行.
SQL: SELECT * FROM `cms_position_content` WHERE `status` = 1 AND `position_id` = 9 ORDER BY listorder desc ,id desc LIMIT 5   [ RunTime:0.0007s ]
NOTIC: [8] Undefined index: title D:\zjklyw\Azjklynew\Common\Model\PositionContentModel.class.php 第 18 行.
SQL: SELECT * FROM `cms_position_content` WHERE `status` = 1 AND `position_id` = 10 ORDER BY listorder desc ,id desc LIMIT 4   [ RunTime:0.0007s ]
NOTIC: [8] Undefined index: title D:\zjklyw\Azjklynew\Common\Model\PositionContentModel.class.php 第 18 行.
SQL: SELECT * FROM `cms_position_content` WHERE `status` = 1 AND `position_id` = 11 ORDER BY listorder desc ,id desc LIMIT 8   [ RunTime:0.0008s ]
INFO: [ view_parse ] --START--
INFO: [ template_filter ] --START--
INFO: Run Behavior\ContentReplaceBehavior [ RunTime:0.001399s ]
INFO: [ template_filter ] --END-- [ RunTime:0.001704s ]
NOTIC: [2048] Declaration of Common\Model\BasicModel::save() should be compatible with Think\Model::save($data = '', $options = Array) D:\zjklyw\Azjklynew\Common\Model\BasicModel.class.php 第 30 行.
NOTIC: [2048] Declaration of Common\Model\BasicModel::select() should be compatible with Think\Model::select($options = Array) D:\zjklyw\Azjklynew\Common\Model\BasicModel.class.php 第 30 行.
NOTIC: [2048] Declaration of Common\Model\MenuModel::find() should be compatible with Think\Model::find($options = Array) D:\zjklyw\Azjklynew\Common\Model\MenuModel.class.php 第 103 行.
SQL: SHOW COLUMNS FROM `cms_menu` [ RunTime:0.0138s ]
SQL: SELECT * FROM `cms_menu` WHERE `status` = 1 AND `type` = 0 ORDER BY listorder desc,menu_id desc  [ RunTime:0.0007s ]
NOTIC: [8] Undefined index: homeUser D:\zjklyw\Azjklynew\Common\Common\function.php 第 59 行.
INFO: Run Behavior\ParseTemplateBehavior [ RunTime:0.389567s ]
INFO: [ view_parse ] --END-- [ RunTime:0.389870s ]
INFO: [ view_filter ] --START--
INFO: Run Behavior\WriteHtmlCacheBehavior [ RunTime:0.016633s ]
INFO: [ view_filter ] --END-- [ RunTime:0.016913s ]
INFO: [ app_end ] --START--
INFO: Run Behavior\ShowPageTraceBehavior [ RunTime:0.020057s ]
INFO: [ app_end ] --END-- [ RunTime:0.020476s ]

[ 2017-07-30T19:56:33+08:00 ] 127.0.0.1 /index.php?c=index&a=getCount
INFO: [ app_init ] --START--
INFO: Run Behavior\BuildLiteBehavior [ RunTime:0.000030s ]
INFO: [ app_init ] --END-- [ RunTime:0.000532s ]
INFO: [ app_begin ] --START--
INFO: Run Behavior\ReadHtmlCacheBehavior [ RunTime:0.000769s ]
INFO: [ app_begin ] --END-- [ RunTime:0.000959s ]
NOTIC: [2048] Declaration of Home\Controller\CommonController::error() should be compatible with Think\Controller::error($message = '', $jumpUrl = '', $ajax = false) D:\zjklyw\Azjklynew\Home\Controller\CommonController.class.php 第 38 行.
NOTIC: [2048] Declaration of Common\Model\NewsModel::find() should be compatible with Think\Model::find($options = Array) D:\zjklyw\Azjklynew\Common\Model\NewsModel.class.php 第 6 行.
SQL: SHOW COLUMNS FROM `cms_news` [ RunTime:0.0011s ]
SQL: SELECT * FROM `cms_news` WHERE `news_id` IN ('161','178','171','142')  [ RunTime:0.0011s ]

[ 2017-07-30T19:56:58+08:00 ] 127.0.0.1 /
INFO: [ app_init ] --START--
INFO: Run Behavior\BuildLiteBehavior [ RunTime:0.000024s ]
INFO: [ app_init ] --END-- [ RunTime:0.000415s ]
INFO: [ app_begin ] --START--
INFO: Run Behavior\ReadHtmlCacheBehavior [ RunTime:0.000637s ]
INFO: [ app_begin ] --END-- [ RunTime:0.000758s ]
NOTIC: [2048] Declaration of Home\Controller\CommonController::error() should be compatible with Think\Controller::error($message = '', $jumpUrl = '', $ajax = false) D:\zjklyw\Azjklynew\Home\Controller\CommonController.class.php 第 38 行.
NOTIC: [2048] Declaration of Common\Model\NewsModel::find() should be compatible with Think\Model::find($options = Array) D:\zjklyw\Azjklynew\Common\Model\NewsModel.class.php 第 6 行.
SQL: SHOW COLUMNS FROM `cms_news` [ RunTime:0.0011s ]
SQL: SELECT * FROM `cms_news` WHERE `status` = 1 ORDER BY count desc,news_id desc  LIMIT 10   [ RunTime:0.0009s ]
NOTIC: [2048] Declaration of Common\Model\PositionContentModel::find() should be compatible with Think\Model::find($options = Array) D:\zjklyw\Azjklynew\Common\Model\PositionContentModel.class.php 第 87 行.
SQL: SHOW COLUMNS FROM `cms_position_content` [ RunTime:0.0008s ]
NOTIC: [8] Undefined index: title D:\zjklyw\Azjklynew\Common\Model\PositionContentModel.class.php 第 18 行.
SQL: SELECT * FROM `cms_position_content` WHERE `status` = 1 AND `position_id` = 7 ORDER BY listorder desc ,id desc LIMIT 4   [ RunTime:0.0003s ]
NOTIC: [8] Undefined index: title D:\zjklyw\Azjklynew\Common\Model\PositionContentModel.class.php 第 18 行.
SQL: SELECT * FROM `cms_position_content` WHERE `status` = 1 AND `position_id` = 8 ORDER BY listorder desc ,id desc LIMIT 4   [ RunTime:0.0003s ]
NOTIC: [8] Undefined index: title D:\zjklyw\Azjklynew\Common\Model\PositionContentModel.class.php 第 18 行.
SQL: SELECT * FROM `cms_position_content` WHERE `status` = 1 AND `position_id` = 9 ORDER BY listorder desc ,id desc LIMIT 5   [ RunTime:0.0003s ]
NOTIC: [8] Undefined index: title D:\zjklyw\Azjklynew\Common\Model\PositionContentModel.class.php 第 18 行.
SQL: SELECT * FROM `cms_position_content` WHERE `status` = 1 AND `position_id` = 10 ORDER BY listorder desc ,id desc LIMIT 4   [ RunTime:0.0003s ]
NOTIC: [8] Undefined index: title D:\zjklyw\Azjklynew\Common\Model\PositionContentModel.class.php 第 18 行.
SQL: SELECT * FROM `cms_position_content` WHERE `status` = 1 AND `position_id` = 11 ORDER BY listorder desc ,id desc LIMIT 8   [ RunTime:0.0003s ]
INFO: [ view_parse ] --START--
INFO: [ template_filter ] --START--
INFO: Run Behavior\ContentReplaceBehavior [ RunTime:0.000156s ]
INFO: [ template_filter ] --END-- [ RunTime:0.000267s ]
NOTIC: [2048] Declaration of Common\Model\BasicModel::save() should be compatible with Think\Model::save($data = '', $options = Array) D:\zjklyw\Azjklynew\Common\Model\BasicModel.class.php 第 30 行.
NOTIC: [2048] Declaration of Common\Model\BasicModel::select() should be compatible with Think\Model::select($options = Array) D:\zjklyw\Azjklynew\Common\Model\BasicModel.class.php 第 30 行.
NOTIC: [2048] Declaration of Common\Model\MenuModel::find() should be compatible with Think\Model::find($options = Array) D:\zjklyw\Azjklynew\Common\Model\MenuModel.class.php 第 103 行.
SQL: SHOW COLUMNS FROM `cms_menu` [ RunTime:0.0016s ]
SQL: SELECT * FROM `cms_menu` WHERE `status` = 1 AND `type` = 0 ORDER BY listorder desc,menu_id desc  [ RunTime:0.0005s ]
NOTIC: [8] Undefined index: homeUser D:\zjklyw\Azjklynew\Common\Common\function.php 第 59 行.
INFO: Run Behavior\ParseTemplateBehavior [ RunTime:0.089065s ]
INFO: [ view_parse ] --END-- [ RunTime:0.089238s ]
INFO: [ view_filter ] --START--
INFO: Run Behavior\WriteHtmlCacheBehavior [ RunTime:0.000933s ]
INFO: [ view_filter ] --END-- [ RunTime:0.001145s ]
INFO: [ app_end ] --START--
INFO: Run Behavior\ShowPageTraceBehavior [ RunTime:0.001651s ]
INFO: [ app_end ] --END-- [ RunTime:0.001965s ]

[ 2017-07-30T19:56:58+08:00 ] 127.0.0.1 /index.php?c=index&a=getCount
INFO: [ app_init ] --START--
INFO: Run Behavior\BuildLiteBehavior [ RunTime:0.000022s ]
INFO: [ app_init ] --END-- [ RunTime:0.000395s ]
INFO: [ app_begin ] --START--
INFO: Run Behavior\ReadHtmlCacheBehavior [ RunTime:0.000521s ]
INFO: [ app_begin ] --END-- [ RunTime:0.000625s ]
NOTIC: [2048] Declaration of Home\Controller\CommonController::error() should be compatible with Think\Controller::error($message = '', $jumpUrl = '', $ajax = false) D:\zjklyw\Azjklynew\Home\Controller\CommonController.class.php 第 38 行.
NOTIC: [2048] Declaration of Common\Model\NewsModel::find() should be compatible with Think\Model::find($options = Array) D:\zjklyw\Azjklynew\Common\Model\NewsModel.class.php 第 6 行.
SQL: SHOW COLUMNS FROM `cms_news` [ RunTime:0.0011s ]
SQL: SELECT * FROM `cms_news` WHERE `news_id` IN ('161','178','171','142')  [ RunTime:0.0004s ]

[ 2017-07-30T19:57:15+08:00 ] 127.0.0.1 /
INFO: [ app_init ] --START--
INFO: Run Behavior\BuildLiteBehavior [ RunTime:0.000022s ]
INFO: [ app_init ] --END-- [ RunTime:0.000401s ]
INFO: [ app_begin ] --START--
INFO: Run Behavior\ReadHtmlCacheBehavior [ RunTime:0.000580s ]
INFO: [ app_begin ] --END-- [ RunTime:0.000698s ]
NOTIC: [2048] Declaration of Home\Controller\CommonController::error() should be compatible with Think\Controller::error($message = '', $jumpUrl = '', $ajax = false) D:\zjklyw\Azjklynew\Home\Controller\CommonController.class.php 第 38 行.
NOTIC: [2048] Declaration of Common\Model\NewsModel::find() should be compatible with Think\Model::find($options = Array) D:\zjklyw\Azjklynew\Common\Model\NewsModel.class.php 第 6 行.
SQL: SHOW COLUMNS FROM `cms_news` [ RunTime:0.0009s ]
SQL: SELECT * FROM `cms_news` WHERE `status` = 1 ORDER BY count desc,news_id desc  LIMIT 10   [ RunTime:0.0009s ]
NOTIC: [2048] Declaration of Common\Model\PositionContentModel::find() should be compatible with Think\Model::find($options = Array) D:\zjklyw\Azjklynew\Common\Model\PositionContentModel.class.php 第 87 行.
SQL: SHOW COLUMNS FROM `cms_position_content` [ RunTime:0.0008s ]
NOTIC: [8] Undefined index: title D:\zjklyw\Azjklynew\Common\Model\PositionContentModel.class.php 第 18 行.
SQL: SELECT * FROM `cms_position_content` WHERE `status` = 1 AND `position_id` = 7 ORDER BY listorder desc ,id desc LIMIT 4   [ RunTime:0.0003s ]
NOTIC: [8] Undefined index: title D:\zjklyw\Azjklynew\Common\Model\PositionContentModel.class.php 第 18 行.
SQL: SELECT * FROM `cms_position_content` WHERE `status` = 1 AND `position_id` = 8 ORDER BY listorder desc ,id desc LIMIT 4   [ RunTime:0.0003s ]
NOTIC: [8] Undefined index: title D:\zjklyw\Azjklynew\Common\Model\PositionContentModel.class.php 第 18 行.
SQL: SELECT * FROM `cms_position_content` WHERE `status` = 1 AND `position_id` = 9 ORDER BY listorder desc ,id desc LIMIT 5   [ RunTime:0.0003s ]
NOTIC: [8] Undefined index: title D:\zjklyw\Azjklynew\Common\Model\PositionContentModel.class.php 第 18 行.
SQL: SELECT * FROM `cms_position_content` WHERE `status` = 1 AND `position_id` = 10 ORDER BY listorder desc ,id desc LIMIT 4   [ RunTime:0.0003s ]
NOTIC: [8] Undefined index: title D:\zjklyw\Azjklynew\Common\Model\PositionContentModel.class.php 第 18 行.
SQL: SELECT * FROM `cms_position_content` WHERE `status` = 1 AND `position_id` = 11 ORDER BY listorder desc ,id desc LIMIT 8   [ RunTime:0.0003s ]
INFO: [ view_parse ] --START--
INFO: [ template_filter ] --START--
INFO: Run Behavior\ContentReplaceBehavior [ RunTime:0.000157s ]
INFO: [ template_filter ] --END-- [ RunTime:0.000274s ]
NOTIC: [2048] Declaration of Common\Model\BasicModel::save() should be compatible with Think\Model::save($data = '', $options = Array) D:\zjklyw\Azjklynew\Common\Model\BasicModel.class.php 第 30 行.
NOTIC: [2048] Declaration of Common\Model\BasicModel::select() should be compatible with Think\Model::select($options = Array) D:\zjklyw\Azjklynew\Common\Model\BasicModel.class.php 第 30 行.
NOTIC: [2048] Declaration of Common\Model\MenuModel::find() should be compatible with Think\Model::find($options = Array) D:\zjklyw\Azjklynew\Common\Model\MenuModel.class.php 第 103 行.
SQL: SHOW COLUMNS FROM `cms_menu` [ RunTime:0.0010s ]
SQL: SELECT * FROM `cms_menu` WHERE `status` = 1 AND `type` = 0 ORDER BY listorder desc,menu_id desc  [ RunTime:0.0005s ]
NOTIC: [8] Undefined index: homeUser D:\zjklyw\Azjklynew\Common\Common\function.php 第 59 行.
INFO: Run Behavior\ParseTemplateBehavior [ RunTime:0.092334s ]
INFO: [ view_parse ] --END-- [ RunTime:0.092539s ]
INFO: [ view_filter ] --START--
INFO: Run Behavior\WriteHtmlCacheBehavior [ RunTime:0.000956s ]
INFO: [ view_filter ] --END-- [ RunTime:0.001224s ]
INFO: [ app_end ] --START--
INFO: Run Behavior\ShowPageTraceBehavior [ RunTime:0.001613s ]
INFO: [ app_end ] --END-- [ RunTime:0.001929s ]

[ 2017-07-30T19:57:16+08:00 ] 127.0.0.1 /index.php?c=index&a=getCount
INFO: [ app_init ] --START--
INFO: Run Behavior\BuildLiteBehavior [ RunTime:0.000060s ]
INFO: [ app_init ] --END-- [ RunTime:0.001012s ]
INFO: [ app_begin ] --START--
INFO: Run Behavior\ReadHtmlCacheBehavior [ RunTime:0.001791s ]
INFO: [ app_begin ] --END-- [ RunTime:0.002144s ]
NOTIC: [2048] Declaration of Home\Controller\CommonController::error() should be compatible with Think\Controller::error($message = '', $jumpUrl = '', $ajax = false) D:\zjklyw\Azjklynew\Home\Controller\CommonController.class.php 第 38 行.
NOTIC: [2048] Declaration of Common\Model\NewsModel::find() should be compatible with Think\Model::find($options = Array) D:\zjklyw\Azjklynew\Common\Model\NewsModel.class.php 第 6 行.
SQL: SHOW COLUMNS FROM `cms_news` [ RunTime:0.0018s ]
SQL: SELECT * FROM `cms_news` WHERE `news_id` IN ('161','178','171','142')  [ RunTime:0.0005s ]

[ 2017-07-30T19:57:18+08:00 ] 127.0.0.1 /
INFO: [ app_init ] --START--
INFO: Run Behavior\BuildLiteBehavior [ RunTime:0.000023s ]
INFO: [ app_init ] --END-- [ RunTime:0.000497s ]
INFO: [ app_begin ] --START--
INFO: Run Behavior\ReadHtmlCacheBehavior [ RunTime:0.000590s ]
INFO: [ app_begin ] --END-- [ RunTime:0.000708s ]
NOTIC: [2048] Declaration of Home\Controller\CommonController::error() should be compatible with Think\Controller::error($message = '', $jumpUrl = '', $ajax = false) D:\zjklyw\Azjklynew\Home\Controller\CommonController.class.php 第 38 行.
NOTIC: [2048] Declaration of Common\Model\NewsModel::find() should be compatible with Think\Model::find($options = Array) D:\zjklyw\Azjklynew\Common\Model\NewsModel.class.php 第 6 行.
SQL: SHOW COLUMNS FROM `cms_news` [ RunTime:0.0010s ]
SQL: SELECT * FROM `cms_news` WHERE `status` = 1 ORDER BY count desc,news_id desc  LIMIT 10   [ RunTime:0.0009s ]
NOTIC: [2048] Declaration of Common\Model\PositionContentModel::find() should be compatible with Think\Model::find($options = Array) D:\zjklyw\Azjklynew\Common\Model\PositionContentModel.class.php 第 87 行.
SQL: SHOW COLUMNS FROM `cms_position_content` [ RunTime:0.0007s ]
NOTIC: [8] Undefined index: title D:\zjklyw\Azjklynew\Common\Model\PositionContentModel.class.php 第 18 行.
SQL: SELECT * FROM `cms_position_content` WHERE `status` = 1 AND `position_id` = 7 ORDER BY listorder desc ,id desc LIMIT 4   [ RunTime:0.0003s ]
NOTIC: [8] Undefined index: title D:\zjklyw\Azjklynew\Common\Model\PositionContentModel.class.php 第 18 行.
SQL: SELECT * FROM `cms_position_content` WHERE `status` = 1 AND `position_id` = 8 ORDER BY listorder desc ,id desc LIMIT 4   [ RunTime:0.0003s ]
NOTIC: [8] Undefined index: title D:\zjklyw\Azjklynew\Common\Model\PositionContentModel.class.php 第 18 行.
SQL: SELECT * FROM `cms_position_content` WHERE `status` = 1 AND `position_id` = 9 ORDER BY listorder desc ,id desc LIMIT 5   [ RunTime:0.0003s ]
NOTIC: [8] Undefined index: title D:\zjklyw\Azjklynew\Common\Model\PositionContentModel.class.php 第 18 行.
SQL: SELECT * FROM `cms_position_content` WHERE `status` = 1 AND `position_id` = 10 ORDER BY listorder desc ,id desc LIMIT 4   [ RunTime:0.0003s ]
NOTIC: [8] Undefined index: title D:\zjklyw\Azjklynew\Common\Model\PositionContentModel.class.php 第 18 行.
SQL: SELECT * FROM `cms_position_content` WHERE `status` = 1 AND `position_id` = 11 ORDER BY listorder desc ,id desc LIMIT 8   [ RunTime:0.0003s ]
INFO: [ view_parse ] --START--
INFO: [ template_filter ] --START--
INFO: Run Behavior\ContentReplaceBehavior [ RunTime:0.000149s ]
INFO: [ template_filter ] --END-- [ RunTime:0.000262s ]
NOTIC: [2048] Declaration of Common\Model\BasicModel::save() should be compatible with Think\Model::save($data = '', $options = Array) D:\zjklyw\Azjklynew\Common\Model\BasicModel.class.php 第 30 行.
NOTIC: [2048] Declaration of Common\Model\BasicModel::select() should be compatible with Think\Model::select($options = Array) D:\zjklyw\Azjklynew\Common\Model\BasicModel.class.php 第 30 行.
NOTIC: [2048] Declaration of Common\Model\MenuModel::find() should be compatible with Think\Model::find($options = Array) D:\zjklyw\Azjklynew\Common\Model\MenuModel.class.php 第 103 行.
SQL: SHOW COLUMNS FROM `cms_menu` [ RunTime:0.0009s ]
SQL: SELECT * FROM `cms_menu` WHERE `status` = 1 AND `type` = 0 ORDER BY listorder desc,menu_id desc  [ RunTime:0.0003s ]
NOTIC: [8] Undefined index: homeUser D:\zjklyw\Azjklynew\Common\Common\function.php 第 59 行.
INFO: Run Behavior\ParseTemplateBehavior [ RunTime:0.107553s ]
INFO: [ view_parse ] --END-- [ RunTime:0.107717s ]
INFO: [ view_filter ] --START--
INFO: Run Behavior\WriteHtmlCacheBehavior [ RunTime:0.000927s ]
INFO: [ view_filter ] --END-- [ RunTime:0.001130s ]
INFO: [ app_end ] --START--
INFO: Run Behavior\ShowPageTraceBehavior [ RunTime:0.001155s ]
INFO: [ app_end ] --END-- [ RunTime:0.001361s ]

[ 2017-07-30T19:57:18+08:00 ] 127.0.0.1 /index.php?c=index&a=getCount
INFO: [ app_init ] --START--
INFO: Run Behavior\BuildLiteBehavior [ RunTime:0.000025s ]
INFO: [ app_init ] --END-- [ RunTime:0.000468s ]
INFO: [ app_begin ] --START--
INFO: Run Behavior\ReadHtmlCacheBehavior [ RunTime:0.000668s ]
INFO: [ app_begin ] --END-- [ RunTime:0.000787s ]
NOTIC: [2048] Declaration of Home\Controller\CommonController::error() should be compatible with Think\Controller::error($message = '', $jumpUrl = '', $ajax = false) D:\zjklyw\Azjklynew\Home\Controller\CommonController.class.php 第 38 行.
NOTIC: [2048] Declaration of Common\Model\NewsModel::find() should be compatible with Think\Model::find($options = Array) D:\zjklyw\Azjklynew\Common\Model\NewsModel.class.php 第 6 行.
SQL: SHOW COLUMNS FROM `cms_news` [ RunTime:0.0011s ]
SQL: SELECT * FROM `cms_news` WHERE `news_id` IN ('161','178','171','142')  [ RunTime:0.0004s ]

[ 2017-07-30T19:57:19+08:00 ] 127.0.0.1 /
INFO: [ app_init ] --START--
INFO: Run Behavior\BuildLiteBehavior [ RunTime:0.000024s ]
INFO: [ app_init ] --END-- [ RunTime:0.000422s ]
INFO: [ app_begin ] --START--
INFO: Run Behavior\ReadHtmlCacheBehavior [ RunTime:0.000610s ]
INFO: [ app_begin ] --END-- [ RunTime:0.000733s ]
NOTIC: [2048] Declaration of Home\Controller\CommonController::error() should be compatible with Think\Controller::error($message = '', $jumpUrl = '', $ajax = false) D:\zjklyw\Azjklynew\Home\Controller\CommonController.class.php 第 38 行.
NOTIC: [2048] Declaration of Common\Model\NewsModel::find() should be compatible with Think\Model::find($options = Array) D:\zjklyw\Azjklynew\Common\Model\NewsModel.class.php 第 6 行.
SQL: SHOW COLUMNS FROM `cms_news` [ RunTime:0.0009s ]
SQL: SELECT * FROM `cms_news` WHERE `status` = 1 ORDER BY count desc,news_id desc  LIMIT 10   [ RunTime:0.0009s ]
NOTIC: [2048] Declaration of Common\Model\PositionContentModel::find() should be compatible with Think\Model::find($options = Array) D:\zjklyw\Azjklynew\Common\Model\PositionContentModel.class.php 第 87 行.
SQL: SHOW COLUMNS FROM `cms_position_content` [ RunTime:0.0007s ]
NOTIC: [8] Undefined index: title D:\zjklyw\Azjklynew\Common\Model\PositionContentModel.class.php 第 18 行.
SQL: SELECT * FROM `cms_position_content` WHERE `status` = 1 AND `position_id` = 7 ORDER BY listorder desc ,id desc LIMIT 4   [ RunTime:0.0003s ]
NOTIC: [8] Undefined index: title D:\zjklyw\Azjklynew\Common\Model\PositionContentModel.class.php 第 18 行.
SQL: SELECT * FROM `cms_position_content` WHERE `status` = 1 AND `position_id` = 8 ORDER BY listorder desc ,id desc LIMIT 4   [ RunTime:0.0003s ]
NOTIC: [8] Undefined index: title D:\zjklyw\Azjklynew\Common\Model\PositionContentModel.class.php 第 18 行.
SQL: SELECT * FROM `cms_position_content` WHERE `status` = 1 AND `position_id` = 9 ORDER BY listorder desc ,id desc LIMIT 5   [ RunTime:0.0003s ]
NOTIC: [8] Undefined index: title D:\zjklyw\Azjklynew\Common\Model\PositionContentModel.class.php 第 18 行.
SQL: SELECT * FROM `cms_position_content` WHERE `status` = 1 AND `position_id` = 10 ORDER BY listorder desc ,id desc LIMIT 4   [ RunTime:0.0003s ]
NOTIC: [8] Undefined index: title D:\zjklyw\Azjklynew\Common\Model\PositionContentModel.class.php 第 18 行.
SQL: SELECT * FROM `cms_position_content` WHERE `status` = 1 AND `position_id` = 11 ORDER BY listorder desc ,id desc LIMIT 8   [ RunTime:0.0003s ]
INFO: [ view_parse ] --START--
INFO: [ template_filter ] --START--
INFO: Run Behavior\ContentReplaceBehavior [ RunTime:0.000160s ]
INFO: [ template_filter ] --END-- [ RunTime:0.000275s ]
NOTIC: [2048] Declaration of Common\Model\BasicModel::save() should be compatible with Think\Model::save($data = '', $options = Array) D:\zjklyw\Azjklynew\Common\Model\BasicModel.class.php 第 30 行.
NOTIC: [2048] Declaration of Common\Model\BasicModel::select() should be compatible with Think\Model::select($options = Array) D:\zjklyw\Azjklynew\Common\Model\BasicModel.class.php 第 30 行.
NOTIC: [2048] Declaration of Common\Model\MenuModel::find() should be compatible with Think\Model::find($options = Array) D:\zjklyw\Azjklynew\Common\Model\MenuModel.class.php 第 103 行.
SQL: SHOW COLUMNS FROM `cms_menu` [ RunTime:0.0019s ]
SQL: SELECT * FROM `cms_menu` WHERE `status` = 1 AND `type` = 0 ORDER BY listorder desc,menu_id desc  [ RunTime:0.0006s ]
NOTIC: [8] Undefined index: homeUser D:\zjklyw\Azjklynew\Common\Common\function.php 第 59 行.
INFO: Run Behavior\ParseTemplateBehavior [ RunTime:0.118428s ]
INFO: [ view_parse ] --END-- [ RunTime:0.118629s ]
INFO: [ view_filter ] --START--
INFO: Run Behavior\WriteHtmlCacheBehavior [ RunTime:0.001156s ]
INFO: [ view_filter ] --END-- [ RunTime:0.001431s ]
INFO: [ app_end ] --START--
INFO: Run Behavior\ShowPageTraceBehavior [ RunTime:0.001542s ]
INFO: [ app_end ] --END-- [ RunTime:0.001824s ]

[ 2017-07-30T19:57:19+08:00 ] 127.0.0.1 /index.php?c=index&a=getCount
INFO: [ app_init ] --START--
INFO: Run Behavior\BuildLiteBehavior [ RunTime:0.000030s ]
INFO: [ app_init ] --END-- [ RunTime:0.000512s ]
INFO: [ app_begin ] --START--
INFO: Run Behavior\ReadHtmlCacheBehavior [ RunTime:0.000748s ]
INFO: [ app_begin ] --END-- [ RunTime:0.000926s ]
NOTIC: [2048] Declaration of Home\Controller\CommonController::error() should be compatible with Think\Controller::error($message = '', $jumpUrl = '', $ajax = false) D:\zjklyw\Azjklynew\Home\Controller\CommonController.class.php 第 38 行.
NOTIC: [2048] Declaration of Common\Model\NewsModel::find() should be compatible with Think\Model::find($options = Array) D:\zjklyw\Azjklynew\Common\Model\NewsModel.class.php 第 6 行.
SQL: SHOW COLUMNS FROM `cms_news` [ RunTime:0.0020s ]
SQL: SELECT * FROM `cms_news` WHERE `news_id` IN ('161','178','171','142')  [ RunTime:0.0006s ]

[ 2017-07-30T19:57:21+08:00 ] 127.0.0.1 /
INFO: [ app_init ] --START--
INFO: Run Behavior\BuildLiteBehavior [ RunTime:0.000022s ]
INFO: [ app_init ] --END-- [ RunTime:0.000411s ]
INFO: [ app_begin ] --START--
INFO: Run Behavior\ReadHtmlCacheBehavior [ RunTime:0.000604s ]
INFO: [ app_begin ] --END-- [ RunTime:0.000724s ]
NOTIC: [2048] Declaration of Home\Controller\CommonController::error() should be compatible with Think\Controller::error($message = '', $jumpUrl = '', $ajax = false) D:\zjklyw\Azjklynew\Home\Controller\CommonController.class.php 第 38 行.
NOTIC: [2048] Declaration of Common\Model\NewsModel::find() should be compatible with Think\Model::find($options = Array) D:\zjklyw\Azjklynew\Common\Model\NewsModel.class.php 第 6 行.
SQL: SHOW COLUMNS FROM `cms_news` [ RunTime:0.0010s ]
SQL: SELECT * FROM `cms_news` WHERE `status` = 1 ORDER BY count desc,news_id desc  LIMIT 10   [ RunTime:0.0009s ]
NOTIC: [2048] Declaration of Common\Model\PositionContentModel::find() should be compatible with Think\Model::find($options = Array) D:\zjklyw\Azjklynew\Common\Model\PositionContentModel.class.php 第 87 行.
SQL: SHOW COLUMNS FROM `cms_position_content` [ RunTime:0.0008s ]
NOTIC: [8] Undefined index: title D:\zjklyw\Azjklynew\Common\Model\PositionContentModel.class.php 第 18 行.
SQL: SELECT * FROM `cms_position_content` WHERE `status` = 1 AND `position_id` = 7 ORDER BY listorder desc ,id desc LIMIT 4   [ RunTime:0.0003s ]
NOTIC: [8] Undefined index: title D:\zjklyw\Azjklynew\Common\Model\PositionContentModel.class.php 第 18 行.
SQL: SELECT * FROM `cms_position_content` WHERE `status` = 1 AND `position_id` = 8 ORDER BY listorder desc ,id desc LIMIT 4   [ RunTime:0.0003s ]
NOTIC: [8] Undefined index: title D:\zjklyw\Azjklynew\Common\Model\PositionContentModel.class.php 第 18 行.
SQL: SELECT * FROM `cms_position_content` WHERE `status` = 1 AND `position_id` = 9 ORDER BY listorder desc ,id desc LIMIT 5   [ RunTime:0.0003s ]
NOTIC: [8] Undefined index: title D:\zjklyw\Azjklynew\Common\Model\PositionContentModel.class.php 第 18 行.
SQL: SELECT * FROM `cms_position_content` WHERE `status` = 1 AND `position_id` = 10 ORDER BY listorder desc ,id desc LIMIT 4   [ RunTime:0.0002s ]
NOTIC: [8] Undefined index: title D:\zjklyw\Azjklynew\Common\Model\PositionContentModel.class.php 第 18 行.
SQL: SELECT * FROM `cms_position_content` WHERE `status` = 1 AND `position_id` = 11 ORDER BY listorder desc ,id desc LIMIT 8   [ RunTime:0.0003s ]
INFO: [ view_parse ] --START--
INFO: [ template_filter ] --START--
INFO: Run Behavior\ContentReplaceBehavior [ RunTime:0.000150s ]
INFO: [ template_filter ] --END-- [ RunTime:0.000263s ]
NOTIC: [2048] Declaration of Common\Model\BasicModel::save() should be compatible with Think\Model::save($data = '', $options = Array) D:\zjklyw\Azjklynew\Common\Model\BasicModel.class.php 第 30 行.
NOTIC: [2048] Declaration of Common\Model\BasicModel::select() should be compatible with Think\Model::select($options = Array) D:\zjklyw\Azjklynew\Common\Model\BasicModel.class.php 第 30 行.
NOTIC: [2048] Declaration of Common\Model\MenuModel::find() should be compatible with Think\Model::find($options = Array) D:\zjklyw\Azjklynew\Common\Model\MenuModel.class.php 第 103 行.
SQL: SHOW COLUMNS FROM `cms_menu` [ RunTime:0.0016s ]
SQL: SELECT * FROM `cms_menu` WHERE `status` = 1 AND `type` = 0 ORDER BY listorder desc,menu_id desc  [ RunTime:0.0005s ]
NOTIC: [8] Undefined index: homeUser D:\zjklyw\Azjklynew\Common\Common\function.php 第 59 行.
INFO: Run Behavior\ParseTemplateBehavior [ RunTime:0.100427s ]
INFO: [ view_parse ] --END-- [ RunTime:0.100627s ]
INFO: [ view_filter ] --START--
INFO: Run Behavior\WriteHtmlCacheBehavior [ RunTime:0.001085s ]
INFO: [ view_filter ] --END-- [ RunTime:0.001347s ]
INFO: [ app_end ] --START--
INFO: Run Behavior\ShowPageTraceBehavior [ RunTime:0.001734s ]
INFO: [ app_end ] --END-- [ RunTime:0.002007s ]

[ 2017-07-30T19:57:21+08:00 ] 127.0.0.1 /index.php?c=index&a=getCount
INFO: [ app_init ] --START--
INFO: Run Behavior\BuildLiteBehavior [ RunTime:0.000057s ]
INFO: [ app_init ] --END-- [ RunTime:0.001010s ]
INFO: [ app_begin ] --START--
INFO: Run Behavior\ReadHtmlCacheBehavior [ RunTime:0.000554s ]
INFO: [ app_begin ] --END-- [ RunTime:0.000681s ]
NOTIC: [2048] Declaration of Home\Controller\CommonController::error() should be compatible with Think\Controller::error($message = '', $jumpUrl = '', $ajax = false) D:\zjklyw\Azjklynew\Home\Controller\CommonController.class.php 第 38 行.
NOTIC: [2048] Declaration of Common\Model\NewsModel::find() should be compatible with Think\Model::find($options = Array) D:\zjklyw\Azjklynew\Common\Model\NewsModel.class.php 第 6 行.
SQL: SHOW COLUMNS FROM `cms_news` [ RunTime:0.0010s ]
SQL: SELECT * FROM `cms_news` WHERE `news_id` IN ('161','178','171','142')  [ RunTime:0.0004s ]

[ 2017-07-30T19:58:28+08:00 ] 127.0.0.1 /
INFO: [ app_init ] --START--
INFO: Run Behavior\BuildLiteBehavior [ RunTime:0.000023s ]
INFO: [ app_init ] --END-- [ RunTime:0.000413s ]
INFO: [ app_begin ] --START--
INFO: Run Behavior\ReadHtmlCacheBehavior [ RunTime:0.000532s ]
INFO: [ app_begin ] --END-- [ RunTime:0.000649s ]
NOTIC: [2048] Declaration of Home\Controller\CommonController::error() should be compatible with Think\Controller::error($message = '', $jumpUrl = '', $ajax = false) D:\zjklyw\Azjklynew\Home\Controller\CommonController.class.php 第 38 行.
NOTIC: [2048] Declaration of Common\Model\NewsModel::find() should be compatible with Think\Model::find($options = Array) D:\zjklyw\Azjklynew\Common\Model\NewsModel.class.php 第 6 行.
SQL: SHOW COLUMNS FROM `cms_news` [ RunTime:0.0009s ]
SQL: SELECT * FROM `cms_news` WHERE `status` = 1 ORDER BY count desc,news_id desc  LIMIT 10   [ RunTime:0.0009s ]
NOTIC: [2048] Declaration of Common\Model\PositionContentModel::find() should be compatible with Think\Model::find($options = Array) D:\zjklyw\Azjklynew\Common\Model\PositionContentModel.class.php 第 87 行.
SQL: SHOW COLUMNS FROM `cms_position_content` [ RunTime:0.0007s ]
NOTIC: [8] Undefined index: title D:\zjklyw\Azjklynew\Common\Model\PositionContentModel.class.php 第 18 行.
SQL: SELECT * FROM `cms_position_content` WHERE `status` = 1 AND `position_id` = 7 ORDER BY listorder desc ,id desc LIMIT 4   [ RunTime:0.0003s ]
NOTIC: [8] Undefined index: title D:\zjklyw\Azjklynew\Common\Model\PositionContentModel.class.php 第 18 行.
SQL: SELECT * FROM `cms_position_content` WHERE `status` = 1 AND `position_id` = 8 ORDER BY listorder desc ,id desc LIMIT 4   [ RunTime:0.0003s ]
NOTIC: [8] Undefined index: title D:\zjklyw\Azjklynew\Common\Model\PositionContentModel.class.php 第 18 行.
SQL: SELECT * FROM `cms_position_content` WHERE `status` = 1 AND `position_id` = 9 ORDER BY listorder desc ,id desc LIMIT 5   [ RunTime:0.0003s ]
NOTIC: [8] Undefined index: title D:\zjklyw\Azjklynew\Common\Model\PositionContentModel.class.php 第 18 行.
SQL: SELECT * FROM `cms_position_content` WHERE `status` = 1 AND `position_id` = 10 ORDER BY listorder desc ,id desc LIMIT 4   [ RunTime:0.0003s ]
NOTIC: [8] Undefined index: title D:\zjklyw\Azjklynew\Common\Model\PositionContentModel.class.php 第 18 行.
SQL: SELECT * FROM `cms_position_content` WHERE `status` = 1 AND `position_id` = 11 ORDER BY listorder desc ,id desc LIMIT 8   [ RunTime:0.0003s ]
INFO: [ view_parse ] --START--
INFO: [ template_filter ] --START--
INFO: Run Behavior\ContentReplaceBehavior [ RunTime:0.000151s ]
INFO: [ template_filter ] --END-- [ RunTime:0.000262s ]
NOTIC: [2048] Declaration of Common\Model\BasicModel::save() should be compatible with Think\Model::save($data = '', $options = Array) D:\zjklyw\Azjklynew\Common\Model\BasicModel.class.php 第 30 行.
NOTIC: [2048] Declaration of Common\Model\BasicModel::select() should be compatible with Think\Model::select($options = Array) D:\zjklyw\Azjklynew\Common\Model\BasicModel.class.php 第 30 行.
NOTIC: [2048] Declaration of Common\Model\MenuModel::find() should be compatible with Think\Model::find($options = Array) D:\zjklyw\Azjklynew\Common\Model\MenuModel.class.php 第 103 行.
SQL: SHOW COLUMNS FROM `cms_menu` [ RunTime:0.0018s ]
SQL: SELECT * FROM `cms_menu` WHERE `status` = 1 AND `type` = 0 ORDER BY listorder desc,menu_id desc  [ RunTime:0.0006s ]
NOTIC: [8] Undefined index: homeUser D:\zjklyw\Azjklynew\Common\Common\function.php 第 59 行.
INFO: Run Behavior\ParseTemplateBehavior [ RunTime:0.112442s ]
INFO: [ view_parse ] --END-- [ RunTime:0.112642s ]
INFO: [ view_filter ] --START--
INFO: Run Behavior\WriteHtmlCacheBehavior [ RunTime:0.000974s ]
INFO: [ view_filter ] --END-- [ RunTime:0.001248s ]
INFO: [ app_end ] --START--
INFO: Run Behavior\ShowPageTraceBehavior [ RunTime:0.001406s ]
INFO: [ app_end ] --END-- [ RunTime:0.001702s ]

[ 2017-07-30T19:58:28+08:00 ] 127.0.0.1 /index.php?c=index&a=getCount
INFO: [ app_init ] --START--
INFO: Run Behavior\BuildLiteBehavior [ RunTime:0.000040s ]
INFO: [ app_init ] --END-- [ RunTime:0.000661s ]
INFO: [ app_begin ] --START--
INFO: Run Behavior\ReadHtmlCacheBehavior [ RunTime:0.001073s ]
INFO: [ app_begin ] --END-- [ RunTime:0.001258s ]
NOTIC: [2048] Declaration of Home\Controller\CommonController::error() should be compatible with Think\Controller::error($message = '', $jumpUrl = '', $ajax = false) D:\zjklyw\Azjklynew\Home\Controller\CommonController.class.php 第 38 行.
NOTIC: [2048] Declaration of Common\Model\NewsModel::find() should be compatible with Think\Model::find($options = Array) D:\zjklyw\Azjklynew\Common\Model\NewsModel.class.php 第 6 行.
SQL: SHOW COLUMNS FROM `cms_news` [ RunTime:0.0013s ]
SQL: SELECT * FROM `cms_news` WHERE `news_id` IN ('161','178','171','142')  [ RunTime:0.0004s ]

[ 2017-07-30T19:58:48+08:00 ] 127.0.0.1 /
INFO: [ app_init ] --START--
INFO: Run Behavior\BuildLiteBehavior [ RunTime:0.000022s ]
INFO: [ app_init ] --END-- [ RunTime:0.000406s ]
INFO: [ app_begin ] --START--
INFO: Run Behavior\ReadHtmlCacheBehavior [ RunTime:0.000647s ]
INFO: [ app_begin ] --END-- [ RunTime:0.000765s ]
NOTIC: [2048] Declaration of Home\Controller\CommonController::error() should be compatible with Think\Controller::error($message = '', $jumpUrl = '', $ajax = false) D:\zjklyw\Azjklynew\Home\Controller\CommonController.class.php 第 38 行.
NOTIC: [2048] Declaration of Common\Model\NewsModel::find() should be compatible with Think\Model::find($options = Array) D:\zjklyw\Azjklynew\Common\Model\NewsModel.class.php 第 6 行.
SQL: SHOW COLUMNS FROM `cms_news` [ RunTime:0.0009s ]
SQL: SELECT * FROM `cms_news` WHERE `status` = 1 ORDER BY count desc,news_id desc  LIMIT 10   [ RunTime:0.0008s ]
NOTIC: [2048] Declaration of Common\Model\PositionContentModel::find() should be compatible with Think\Model::find($options = Array) D:\zjklyw\Azjklynew\Common\Model\PositionContentModel.class.php 第 87 行.
SQL: SHOW COLUMNS FROM `cms_position_content` [ RunTime:0.0007s ]
NOTIC: [8] Undefined index: title D:\zjklyw\Azjklynew\Common\Model\PositionContentModel.class.php 第 18 行.
SQL: SELECT * FROM `cms_position_content` WHERE `status` = 1 AND `position_id` = 7 ORDER BY listorder desc ,id desc LIMIT 4   [ RunTime:0.0003s ]
NOTIC: [8] Undefined index: title D:\zjklyw\Azjklynew\Common\Model\PositionContentModel.class.php 第 18 行.
SQL: SELECT * FROM `cms_position_content` WHERE `status` = 1 AND `position_id` = 8 ORDER BY listorder desc ,id desc LIMIT 4   [ RunTime:0.0003s ]
NOTIC: [8] Undefined index: title D:\zjklyw\Azjklynew\Common\Model\PositionContentModel.class.php 第 18 行.
SQL: SELECT * FROM `cms_position_content` WHERE `status` = 1 AND `position_id` = 9 ORDER BY listorder desc ,id desc LIMIT 5   [ RunTime:0.0003s ]
NOTIC: [8] Undefined index: title D:\zjklyw\Azjklynew\Common\Model\PositionContentModel.class.php 第 18 行.
SQL: SELECT * FROM `cms_position_content` WHERE `status` = 1 AND `position_id` = 10 ORDER BY listorder desc ,id desc LIMIT 4   [ RunTime:0.0003s ]
NOTIC: [8] Undefined index: title D:\zjklyw\Azjklynew\Common\Model\PositionContentModel.class.php 第 18 行.
SQL: SELECT * FROM `cms_position_content` WHERE `status` = 1 AND `position_id` = 11 ORDER BY listorder desc ,id desc LIMIT 8   [ RunTime:0.0003s ]
INFO: [ view_parse ] --START--
INFO: [ template_filter ] --START--
INFO: Run Behavior\ContentReplaceBehavior [ RunTime:0.000147s ]
INFO: [ template_filter ] --END-- [ RunTime:0.000263s ]
NOTIC: [2048] Declaration of Common\Model\BasicModel::save() should be compatible with Think\Model::save($data = '', $options = Array) D:\zjklyw\Azjklynew\Common\Model\BasicModel.class.php 第 30 行.
NOTIC: [2048] Declaration of Common\Model\BasicModel::select() should be compatible with Think\Model::select($options = Array) D:\zjklyw\Azjklynew\Common\Model\BasicModel.class.php 第 30 行.
NOTIC: [2048] Declaration of Common\Model\MenuModel::find() should be compatible with Think\Model::find($options = Array) D:\zjklyw\Azjklynew\Common\Model\MenuModel.class.php 第 103 行.
SQL: SHOW COLUMNS FROM `cms_menu` [ RunTime:0.0017s ]
SQL: SELECT * FROM `cms_menu` WHERE `status` = 1 AND `type` = 0 ORDER BY listorder desc,menu_id desc  [ RunTime:0.0005s ]
NOTIC: [8] Undefined index: homeUser D:\zjklyw\Azjklynew\Common\Common\function.php 第 59 行.
INFO: Run Behavior\ParseTemplateBehavior [ RunTime:0.088660s ]
INFO: [ view_parse ] --END-- [ RunTime:0.088857s ]
INFO: [ view_filter ] --START--
INFO: Run Behavior\WriteHtmlCacheBehavior [ RunTime:0.001099s ]
INFO: [ view_filter ] --END-- [ RunTime:0.001343s ]
INFO: [ app_end ] --START--
INFO: Run Behavior\ShowPageTraceBehavior [ RunTime:0.001554s ]
INFO: [ app_end ] --END-- [ RunTime:0.001825s ]

[ 2017-07-30T19:58:48+08:00 ] 127.0.0.1 /index.php?c=index&a=getCount
INFO: [ app_init ] --START--
INFO: Run Behavior\BuildLiteBehavior [ RunTime:0.000082s ]
INFO: [ app_init ] --END-- [ RunTime:0.001114s ]
INFO: [ app_begin ] --START--
INFO: Run Behavior\ReadHtmlCacheBehavior [ RunTime:0.001396s ]
INFO: [ app_begin ] --END-- [ RunTime:0.001645s ]
NOTIC: [2048] Declaration of Home\Controller\CommonController::error() should be compatible with Think\Controller::error($message = '', $jumpUrl = '', $ajax = false) D:\zjklyw\Azjklynew\Home\Controller\CommonController.class.php 第 38 行.
NOTIC: [2048] Declaration of Common\Model\NewsModel::find() should be compatible with Think\Model::find($options = Array) D:\zjklyw\Azjklynew\Common\Model\NewsModel.class.php 第 6 行.
SQL: SHOW COLUMNS FROM `cms_news` [ RunTime:0.0021s ]
SQL: SELECT * FROM `cms_news` WHERE `news_id` IN ('161','178','171','142')  [ RunTime:0.0009s ]

[ 2017-07-30T20:00:21+08:00 ] 127.0.0.1 /index.php?c=index&a=getCount
INFO: [ app_init ] --START--
INFO: Run Behavior\BuildLiteBehavior [ RunTime:0.000022s ]
INFO: [ app_init ] --END-- [ RunTime:0.000399s ]
INFO: [ app_begin ] --START--
INFO: Run Behavior\ReadHtmlCacheBehavior [ RunTime:0.000578s ]
INFO: [ app_begin ] --END-- [ RunTime:0.000680s ]
NOTIC: [2048] Declaration of Home\Controller\CommonController::error() should be compatible with Think\Controller::error($message = '', $jumpUrl = '', $ajax = false) D:\zjklyw\Azjklynew\Home\Controller\CommonController.class.php 第 38 行.
NOTIC: [2048] Declaration of Common\Model\NewsModel::find() should be compatible with Think\Model::find($options = Array) D:\zjklyw\Azjklynew\Common\Model\NewsModel.class.php 第 6 行.
SQL: SHOW COLUMNS FROM `cms_news` [ RunTime:0.0007s ]
SQL: SELECT * FROM `cms_news` WHERE `news_id` IN ('161','178','171','142')  [ RunTime:0.0004s ]

[ 2017-07-30T20:00:27+08:00 ] 127.0.0.1 /
INFO: [ app_init ] --START--
INFO: Run Behavior\BuildLiteBehavior [ RunTime:0.000023s ]
INFO: [ app_init ] --END-- [ RunTime:0.000412s ]
INFO: [ app_begin ] --START--
INFO: Run Behavior\ReadHtmlCacheBehavior [ RunTime:0.000634s ]
INFO: [ app_begin ] --END-- [ RunTime:0.000755s ]
NOTIC: [2048] Declaration of Home\Controller\CommonController::error() should be compatible with Think\Controller::error($message = '', $jumpUrl = '', $ajax = false) D:\zjklyw\Azjklynew\Home\Controller\CommonController.class.php 第 38 行.
NOTIC: [2048] Declaration of Common\Model\NewsModel::find() should be compatible with Think\Model::find($options = Array) D:\zjklyw\Azjklynew\Common\Model\NewsModel.class.php 第 6 行.
SQL: SHOW COLUMNS FROM `cms_news` [ RunTime:0.0006s ]
SQL: SELECT * FROM `cms_news` WHERE `status` = 1 ORDER BY count desc,news_id desc  LIMIT 10   [ RunTime:0.0012s ]
NOTIC: [2048] Declaration of Common\Model\PositionContentModel::find() should be compatible with Think\Model::find($options = Array) D:\zjklyw\Azjklynew\Common\Model\PositionContentModel.class.php 第 87 行.
SQL: SHOW COLUMNS FROM `cms_position_content` [ RunTime:0.0008s ]
NOTIC: [8] Undefined index: title D:\zjklyw\Azjklynew\Common\Model\PositionContentModel.class.php 第 18 行.
SQL: SELECT * FROM `cms_position_content` WHERE `status` = 1 AND `position_id` = 7 ORDER BY listorder desc ,id desc LIMIT 4   [ RunTime:0.0003s ]
NOTIC: [8] Undefined index: title D:\zjklyw\Azjklynew\Common\Model\PositionContentModel.class.php 第 18 行.
SQL: SELECT * FROM `cms_position_content` WHERE `status` = 1 AND `position_id` = 8 ORDER BY listorder desc ,id desc LIMIT 4   [ RunTime:0.0003s ]
NOTIC: [8] Undefined index: title D:\zjklyw\Azjklynew\Common\Model\PositionContentModel.class.php 第 18 行.
SQL: SELECT * FROM `cms_position_content` WHERE `status` = 1 AND `position_id` = 9 ORDER BY listorder desc ,id desc LIMIT 5   [ RunTime:0.0006s ]
NOTIC: [8] Undefined index: title D:\zjklyw\Azjklynew\Common\Model\PositionContentModel.class.php 第 18 行.
SQL: SELECT * FROM `cms_position_content` WHERE `status` = 1 AND `position_id` = 10 ORDER BY listorder desc ,id desc LIMIT 4   [ RunTime:0.0006s ]
NOTIC: [8] Undefined index: title D:\zjklyw\Azjklynew\Common\Model\PositionContentModel.class.php 第 18 行.
SQL: SELECT * FROM `cms_position_content` WHERE `status` = 1 AND `position_id` = 11 ORDER BY listorder desc ,id desc LIMIT 8   [ RunTime:0.0006s ]
INFO: [ view_parse ] --START--
INFO: [ template_filter ] --START--
INFO: Run Behavior\ContentReplaceBehavior [ RunTime:0.000155s ]
INFO: [ template_filter ] --END-- [ RunTime:0.000264s ]
NOTIC: [2048] Declaration of Common\Model\BasicModel::save() should be compatible with Think\Model::save($data = '', $options = Array) D:\zjklyw\Azjklynew\Common\Model\BasicModel.class.php 第 30 行.
NOTIC: [2048] Declaration of Common\Model\BasicModel::select() should be compatible with Think\Model::select($options = Array) D:\zjklyw\Azjklynew\Common\Model\BasicModel.class.php 第 30 行.
NOTIC: [2048] Declaration of Common\Model\MenuModel::find() should be compatible with Think\Model::find($options = Array) D:\zjklyw\Azjklynew\Common\Model\MenuModel.class.php 第 103 行.
SQL: SHOW COLUMNS FROM `cms_menu` [ RunTime:0.0011s ]
SQL: SELECT * FROM `cms_menu` WHERE `status` = 1 AND `type` = 0 ORDER BY listorder desc,menu_id desc  [ RunTime:0.0003s ]
NOTIC: [8] Undefined index: homeUser D:\zjklyw\Azjklynew\Common\Common\function.php 第 59 行.
INFO: Run Behavior\ParseTemplateBehavior [ RunTime:0.116476s ]
INFO: [ view_parse ] --END-- [ RunTime:0.116677s ]
INFO: [ view_filter ] --START--
INFO: Run Behavior\WriteHtmlCacheBehavior [ RunTime:0.001110s ]
INFO: [ view_filter ] --END-- [ RunTime:0.001371s ]
INFO: [ app_end ] --START--
INFO: Run Behavior\ShowPageTraceBehavior [ RunTime:0.001650s ]
INFO: [ app_end ] --END-- [ RunTime:0.002019s ]

[ 2017-07-30T20:00:27+08:00 ] 127.0.0.1 /index.php?c=index&a=getCount
INFO: [ app_init ] --START--
INFO: Run Behavior\BuildLiteBehavior [ RunTime:0.000024s ]
INFO: [ app_init ] --END-- [ RunTime:0.000431s ]
INFO: [ app_begin ] --START--
INFO: Run Behavior\ReadHtmlCacheBehavior [ RunTime:0.000932s ]
INFO: [ app_begin ] --END-- [ RunTime:0.001057s ]
NOTIC: [2048] Declaration of Home\Controller\CommonController::error() should be compatible with Think\Controller::error($message = '', $jumpUrl = '', $ajax = false) D:\zjklyw\Azjklynew\Home\Controller\CommonController.class.php 第 38 行.
NOTIC: [2048] Declaration of Common\Model\NewsModel::find() should be compatible with Think\Model::find($options = Array) D:\zjklyw\Azjklynew\Common\Model\NewsModel.class.php 第 6 行.
SQL: SHOW COLUMNS FROM `cms_news` [ RunTime:0.0006s ]
SQL: SELECT * FROM `cms_news` WHERE `news_id` IN ('161','178','171','142')  [ RunTime:0.0003s ]

[ 2017-07-30T20:00:51+08:00 ] 127.0.0.1 /
INFO: [ app_init ] --START--
INFO: Run Behavior\BuildLiteBehavior [ RunTime:0.000026s ]
INFO: [ app_init ] --END-- [ RunTime:0.000435s ]
INFO: [ app_begin ] --START--
INFO: Run Behavior\ReadHtmlCacheBehavior [ RunTime:0.000725s ]
INFO: [ app_begin ] --END-- [ RunTime:0.000865s ]
NOTIC: [2048] Declaration of Home\Controller\CommonController::error() should be compatible with Think\Controller::error($message = '', $jumpUrl = '', $ajax = false) D:\zjklyw\Azjklynew\Home\Controller\CommonController.class.php 第 38 行.
NOTIC: [2048] Declaration of Common\Model\NewsModel::find() should be compatible with Think\Model::find($options = Array) D:\zjklyw\Azjklynew\Common\Model\NewsModel.class.php 第 6 行.
SQL: SHOW COLUMNS FROM `cms_news` [ RunTime:0.0007s ]
SQL: SELECT * FROM `cms_news` WHERE `status` = 1 ORDER BY count desc,news_id desc  LIMIT 10   [ RunTime:0.0010s ]
NOTIC: [2048] Declaration of Common\Model\PositionContentModel::find() should be compatible with Think\Model::find($options = Array) D:\zjklyw\Azjklynew\Common\Model\PositionContentModel.class.php 第 87 行.
SQL: SHOW COLUMNS FROM `cms_position_content` [ RunTime:0.0008s ]
NOTIC: [8] Undefined index: title D:\zjklyw\Azjklynew\Common\Model\PositionContentModel.class.php 第 18 行.
SQL: SELECT * FROM `cms_position_content` WHERE `status` = 1 AND `position_id` = 7 ORDER BY listorder desc ,id desc LIMIT 4   [ RunTime:0.0004s ]
NOTIC: [8] Undefined index: title D:\zjklyw\Azjklynew\Common\Model\PositionContentModel.class.php 第 18 行.
SQL: SELECT * FROM `cms_position_content` WHERE `status` = 1 AND `position_id` = 8 ORDER BY listorder desc ,id desc LIMIT 4   [ RunTime:0.0003s ]
NOTIC: [8] Undefined index: title D:\zjklyw\Azjklynew\Common\Model\PositionContentModel.class.php 第 18 行.
SQL: SELECT * FROM `cms_position_content` WHERE `status` = 1 AND `position_id` = 9 ORDER BY listorder desc ,id desc LIMIT 5   [ RunTime:0.0003s ]
NOTIC: [8] Undefined index: title D:\zjklyw\Azjklynew\Common\Model\PositionContentModel.class.php 第 18 行.
SQL: SELECT * FROM `cms_position_content` WHERE `status` = 1 AND `position_id` = 10 ORDER BY listorder desc ,id desc LIMIT 4   [ RunTime:0.0003s ]
NOTIC: [8] Undefined index: title D:\zjklyw\Azjklynew\Common\Model\PositionContentModel.class.php 第 18 行.
SQL: SELECT * FROM `cms_position_content` WHERE `status` = 1 AND `position_id` = 11 ORDER BY listorder desc ,id desc LIMIT 8   [ RunTime:0.0003s ]
INFO: [ view_parse ] --START--
INFO: [ template_filter ] --START--
INFO: Run Behavior\ContentReplaceBehavior [ RunTime:0.000158s ]
INFO: [ template_filter ] --END-- [ RunTime:0.000274s ]
NOTIC: [2048] Declaration of Common\Model\BasicModel::save() should be compatible with Think\Model::save($data = '', $options = Array) D:\zjklyw\Azjklynew\Common\Model\BasicModel.class.php 第 30 行.
NOTIC: [2048] Declaration of Common\Model\BasicModel::select() should be compatible with Think\Model::select($options = Array) D:\zjklyw\Azjklynew\Common\Model\BasicModel.class.php 第 30 行.
NOTIC: [2048] Declaration of Common\Model\MenuModel::find() should be compatible with Think\Model::find($options = Array) D:\zjklyw\Azjklynew\Common\Model\MenuModel.class.php 第 103 行.
SQL: SHOW COLUMNS FROM `cms_menu` [ RunTime:0.0017s ]
SQL: SELECT * FROM `cms_menu` WHERE `status` = 1 AND `type` = 0 ORDER BY listorder desc,menu_id desc  [ RunTime:0.0005s ]
NOTIC: [8] Undefined index: homeUser D:\zjklyw\Azjklynew\Common\Common\function.php 第 59 行.
INFO: Run Behavior\ParseTemplateBehavior [ RunTime:0.104071s ]
INFO: [ view_parse ] --END-- [ RunTime:0.104206s ]
INFO: [ view_filter ] --START--
INFO: Run Behavior\WriteHtmlCacheBehavior [ RunTime:0.000671s ]
INFO: [ view_filter ] --END-- [ RunTime:0.000816s ]
INFO: [ app_end ] --START--
INFO: Run Behavior\ShowPageTraceBehavior [ RunTime:0.001047s ]
INFO: [ app_end ] --END-- [ RunTime:0.001214s ]

[ 2017-07-30T20:00:51+08:00 ] 127.0.0.1 /index.php?c=index&a=getCount
INFO: [ app_init ] --START--
INFO: Run Behavior\BuildLiteBehavior [ RunTime:0.000033s ]
INFO: [ app_init ] --END-- [ RunTime:0.000572s ]
INFO: [ app_begin ] --START--
INFO: Run Behavior\ReadHtmlCacheBehavior [ RunTime:0.000831s ]
INFO: [ app_begin ] --END-- [ RunTime:0.000982s ]
NOTIC: [2048] Declaration of Home\Controller\CommonController::error() should be compatible with Think\Controller::error($message = '', $jumpUrl = '', $ajax = false) D:\zjklyw\Azjklynew\Home\Controller\CommonController.class.php 第 38 行.
NOTIC: [2048] Declaration of Common\Model\NewsModel::find() should be compatible with Think\Model::find($options = Array) D:\zjklyw\Azjklynew\Common\Model\NewsModel.class.php 第 6 行.
SQL: SHOW COLUMNS FROM `cms_news` [ RunTime:0.0007s ]
SQL: SELECT * FROM `cms_news` WHERE `news_id` IN ('161','178','171','142')  [ RunTime:0.0006s ]

[ 2017-07-30T20:01:10+08:00 ] 127.0.0.1 /
INFO: [ app_init ] --START--
INFO: Run Behavior\BuildLiteBehavior [ RunTime:0.000023s ]
INFO: [ app_init ] --END-- [ RunTime:0.000407s ]
INFO: [ app_begin ] --START--
INFO: Run Behavior\ReadHtmlCacheBehavior [ RunTime:0.000618s ]
INFO: [ app_begin ] --END-- [ RunTime:0.000746s ]
NOTIC: [2048] Declaration of Home\Controller\CommonController::error() should be compatible with Think\Controller::error($message = '', $jumpUrl = '', $ajax = false) D:\zjklyw\Azjklynew\Home\Controller\CommonController.class.php 第 38 行.
NOTIC: [2048] Declaration of Common\Model\NewsModel::find() should be compatible with Think\Model::find($options = Array) D:\zjklyw\Azjklynew\Common\Model\NewsModel.class.php 第 6 行.
SQL: SHOW COLUMNS FROM `cms_news` [ RunTime:0.0014s ]
SQL: SELECT * FROM `cms_news` WHERE `status` = 1 ORDER BY count desc,news_id desc  LIMIT 10   [ RunTime:0.0019s ]
NOTIC: [2048] Declaration of Common\Model\PositionContentModel::find() should be compatible with Think\Model::find($options = Array) D:\zjklyw\Azjklynew\Common\Model\PositionContentModel.class.php 第 87 行.
SQL: SHOW COLUMNS FROM `cms_position_content` [ RunTime:0.0017s ]
NOTIC: [8] Undefined index: title D:\zjklyw\Azjklynew\Common\Model\PositionContentModel.class.php 第 18 行.
SQL: SELECT * FROM `cms_position_content` WHERE `status` = 1 AND `position_id` = 7 ORDER BY listorder desc ,id desc LIMIT 4   [ RunTime:0.0006s ]
NOTIC: [8] Undefined index: title D:\zjklyw\Azjklynew\Common\Model\PositionContentModel.class.php 第 18 行.
SQL: SELECT * FROM `cms_position_content` WHERE `status` = 1 AND `position_id` = 8 ORDER BY listorder desc ,id desc LIMIT 4   [ RunTime:0.0005s ]
NOTIC: [8] Undefined index: title D:\zjklyw\Azjklynew\Common\Model\PositionContentModel.class.php 第 18 行.
SQL: SELECT * FROM `cms_position_content` WHERE `status` = 1 AND `position_id` = 9 ORDER BY listorder desc ,id desc LIMIT 5   [ RunTime:0.0006s ]
NOTIC: [8] Undefined index: title D:\zjklyw\Azjklynew\Common\Model\PositionContentModel.class.php 第 18 行.
SQL: SELECT * FROM `cms_position_content` WHERE `status` = 1 AND `position_id` = 10 ORDER BY listorder desc ,id desc LIMIT 4   [ RunTime:0.0005s ]
NOTIC: [8] Undefined index: title D:\zjklyw\Azjklynew\Common\Model\PositionContentModel.class.php 第 18 行.
SQL: SELECT * FROM `cms_position_content` WHERE `status` = 1 AND `position_id` = 11 ORDER BY listorder desc ,id desc LIMIT 8   [ RunTime:0.0006s ]
INFO: [ view_parse ] --START--
INFO: [ template_filter ] --START--
INFO: Run Behavior\ContentReplaceBehavior [ RunTime:0.000150s ]
INFO: [ template_filter ] --END-- [ RunTime:0.000263s ]
NOTIC: [2048] Declaration of Common\Model\BasicModel::save() should be compatible with Think\Model::save($data = '', $options = Array) D:\zjklyw\Azjklynew\Common\Model\BasicModel.class.php 第 30 行.
NOTIC: [2048] Declaration of Common\Model\BasicModel::select() should be compatible with Think\Model::select($options = Array) D:\zjklyw\Azjklynew\Common\Model\BasicModel.class.php 第 30 行.
NOTIC: [2048] Declaration of Common\Model\MenuModel::find() should be compatible with Think\Model::find($options = Array) D:\zjklyw\Azjklynew\Common\Model\MenuModel.class.php 第 103 行.
SQL: SHOW COLUMNS FROM `cms_menu` [ RunTime:0.0017s ]
SQL: SELECT * FROM `cms_menu` WHERE `status` = 1 AND `type` = 0 ORDER BY listorder desc,menu_id desc  [ RunTime:0.0006s ]
NOTIC: [8] Undefined index: homeUser D:\zjklyw\Azjklynew\Common\Common\function.php 第 59 行.
INFO: Run Behavior\ParseTemplateBehavior [ RunTime:0.110272s ]
INFO: [ view_parse ] --END-- [ RunTime:0.110472s ]
INFO: [ view_filter ] --START--
INFO: Run Behavior\WriteHtmlCacheBehavior [ RunTime:0.001177s ]
INFO: [ view_filter ] --END-- [ RunTime:0.001442s ]
INFO: [ app_end ] --START--
INFO: Run Behavior\ShowPageTraceBehavior [ RunTime:0.001932s ]
INFO: [ app_end ] --END-- [ RunTime:0.002232s ]

[ 2017-07-30T20:01:10+08:00 ] 127.0.0.1 /index.php?c=index&a=getCount
INFO: [ app_init ] --START--
INFO: Run Behavior\BuildLiteBehavior [ RunTime:0.000062s ]
INFO: [ app_init ] --END-- [ RunTime:0.000983s ]
INFO: [ app_begin ] --START--
INFO: Run Behavior\ReadHtmlCacheBehavior [ RunTime:0.001430s ]
INFO: [ app_begin ] --END-- [ RunTime:0.001733s ]
NOTIC: [2048] Declaration of Home\Controller\CommonController::error() should be compatible with Think\Controller::error($message = '', $jumpUrl = '', $ajax = false) D:\zjklyw\Azjklynew\Home\Controller\CommonController.class.php 第 38 行.
NOTIC: [2048] Declaration of Common\Model\NewsModel::find() should be compatible with Think\Model::find($options = Array) D:\zjklyw\Azjklynew\Common\Model\NewsModel.class.php 第 6 行.
SQL: SHOW COLUMNS FROM `cms_news` [ RunTime:0.0008s ]
SQL: SELECT * FROM `cms_news` WHERE `news_id` IN ('161','178','171','142')  [ RunTime:0.0004s ]

[ 2017-07-30T20:04:02+08:00 ] 127.0.0.1 /
INFO: [ app_init ] --START--
INFO: Run Behavior\BuildLiteBehavior [ RunTime:0.000022s ]
INFO: [ app_init ] --END-- [ RunTime:0.000478s ]
INFO: [ app_begin ] --START--
INFO: Run Behavior\ReadHtmlCacheBehavior [ RunTime:0.000722s ]
INFO: [ app_begin ] --END-- [ RunTime:0.000850s ]
NOTIC: [2048] Declaration of Home\Controller\CommonController::error() should be compatible with Think\Controller::error($message = '', $jumpUrl = '', $ajax = false) D:\zjklyw\Azjklynew\Home\Controller\CommonController.class.php 第 38 行.
NOTIC: [2048] Declaration of Common\Model\NewsModel::find() should be compatible with Think\Model::find($options = Array) D:\zjklyw\Azjklynew\Common\Model\NewsModel.class.php 第 6 行.
SQL: SHOW COLUMNS FROM `cms_news` [ RunTime:0.0024s ]
SQL: SELECT * FROM `cms_news` WHERE `status` = 1 ORDER BY count desc,news_id desc  LIMIT 10   [ RunTime:0.0012s ]
NOTIC: [2048] Declaration of Common\Model\PositionContentModel::find() should be compatible with Think\Model::find($options = Array) D:\zjklyw\Azjklynew\Common\Model\PositionContentModel.class.php 第 87 行.
SQL: SHOW COLUMNS FROM `cms_position_content` [ RunTime:0.0010s ]
NOTIC: [8] Undefined index: title D:\zjklyw\Azjklynew\Common\Model\PositionContentModel.class.php 第 18 行.
SQL: SELECT * FROM `cms_position_content` WHERE `status` = 1 AND `position_id` = 7 ORDER BY listorder desc ,id desc LIMIT 4   [ RunTime:0.0003s ]
NOTIC: [8] Undefined index: title D:\zjklyw\Azjklynew\Common\Model\PositionContentModel.class.php 第 18 行.
SQL: SELECT * FROM `cms_position_content` WHERE `status` = 1 AND `position_id` = 8 ORDER BY listorder desc ,id desc LIMIT 4   [ RunTime:0.0002s ]
NOTIC: [8] Undefined index: title D:\zjklyw\Azjklynew\Common\Model\PositionContentModel.class.php 第 18 行.
SQL: SELECT * FROM `cms_position_content` WHERE `status` = 1 AND `position_id` = 9 ORDER BY listorder desc ,id desc LIMIT 5   [ RunTime:0.0002s ]
NOTIC: [8] Undefined index: title D:\zjklyw\Azjklynew\Common\Model\PositionContentModel.class.php 第 18 行.
SQL: SELECT * FROM `cms_position_content` WHERE `status` = 1 AND `position_id` = 10 ORDER BY listorder desc ,id desc LIMIT 4   [ RunTime:0.0002s ]
NOTIC: [8] Undefined index: title D:\zjklyw\Azjklynew\Common\Model\PositionContentModel.class.php 第 18 行.
SQL: SELECT * FROM `cms_position_content` WHERE `status` = 1 AND `position_id` = 11 ORDER BY listorder desc ,id desc LIMIT 8   [ RunTime:0.0002s ]
INFO: [ view_parse ] --START--
INFO: [ template_filter ] --START--
INFO: Run Behavior\ContentReplaceBehavior [ RunTime:0.000160s ]
INFO: [ template_filter ] --END-- [ RunTime:0.000276s ]
NOTIC: [2048] Declaration of Common\Model\BasicModel::save() should be compatible with Think\Model::save($data = '', $options = Array) D:\zjklyw\Azjklynew\Common\Model\BasicModel.class.php 第 30 行.
NOTIC: [2048] Declaration of Common\Model\BasicModel::select() should be compatible with Think\Model::select($options = Array) D:\zjklyw\Azjklynew\Common\Model\BasicModel.class.php 第 30 行.
NOTIC: [2048] Declaration of Common\Model\MenuModel::find() should be compatible with Think\Model::find($options = Array) D:\zjklyw\Azjklynew\Common\Model\MenuModel.class.php 第 103 行.
SQL: SHOW COLUMNS FROM `cms_menu` [ RunTime:0.0010s ]
SQL: SELECT * FROM `cms_menu` WHERE `status` = 1 AND `type` = 0 ORDER BY listorder desc,menu_id desc  [ RunTime:0.0003s ]
NOTIC: [8] Undefined index: homeUser D:\zjklyw\Azjklynew\Common\Common\function.php 第 59 行.
INFO: Run Behavior\ParseTemplateBehavior [ RunTime:0.105797s ]
INFO: [ view_parse ] --END-- [ RunTime:0.105906s ]
INFO: [ view_filter ] --START--
INFO: Run Behavior\WriteHtmlCacheBehavior [ RunTime:0.000487s ]
INFO: [ view_filter ] --END-- [ RunTime:0.000586s ]
INFO: [ app_end ] --START--
INFO: Run Behavior\ShowPageTraceBehavior [ RunTime:0.000893s ]
INFO: [ app_end ] --END-- [ RunTime:0.001045s ]

[ 2017-07-30T20:04:02+08:00 ] 127.0.0.1 /index.php?c=index&a=getCount
INFO: [ app_init ] --START--
INFO: Run Behavior\BuildLiteBehavior [ RunTime:0.000023s ]
INFO: [ app_init ] --END-- [ RunTime:0.000425s ]
INFO: [ app_begin ] --START--
INFO: Run Behavior\ReadHtmlCacheBehavior [ RunTime:0.000686s ]
INFO: [ app_begin ] --END-- [ RunTime:0.000801s ]
NOTIC: [2048] Declaration of Home\Controller\CommonController::error() should be compatible with Think\Controller::error($message = '', $jumpUrl = '', $ajax = false) D:\zjklyw\Azjklynew\Home\Controller\CommonController.class.php 第 38 行.
NOTIC: [2048] Declaration of Common\Model\NewsModel::find() should be compatible with Think\Model::find($options = Array) D:\zjklyw\Azjklynew\Common\Model\NewsModel.class.php 第 6 行.
SQL: SHOW COLUMNS FROM `cms_news` [ RunTime:0.0015s ]
SQL: SELECT * FROM `cms_news` WHERE `news_id` IN ('161','178','171','142')  [ RunTime:0.0007s ]

[ 2017-07-30T20:04:28+08:00 ] 127.0.0.1 /
INFO: [ app_init ] --START--
INFO: Run Behavior\BuildLiteBehavior [ RunTime:0.000038s ]
INFO: [ app_init ] --END-- [ RunTime:0.000604s ]
INFO: [ app_begin ] --START--
INFO: Run Behavior\ReadHtmlCacheBehavior [ RunTime:0.000624s ]
INFO: [ app_begin ] --END-- [ RunTime:0.000747s ]
NOTIC: [2048] Declaration of Home\Controller\CommonController::error() should be compatible with Think\Controller::error($message = '', $jumpUrl = '', $ajax = false) D:\zjklyw\Azjklynew\Home\Controller\CommonController.class.php 第 38 行.
NOTIC: [2048] Declaration of Common\Model\NewsModel::find() should be compatible with Think\Model::find($options = Array) D:\zjklyw\Azjklynew\Common\Model\NewsModel.class.php 第 6 行.
SQL: SHOW COLUMNS FROM `cms_news` [ RunTime:0.0007s ]
SQL: SELECT * FROM `cms_news` WHERE `status` = 1 ORDER BY count desc,news_id desc  LIMIT 10   [ RunTime:0.0010s ]
NOTIC: [2048] Declaration of Common\Model\PositionContentModel::find() should be compatible with Think\Model::find($options = Array) D:\zjklyw\Azjklynew\Common\Model\PositionContentModel.class.php 第 87 行.
SQL: SHOW COLUMNS FROM `cms_position_content` [ RunTime:0.0009s ]
NOTIC: [8] Undefined index: title D:\zjklyw\Azjklynew\Common\Model\PositionContentModel.class.php 第 18 行.
SQL: SELECT * FROM `cms_position_content` WHERE `status` = 1 AND `position_id` = 7 ORDER BY listorder desc ,id desc LIMIT 4   [ RunTime:0.0004s ]
NOTIC: [8] Undefined index: title D:\zjklyw\Azjklynew\Common\Model\PositionContentModel.class.php 第 18 行.
SQL: SELECT * FROM `cms_position_content` WHERE `status` = 1 AND `position_id` = 8 ORDER BY listorder desc ,id desc LIMIT 4   [ RunTime:0.0003s ]
NOTIC: [8] Undefined index: title D:\zjklyw\Azjklynew\Common\Model\PositionContentModel.class.php 第 18 行.
SQL: SELECT * FROM `cms_position_content` WHERE `status` = 1 AND `position_id` = 9 ORDER BY listorder desc ,id desc LIMIT 5   [ RunTime:0.0003s ]
NOTIC: [8] Undefined index: title D:\zjklyw\Azjklynew\Common\Model\PositionContentModel.class.php 第 18 行.
SQL: SELECT * FROM `cms_position_content` WHERE `status` = 1 AND `position_id` = 10 ORDER BY listorder desc ,id desc LIMIT 4   [ RunTime:0.0002s ]
NOTIC: [8] Undefined index: title D:\zjklyw\Azjklynew\Common\Model\PositionContentModel.class.php 第 18 行.
SQL: SELECT * FROM `cms_position_content` WHERE `status` = 1 AND `position_id` = 11 ORDER BY listorder desc ,id desc LIMIT 8   [ RunTime:0.0003s ]
INFO: [ view_parse ] --START--
INFO: [ template_filter ] --START--
INFO: Run Behavior\ContentReplaceBehavior [ RunTime:0.000147s ]
INFO: [ template_filter ] --END-- [ RunTime:0.000261s ]
NOTIC: [2048] Declaration of Common\Model\BasicModel::save() should be compatible with Think\Model::save($data = '', $options = Array) D:\zjklyw\Azjklynew\Common\Model\BasicModel.class.php 第 30 行.
NOTIC: [2048] Declaration of Common\Model\BasicModel::select() should be compatible with Think\Model::select($options = Array) D:\zjklyw\Azjklynew\Common\Model\BasicModel.class.php 第 30 行.
NOTIC: [2048] Declaration of Common\Model\MenuModel::find() should be compatible with Think\Model::find($options = Array) D:\zjklyw\Azjklynew\Common\Model\MenuModel.class.php 第 103 行.
SQL: SHOW COLUMNS FROM `cms_menu` [ RunTime:0.0010s ]
SQL: SELECT * FROM `cms_menu` WHERE `status` = 1 AND `type` = 0 ORDER BY listorder desc,menu_id desc  [ RunTime:0.0003s ]
NOTIC: [8] Undefined index: homeUser D:\zjklyw\Azjklynew\Common\Common\function.php 第 59 行.
INFO: Run Behavior\ParseTemplateBehavior [ RunTime:0.089852s ]
INFO: [ view_parse ] --END-- [ RunTime:0.090043s ]
INFO: [ view_filter ] --START--
INFO: Run Behavior\WriteHtmlCacheBehavior [ RunTime:0.001011s ]
INFO: [ view_filter ] --END-- [ RunTime:0.001256s ]
INFO: [ app_end ] --START--
INFO: Run Behavior\ShowPageTraceBehavior [ RunTime:0.001433s ]
INFO: [ app_end ] --END-- [ RunTime:0.001691s ]

[ 2017-07-30T20:04:28+08:00 ] 127.0.0.1 /index.php?c=index&a=getCount
INFO: [ app_init ] --START--
INFO: Run Behavior\BuildLiteBehavior [ RunTime:0.000065s ]
INFO: [ app_init ] --END-- [ RunTime:0.001005s ]
INFO: [ app_begin ] --START--
INFO: Run Behavior\ReadHtmlCacheBehavior [ RunTime:0.001044s ]
INFO: [ app_begin ] --END-- [ RunTime:0.001273s ]
NOTIC: [2048] Declaration of Home\Controller\CommonController::error() should be compatible with Think\Controller::error($message = '', $jumpUrl = '', $ajax = false) D:\zjklyw\Azjklynew\Home\Controller\CommonController.class.php 第 38 行.
NOTIC: [2048] Declaration of Common\Model\NewsModel::find() should be compatible with Think\Model::find($options = Array) D:\zjklyw\Azjklynew\Common\Model\NewsModel.class.php 第 6 行.
SQL: SHOW COLUMNS FROM `cms_news` [ RunTime:0.0008s ]
SQL: SELECT * FROM `cms_news` WHERE `news_id` IN ('161','178','171','142')  [ RunTime:0.0005s ]

[ 2017-07-30T20:04:51+08:00 ] 127.0.0.1 /
INFO: [ app_init ] --START--
INFO: Run Behavior\BuildLiteBehavior [ RunTime:0.000022s ]
INFO: [ app_init ] --END-- [ RunTime:0.000395s ]
INFO: [ app_begin ] --START--
INFO: Run Behavior\ReadHtmlCacheBehavior [ RunTime:0.000879s ]
INFO: [ app_begin ] --END-- [ RunTime:0.001094s ]
NOTIC: [2048] Declaration of Home\Controller\CommonController::error() should be compatible with Think\Controller::error($message = '', $jumpUrl = '', $ajax = false) D:\zjklyw\Azjklynew\Home\Controller\CommonController.class.php 第 38 行.
NOTIC: [2048] Declaration of Common\Model\NewsModel::find() should be compatible with Think\Model::find($options = Array) D:\zjklyw\Azjklynew\Common\Model\NewsModel.class.php 第 6 行.
SQL: SHOW COLUMNS FROM `cms_news` [ RunTime:0.0009s ]
SQL: SELECT * FROM `cms_news` WHERE `status` = 1 ORDER BY count desc,news_id desc  LIMIT 10   [ RunTime:0.0010s ]
NOTIC: [2048] Declaration of Common\Model\PositionContentModel::find() should be compatible with Think\Model::find($options = Array) D:\zjklyw\Azjklynew\Common\Model\PositionContentModel.class.php 第 87 行.
SQL: SHOW COLUMNS FROM `cms_position_content` [ RunTime:0.0011s ]
NOTIC: [8] Undefined index: title D:\zjklyw\Azjklynew\Common\Model\PositionContentModel.class.php 第 18 行.
SQL: SELECT * FROM `cms_position_content` WHERE `status` = 1 AND `position_id` = 7 ORDER BY listorder desc ,id desc LIMIT 4   [ RunTime:0.0003s ]
NOTIC: [8] Undefined index: title D:\zjklyw\Azjklynew\Common\Model\PositionContentModel.class.php 第 18 行.
SQL: SELECT * FROM `cms_position_content` WHERE `status` = 1 AND `position_id` = 8 ORDER BY listorder desc ,id desc LIMIT 4   [ RunTime:0.0003s ]
NOTIC: [8] Undefined index: title D:\zjklyw\Azjklynew\Common\Model\PositionContentModel.class.php 第 18 行.
SQL: SELECT * FROM `cms_position_content` WHERE `status` = 1 AND `position_id` = 9 ORDER BY listorder desc ,id desc LIMIT 5   [ RunTime:0.0003s ]
NOTIC: [8] Undefined index: title D:\zjklyw\Azjklynew\Common\Model\PositionContentModel.class.php 第 18 行.
SQL: SELECT * FROM `cms_position_content` WHERE `status` = 1 AND `position_id` = 10 ORDER BY listorder desc ,id desc LIMIT 4   [ RunTime:0.0003s ]
NOTIC: [8] Undefined index: title D:\zjklyw\Azjklynew\Common\Model\PositionContentModel.class.php 第 18 行.
SQL: SELECT * FROM `cms_position_content` WHERE `status` = 1 AND `position_id` = 11 ORDER BY listorder desc ,id desc LIMIT 8   [ RunTime:0.0003s ]
INFO: [ view_parse ] --START--
INFO: [ template_filter ] --START--
INFO: Run Behavior\ContentReplaceBehavior [ RunTime:0.000152s ]
INFO: [ template_filter ] --END-- [ RunTime:0.000270s ]
NOTIC: [2048] Declaration of Common\Model\BasicModel::save() should be compatible with Think\Model::save($data = '', $options = Array) D:\zjklyw\Azjklynew\Common\Model\BasicModel.class.php 第 30 行.
NOTIC: [2048] Declaration of Common\Model\BasicModel::select() should be compatible with Think\Model::select($options = Array) D:\zjklyw\Azjklynew\Common\Model\BasicModel.class.php 第 30 行.
NOTIC: [2048] Declaration of Common\Model\MenuModel::find() should be compatible with Think\Model::find($options = Array) D:\zjklyw\Azjklynew\Common\Model\MenuModel.class.php 第 103 行.
SQL: SHOW COLUMNS FROM `cms_menu` [ RunTime:0.0015s ]
SQL: SELECT * FROM `cms_menu` WHERE `status` = 1 AND `type` = 0 ORDER BY listorder desc,menu_id desc  [ RunTime:0.0004s ]
NOTIC: [8] Undefined index: homeUser D:\zjklyw\Azjklynew\Common\Common\function.php 第 59 行.
INFO: Run Behavior\ParseTemplateBehavior [ RunTime:0.087654s ]
INFO: [ view_parse ] --END-- [ RunTime:0.087762s ]
INFO: [ view_filter ] --START--
INFO: Run Behavior\WriteHtmlCacheBehavior [ RunTime:0.000460s ]
INFO: [ view_filter ] --END-- [ RunTime:0.000559s ]
INFO: [ app_end ] --START--
INFO: Run Behavior\ShowPageTraceBehavior [ RunTime:0.000608s ]
INFO: [ app_end ] --END-- [ RunTime:0.000714s ]

[ 2017-07-30T20:04:51+08:00 ] 127.0.0.1 /index.php?c=index&a=getCount
INFO: [ app_init ] --START--
INFO: Run Behavior\BuildLiteBehavior [ RunTime:0.000024s ]
INFO: [ app_init ] --END-- [ RunTime:0.000396s ]
INFO: [ app_begin ] --START--
INFO: Run Behavior\ReadHtmlCacheBehavior [ RunTime:0.000518s ]
INFO: [ app_begin ] --END-- [ RunTime:0.000622s ]
NOTIC: [2048] Declaration of Home\Controller\CommonController::error() should be compatible with Think\Controller::error($message = '', $jumpUrl = '', $ajax = false) D:\zjklyw\Azjklynew\Home\Controller\CommonController.class.php 第 38 行.
NOTIC: [2048] Declaration of Common\Model\NewsModel::find() should be compatible with Think\Model::find($options = Array) D:\zjklyw\Azjklynew\Common\Model\NewsModel.class.php 第 6 行.
SQL: SHOW COLUMNS FROM `cms_news` [ RunTime:0.0008s ]
SQL: SELECT * FROM `cms_news` WHERE `news_id` IN ('161','178','171','142')  [ RunTime:0.0009s ]

[ 2017-07-30T20:05:09+08:00 ] 127.0.0.1 /
INFO: [ app_init ] --START--
INFO: Run Behavior\BuildLiteBehavior [ RunTime:0.000029s ]
INFO: [ app_init ] --END-- [ RunTime:0.000470s ]
INFO: [ app_begin ] --START--
INFO: Run Behavior\ReadHtmlCacheBehavior [ RunTime:0.000504s ]
INFO: [ app_begin ] --END-- [ RunTime:0.000624s ]
NOTIC: [2048] Declaration of Home\Controller\CommonController::error() should be compatible with Think\Controller::error($message = '', $jumpUrl = '', $ajax = false) D:\zjklyw\Azjklynew\Home\Controller\CommonController.class.php 第 38 行.
NOTIC: [2048] Declaration of Common\Model\NewsModel::find() should be compatible with Think\Model::find($options = Array) D:\zjklyw\Azjklynew\Common\Model\NewsModel.class.php 第 6 行.
SQL: SHOW COLUMNS FROM `cms_news` [ RunTime:0.0008s ]
SQL: SELECT * FROM `cms_news` WHERE `status` = 1 ORDER BY count desc,news_id desc  LIMIT 10   [ RunTime:0.0011s ]
NOTIC: [2048] Declaration of Common\Model\PositionContentModel::find() should be compatible with Think\Model::find($options = Array) D:\zjklyw\Azjklynew\Common\Model\PositionContentModel.class.php 第 87 行.
SQL: SHOW COLUMNS FROM `cms_position_content` [ RunTime:0.0008s ]
NOTIC: [8] Undefined index: title D:\zjklyw\Azjklynew\Common\Model\PositionContentModel.class.php 第 18 行.
SQL: SELECT * FROM `cms_position_content` WHERE `status` = 1 AND `position_id` = 7 ORDER BY listorder desc ,id desc LIMIT 4   [ RunTime:0.0004s ]
NOTIC: [8] Undefined index: title D:\zjklyw\Azjklynew\Common\Model\PositionContentModel.class.php 第 18 行.
SQL: SELECT * FROM `cms_position_content` WHERE `status` = 1 AND `position_id` = 8 ORDER BY listorder desc ,id desc LIMIT 4   [ RunTime:0.0003s ]
NOTIC: [8] Undefined index: title D:\zjklyw\Azjklynew\Common\Model\PositionContentModel.class.php 第 18 行.
SQL: SELECT * FROM `cms_position_content` WHERE `status` = 1 AND `position_id` = 9 ORDER BY listorder desc ,id desc LIMIT 5   [ RunTime:0.0003s ]
NOTIC: [8] Undefined index: title D:\zjklyw\Azjklynew\Common\Model\PositionContentModel.class.php 第 18 行.
SQL: SELECT * FROM `cms_position_content` WHERE `status` = 1 AND `position_id` = 10 ORDER BY listorder desc ,id desc LIMIT 4   [ RunTime:0.0002s ]
NOTIC: [8] Undefined index: title D:\zjklyw\Azjklynew\Common\Model\PositionContentModel.class.php 第 18 行.
SQL: SELECT * FROM `cms_position_content` WHERE `status` = 1 AND `position_id` = 11 ORDER BY listorder desc ,id desc LIMIT 8   [ RunTime:0.0003s ]
INFO: [ view_parse ] --START--
INFO: [ template_filter ] --START--
INFO: Run Behavior\ContentReplaceBehavior [ RunTime:0.000149s ]
INFO: [ template_filter ] --END-- [ RunTime:0.000273s ]
NOTIC: [2048] Declaration of Common\Model\BasicModel::save() should be compatible with Think\Model::save($data = '', $options = Array) D:\zjklyw\Azjklynew\Common\Model\BasicModel.class.php 第 30 行.
NOTIC: [2048] Declaration of Common\Model\BasicModel::select() should be compatible with Think\Model::select($options = Array) D:\zjklyw\Azjklynew\Common\Model\BasicModel.class.php 第 30 行.
NOTIC: [2048] Declaration of Common\Model\MenuModel::find() should be compatible with Think\Model::find($options = Array) D:\zjklyw\Azjklynew\Common\Model\MenuModel.class.php 第 103 行.
SQL: SHOW COLUMNS FROM `cms_menu` [ RunTime:0.0009s ]
SQL: SELECT * FROM `cms_menu` WHERE `status` = 1 AND `type` = 0 ORDER BY listorder desc,menu_id desc  [ RunTime:0.0003s ]
NOTIC: [8] Undefined index: homeUser D:\zjklyw\Azjklynew\Common\Common\function.php 第 59 行.
INFO: Run Behavior\ParseTemplateBehavior [ RunTime:0.084405s ]
INFO: [ view_parse ] --END-- [ RunTime:0.084516s ]
INFO: [ view_filter ] --START--
INFO: Run Behavior\WriteHtmlCacheBehavior [ RunTime:0.000390s ]
INFO: [ view_filter ] --END-- [ RunTime:0.000498s ]
INFO: [ app_end ] --START--
INFO: Run Behavior\ShowPageTraceBehavior [ RunTime:0.000766s ]
INFO: [ app_end ] --END-- [ RunTime:0.000942s ]

[ 2017-07-30T20:05:09+08:00 ] 127.0.0.1 /index.php?c=index&a=getCount
INFO: [ app_init ] --START--
INFO: Run Behavior\BuildLiteBehavior [ RunTime:0.000022s ]
INFO: [ app_init ] --END-- [ RunTime:0.000424s ]
INFO: [ app_begin ] --START--
INFO: Run Behavior\ReadHtmlCacheBehavior [ RunTime:0.000608s ]
INFO: [ app_begin ] --END-- [ RunTime:0.000712s ]
NOTIC: [2048] Declaration of Home\Controller\CommonController::error() should be compatible with Think\Controller::error($message = '', $jumpUrl = '', $ajax = false) D:\zjklyw\Azjklynew\Home\Controller\CommonController.class.php 第 38 行.
NOTIC: [2048] Declaration of Common\Model\NewsModel::find() should be compatible with Think\Model::find($options = Array) D:\zjklyw\Azjklynew\Common\Model\NewsModel.class.php 第 6 行.
SQL: SHOW COLUMNS FROM `cms_news` [ RunTime:0.0009s ]
SQL: SELECT * FROM `cms_news` WHERE `news_id` IN ('161','178','171','142')  [ RunTime:0.0008s ]

[ 2017-07-30T20:05:10+08:00 ] 127.0.0.1 /
INFO: [ app_init ] --START--
INFO: Run Behavior\BuildLiteBehavior [ RunTime:0.000022s ]
INFO: [ app_init ] --END-- [ RunTime:0.000386s ]
INFO: [ app_begin ] --START--
INFO: Run Behavior\ReadHtmlCacheBehavior [ RunTime:0.000585s ]
INFO: [ app_begin ] --END-- [ RunTime:0.000701s ]
NOTIC: [2048] Declaration of Home\Controller\CommonController::error() should be compatible with Think\Controller::error($message = '', $jumpUrl = '', $ajax = false) D:\zjklyw\Azjklynew\Home\Controller\CommonController.class.php 第 38 行.
NOTIC: [2048] Declaration of Common\Model\NewsModel::find() should be compatible with Think\Model::find($options = Array) D:\zjklyw\Azjklynew\Common\Model\NewsModel.class.php 第 6 行.
SQL: SHOW COLUMNS FROM `cms_news` [ RunTime:0.0007s ]
SQL: SELECT * FROM `cms_news` WHERE `status` = 1 ORDER BY count desc,news_id desc  LIMIT 10   [ RunTime:0.0009s ]
NOTIC: [2048] Declaration of Common\Model\PositionContentModel::find() should be compatible with Think\Model::find($options = Array) D:\zjklyw\Azjklynew\Common\Model\PositionContentModel.class.php 第 87 行.
SQL: SHOW COLUMNS FROM `cms_position_content` [ RunTime:0.0008s ]
NOTIC: [8] Undefined index: title D:\zjklyw\Azjklynew\Common\Model\PositionContentModel.class.php 第 18 行.
SQL: SELECT * FROM `cms_position_content` WHERE `status` = 1 AND `position_id` = 7 ORDER BY listorder desc ,id desc LIMIT 4   [ RunTime:0.0003s ]
NOTIC: [8] Undefined index: title D:\zjklyw\Azjklynew\Common\Model\PositionContentModel.class.php 第 18 行.
SQL: SELECT * FROM `cms_position_content` WHERE `status` = 1 AND `position_id` = 8 ORDER BY listorder desc ,id desc LIMIT 4   [ RunTime:0.0003s ]
NOTIC: [8] Undefined index: title D:\zjklyw\Azjklynew\Common\Model\PositionContentModel.class.php 第 18 行.
SQL: SELECT * FROM `cms_position_content` WHERE `status` = 1 AND `position_id` = 9 ORDER BY listorder desc ,id desc LIMIT 5   [ RunTime:0.0003s ]
NOTIC: [8] Undefined index: title D:\zjklyw\Azjklynew\Common\Model\PositionContentModel.class.php 第 18 行.
SQL: SELECT * FROM `cms_position_content` WHERE `status` = 1 AND `position_id` = 10 ORDER BY listorder desc ,id desc LIMIT 4   [ RunTime:0.0003s ]
NOTIC: [8] Undefined index: title D:\zjklyw\Azjklynew\Common\Model\PositionContentModel.class.php 第 18 行.
SQL: SELECT * FROM `cms_position_content` WHERE `status` = 1 AND `position_id` = 11 ORDER BY listorder desc ,id desc LIMIT 8   [ RunTime:0.0003s ]
INFO: [ view_parse ] --START--
INFO: [ template_filter ] --START--
INFO: Run Behavior\ContentReplaceBehavior [ RunTime:0.000160s ]
INFO: [ template_filter ] --END-- [ RunTime:0.000273s ]
NOTIC: [2048] Declaration of Common\Model\BasicModel::save() should be compatible with Think\Model::save($data = '', $options = Array) D:\zjklyw\Azjklynew\Common\Model\BasicModel.class.php 第 30 行.
NOTIC: [2048] Declaration of Common\Model\BasicModel::select() should be compatible with Think\Model::select($options = Array) D:\zjklyw\Azjklynew\Common\Model\BasicModel.class.php 第 30 行.
NOTIC: [2048] Declaration of Common\Model\MenuModel::find() should be compatible with Think\Model::find($options = Array) D:\zjklyw\Azjklynew\Common\Model\MenuModel.class.php 第 103 行.
SQL: SHOW COLUMNS FROM `cms_menu` [ RunTime:0.0010s ]
SQL: SELECT * FROM `cms_menu` WHERE `status` = 1 AND `type` = 0 ORDER BY listorder desc,menu_id desc  [ RunTime:0.0003s ]
NOTIC: [8] Undefined index: homeUser D:\zjklyw\Azjklynew\Common\Common\function.php 第 59 行.
INFO: Run Behavior\ParseTemplateBehavior [ RunTime:0.087784s ]
INFO: [ view_parse ] --END-- [ RunTime:0.087892s ]
INFO: [ view_filter ] --START--
INFO: Run Behavior\WriteHtmlCacheBehavior [ RunTime:0.000576s ]
INFO: [ view_filter ] --END-- [ RunTime:0.000675s ]
INFO: [ app_end ] --START--
INFO: Run Behavior\ShowPageTraceBehavior [ RunTime:0.000639s ]
INFO: [ app_end ] --END-- [ RunTime:0.000745s ]

[ 2017-07-30T20:05:10+08:00 ] 127.0.0.1 /index.php?c=index&a=getCount
INFO: [ app_init ] --START--
INFO: Run Behavior\BuildLiteBehavior [ RunTime:0.000026s ]
INFO: [ app_init ] --END-- [ RunTime:0.000481s ]
INFO: [ app_begin ] --START--
INFO: Run Behavior\ReadHtmlCacheBehavior [ RunTime:0.001384s ]
INFO: [ app_begin ] --END-- [ RunTime:0.001604s ]
NOTIC: [2048] Declaration of Home\Controller\CommonController::error() should be compatible with Think\Controller::error($message = '', $jumpUrl = '', $ajax = false) D:\zjklyw\Azjklynew\Home\Controller\CommonController.class.php 第 38 行.
NOTIC: [2048] Declaration of Common\Model\NewsModel::find() should be compatible with Think\Model::find($options = Array) D:\zjklyw\Azjklynew\Common\Model\NewsModel.class.php 第 6 行.
SQL: SHOW COLUMNS FROM `cms_news` [ RunTime:0.0008s ]
SQL: SELECT * FROM `cms_news` WHERE `news_id` IN ('161','178','171','142')  [ RunTime:0.0005s ]

[ 2017-07-30T20:05:23+08:00 ] 127.0.0.1 /
INFO: [ app_init ] --START--
INFO: Run Behavior\BuildLiteBehavior [ RunTime:0.000041s ]
INFO: [ app_init ] --END-- [ RunTime:0.000676s ]
INFO: [ app_begin ] --START--
INFO: Run Behavior\ReadHtmlCacheBehavior [ RunTime:0.000671s ]
INFO: [ app_begin ] --END-- [ RunTime:0.000829s ]
NOTIC: [2048] Declaration of Home\Controller\CommonController::error() should be compatible with Think\Controller::error($message = '', $jumpUrl = '', $ajax = false) D:\zjklyw\Azjklynew\Home\Controller\CommonController.class.php 第 38 行.
NOTIC: [2048] Declaration of Common\Model\NewsModel::find() should be compatible with Think\Model::find($options = Array) D:\zjklyw\Azjklynew\Common\Model\NewsModel.class.php 第 6 行.
SQL: SHOW COLUMNS FROM `cms_news` [ RunTime:0.0007s ]
SQL: SELECT * FROM `cms_news` WHERE `status` = 1 ORDER BY count desc,news_id desc  LIMIT 10   [ RunTime:0.0011s ]
NOTIC: [2048] Declaration of Common\Model\PositionContentModel::find() should be compatible with Think\Model::find($options = Array) D:\zjklyw\Azjklynew\Common\Model\PositionContentModel.class.php 第 87 行.
SQL: SHOW COLUMNS FROM `cms_position_content` [ RunTime:0.0005s ]
NOTIC: [8] Undefined index: title D:\zjklyw\Azjklynew\Common\Model\PositionContentModel.class.php 第 18 行.
SQL: SELECT * FROM `cms_position_content` WHERE `status` = 1 AND `position_id` = 7 ORDER BY listorder desc ,id desc LIMIT 4   [ RunTime:0.0003s ]
NOTIC: [8] Undefined index: title D:\zjklyw\Azjklynew\Common\Model\PositionContentModel.class.php 第 18 行.
SQL: SELECT * FROM `cms_position_content` WHERE `status` = 1 AND `position_id` = 8 ORDER BY listorder desc ,id desc LIMIT 4   [ RunTime:0.0003s ]
NOTIC: [8] Undefined index: title D:\zjklyw\Azjklynew\Common\Model\PositionContentModel.class.php 第 18 行.
SQL: SELECT * FROM `cms_position_content` WHERE `status` = 1 AND `position_id` = 9 ORDER BY listorder desc ,id desc LIMIT 5   [ RunTime:0.0003s ]
NOTIC: [8] Undefined index: title D:\zjklyw\Azjklynew\Common\Model\PositionContentModel.class.php 第 18 行.
SQL: SELECT * FROM `cms_position_content` WHERE `status` = 1 AND `position_id` = 10 ORDER BY listorder desc ,id desc LIMIT 4   [ RunTime:0.0003s ]
NOTIC: [8] Undefined index: title D:\zjklyw\Azjklynew\Common\Model\PositionContentModel.class.php 第 18 行.
SQL: SELECT * FROM `cms_position_content` WHERE `status` = 1 AND `position_id` = 11 ORDER BY listorder desc ,id desc LIMIT 8   [ RunTime:0.0003s ]
INFO: [ view_parse ] --START--
INFO: [ template_filter ] --START--
INFO: Run Behavior\ContentReplaceBehavior [ RunTime:0.000151s ]
INFO: [ template_filter ] --END-- [ RunTime:0.000267s ]
NOTIC: [2048] Declaration of Common\Model\BasicModel::save() should be compatible with Think\Model::save($data = '', $options = Array) D:\zjklyw\Azjklynew\Common\Model\BasicModel.class.php 第 30 行.
NOTIC: [2048] Declaration of Common\Model\BasicModel::select() should be compatible with Think\Model::select($options = Array) D:\zjklyw\Azjklynew\Common\Model\BasicModel.class.php 第 30 行.
NOTIC: [2048] Declaration of Common\Model\MenuModel::find() should be compatible with Think\Model::find($options = Array) D:\zjklyw\Azjklynew\Common\Model\MenuModel.class.php 第 103 行.
SQL: SHOW COLUMNS FROM `cms_menu` [ RunTime:0.0006s ]
SQL: SELECT * FROM `cms_menu` WHERE `status` = 1 AND `type` = 0 ORDER BY listorder desc,menu_id desc  [ RunTime:0.0003s ]
NOTIC: [8] Undefined index: homeUser D:\zjklyw\Azjklynew\Common\Common\function.php 第 59 行.
INFO: Run Behavior\ParseTemplateBehavior [ RunTime:0.084335s ]
INFO: [ view_parse ] --END-- [ RunTime:0.084446s ]
INFO: [ view_filter ] --START--
INFO: Run Behavior\WriteHtmlCacheBehavior [ RunTime:0.000476s ]
INFO: [ view_filter ] --END-- [ RunTime:0.000574s ]
INFO: [ app_end ] --START--
INFO: Run Behavior\ShowPageTraceBehavior [ RunTime:0.000675s ]
INFO: [ app_end ] --END-- [ RunTime:0.000782s ]

[ 2017-07-30T20:05:24+08:00 ] 127.0.0.1 /index.php?c=index&a=getCount
INFO: [ app_init ] --START--
INFO: Run Behavior\BuildLiteBehavior [ RunTime:0.000023s ]
INFO: [ app_init ] --END-- [ RunTime:0.000422s ]
INFO: [ app_begin ] --START--
INFO: Run Behavior\ReadHtmlCacheBehavior [ RunTime:0.000597s ]
INFO: [ app_begin ] --END-- [ RunTime:0.000705s ]
NOTIC: [2048] Declaration of Home\Controller\CommonController::error() should be compatible with Think\Controller::error($message = '', $jumpUrl = '', $ajax = false) D:\zjklyw\Azjklynew\Home\Controller\CommonController.class.php 第 38 行.
NOTIC: [2048] Declaration of Common\Model\NewsModel::find() should be compatible with Think\Model::find($options = Array) D:\zjklyw\Azjklynew\Common\Model\NewsModel.class.php 第 6 行.
SQL: SHOW COLUMNS FROM `cms_news` [ RunTime:0.0010s ]
SQL: SELECT * FROM `cms_news` WHERE `news_id` IN ('161','178','171','142')  [ RunTime:0.0008s ]

[ 2017-07-30T20:05:43+08:00 ] 127.0.0.1 /
INFO: [ app_init ] --START--
INFO: Run Behavior\BuildLiteBehavior [ RunTime:0.000025s ]
INFO: [ app_init ] --END-- [ RunTime:0.000391s ]
INFO: [ app_begin ] --START--
INFO: Run Behavior\ReadHtmlCacheBehavior [ RunTime:0.000586s ]
INFO: [ app_begin ] --END-- [ RunTime:0.000700s ]
NOTIC: [2048] Declaration of Home\Controller\CommonController::error() should be compatible with Think\Controller::error($message = '', $jumpUrl = '', $ajax = false) D:\zjklyw\Azjklynew\Home\Controller\CommonController.class.php 第 38 行.
NOTIC: [2048] Declaration of Common\Model\NewsModel::find() should be compatible with Think\Model::find($options = Array) D:\zjklyw\Azjklynew\Common\Model\NewsModel.class.php 第 6 行.
SQL: SHOW COLUMNS FROM `cms_news` [ RunTime:0.0007s ]
SQL: SELECT * FROM `cms_news` WHERE `status` = 1 ORDER BY count desc,news_id desc  LIMIT 10   [ RunTime:0.0009s ]
NOTIC: [2048] Declaration of Common\Model\PositionContentModel::find() should be compatible with Think\Model::find($options = Array) D:\zjklyw\Azjklynew\Common\Model\PositionContentModel.class.php 第 87 行.
SQL: SHOW COLUMNS FROM `cms_position_content` [ RunTime:0.0005s ]
NOTIC: [8] Undefined index: title D:\zjklyw\Azjklynew\Common\Model\PositionContentModel.class.php 第 18 行.
SQL: SELECT * FROM `cms_position_content` WHERE `status` = 1 AND `position_id` = 7 ORDER BY listorder desc ,id desc LIMIT 4   [ RunTime:0.0003s ]
NOTIC: [8] Undefined index: title D:\zjklyw\Azjklynew\Common\Model\PositionContentModel.class.php 第 18 行.
SQL: SELECT * FROM `cms_position_content` WHERE `status` = 1 AND `position_id` = 8 ORDER BY listorder desc ,id desc LIMIT 4   [ RunTime:0.0003s ]
NOTIC: [8] Undefined index: title D:\zjklyw\Azjklynew\Common\Model\PositionContentModel.class.php 第 18 行.
SQL: SELECT * FROM `cms_position_content` WHERE `status` = 1 AND `position_id` = 9 ORDER BY listorder desc ,id desc LIMIT 5   [ RunTime:0.0003s ]
NOTIC: [8] Undefined index: title D:\zjklyw\Azjklynew\Common\Model\PositionContentModel.class.php 第 18 行.
SQL: SELECT * FROM `cms_position_content` WHERE `status` = 1 AND `position_id` = 10 ORDER BY listorder desc ,id desc LIMIT 4   [ RunTime:0.0002s ]
NOTIC: [8] Undefined index: title D:\zjklyw\Azjklynew\Common\Model\PositionContentModel.class.php 第 18 行.
SQL: SELECT * FROM `cms_position_content` WHERE `status` = 1 AND `position_id` = 11 ORDER BY listorder desc ,id desc LIMIT 8   [ RunTime:0.0003s ]
INFO: [ view_parse ] --START--
INFO: [ template_filter ] --START--
INFO: Run Behavior\ContentReplaceBehavior [ RunTime:0.000150s ]
INFO: [ template_filter ] --END-- [ RunTime:0.000265s ]
NOTIC: [2048] Declaration of Common\Model\BasicModel::save() should be compatible with Think\Model::save($data = '', $options = Array) D:\zjklyw\Azjklynew\Common\Model\BasicModel.class.php 第 30 行.
NOTIC: [2048] Declaration of Common\Model\BasicModel::select() should be compatible with Think\Model::select($options = Array) D:\zjklyw\Azjklynew\Common\Model\BasicModel.class.php 第 30 行.
NOTIC: [2048] Declaration of Common\Model\MenuModel::find() should be compatible with Think\Model::find($options = Array) D:\zjklyw\Azjklynew\Common\Model\MenuModel.class.php 第 103 行.
SQL: SHOW COLUMNS FROM `cms_menu` [ RunTime:0.0009s ]
SQL: SELECT * FROM `cms_menu` WHERE `status` = 1 AND `type` = 0 ORDER BY listorder desc,menu_id desc  [ RunTime:0.0004s ]
NOTIC: [8] Undefined index: homeUser D:\zjklyw\Azjklynew\Common\Common\function.php 第 59 行.
INFO: Run Behavior\ParseTemplateBehavior [ RunTime:0.085109s ]
INFO: [ view_parse ] --END-- [ RunTime:0.085219s ]
INFO: [ view_filter ] --START--
INFO: Run Behavior\WriteHtmlCacheBehavior [ RunTime:0.000533s ]
INFO: [ view_filter ] --END-- [ RunTime:0.000631s ]
INFO: [ app_end ] --START--
INFO: Run Behavior\ShowPageTraceBehavior [ RunTime:0.000760s ]
INFO: [ app_end ] --END-- [ RunTime:0.000907s ]

[ 2017-07-30T20:05:44+08:00 ] 127.0.0.1 /index.php?c=index&a=getCount
INFO: [ app_init ] --START--
INFO: Run Behavior\BuildLiteBehavior [ RunTime:0.000032s ]
INFO: [ app_init ] --END-- [ RunTime:0.000548s ]
INFO: [ app_begin ] --START--
INFO: Run Behavior\ReadHtmlCacheBehavior [ RunTime:0.001130s ]
INFO: [ app_begin ] --END-- [ RunTime:0.001281s ]
NOTIC: [2048] Declaration of Home\Controller\CommonController::error() should be compatible with Think\Controller::error($message = '', $jumpUrl = '', $ajax = false) D:\zjklyw\Azjklynew\Home\Controller\CommonController.class.php 第 38 行.
NOTIC: [2048] Declaration of Common\Model\NewsModel::find() should be compatible with Think\Model::find($options = Array) D:\zjklyw\Azjklynew\Common\Model\NewsModel.class.php 第 6 行.
SQL: SHOW COLUMNS FROM `cms_news` [ RunTime:0.0007s ]
SQL: SELECT * FROM `cms_news` WHERE `news_id` IN ('161','178','171','142')  [ RunTime:0.0004s ]

[ 2017-07-30T20:36:43+08:00 ] 127.0.0.1 /
INFO: [ app_init ] --START--
INFO: Run Behavior\BuildLiteBehavior [ RunTime:0.000025s ]
INFO: [ app_init ] --END-- [ RunTime:0.000470s ]
INFO: [ app_begin ] --START--
INFO: Run Behavior\ReadHtmlCacheBehavior [ RunTime:0.000758s ]
INFO: [ app_begin ] --END-- [ RunTime:0.000893s ]
NOTIC: [2048] Declaration of Home\Controller\CommonController::error() should be compatible with Think\Controller::error($message = '', $jumpUrl = '', $ajax = false) D:\zjklyw\Azjklynew\Home\Controller\CommonController.class.php 第 38 行.
NOTIC: [2048] Declaration of Common\Model\NewsModel::find() should be compatible with Think\Model::find($options = Array) D:\zjklyw\Azjklynew\Common\Model\NewsModel.class.php 第 6 行.
SQL: SHOW COLUMNS FROM `cms_news` [ RunTime:0.0018s ]
SQL: SELECT * FROM `cms_news` WHERE `status` = 1 ORDER BY count desc,news_id desc  LIMIT 10   [ RunTime:0.0012s ]
NOTIC: [2048] Declaration of Common\Model\PositionContentModel::find() should be compatible with Think\Model::find($options = Array) D:\zjklyw\Azjklynew\Common\Model\PositionContentModel.class.php 第 87 行.
SQL: SHOW COLUMNS FROM `cms_position_content` [ RunTime:0.0007s ]
NOTIC: [8] Undefined index: title D:\zjklyw\Azjklynew\Common\Model\PositionContentModel.class.php 第 18 行.
SQL: SELECT * FROM `cms_position_content` WHERE `status` = 1 AND `position_id` = 7 ORDER BY listorder desc ,id desc LIMIT 4   [ RunTime:0.0004s ]
NOTIC: [8] Undefined index: title D:\zjklyw\Azjklynew\Common\Model\PositionContentModel.class.php 第 18 行.
SQL: SELECT * FROM `cms_position_content` WHERE `status` = 1 AND `position_id` = 8 ORDER BY listorder desc ,id desc LIMIT 4   [ RunTime:0.0003s ]
NOTIC: [8] Undefined index: title D:\zjklyw\Azjklynew\Common\Model\PositionContentModel.class.php 第 18 行.
SQL: SELECT * FROM `cms_position_content` WHERE `status` = 1 AND `position_id` = 9 ORDER BY listorder desc ,id desc LIMIT 5   [ RunTime:0.0003s ]
NOTIC: [8] Undefined index: title D:\zjklyw\Azjklynew\Common\Model\PositionContentModel.class.php 第 18 行.
SQL: SELECT * FROM `cms_position_content` WHERE `status` = 1 AND `position_id` = 10 ORDER BY listorder desc ,id desc LIMIT 4   [ RunTime:0.0003s ]
NOTIC: [8] Undefined index: title D:\zjklyw\Azjklynew\Common\Model\PositionContentModel.class.php 第 18 行.
SQL: SELECT * FROM `cms_position_content` WHERE `status` = 1 AND `position_id` = 11 ORDER BY listorder desc ,id desc LIMIT 8   [ RunTime:0.0003s ]
INFO: [ view_parse ] --START--
INFO: [ template_filter ] --START--
INFO: Run Behavior\ContentReplaceBehavior [ RunTime:0.000160s ]
INFO: [ template_filter ] --END-- [ RunTime:0.000276s ]
NOTIC: [2048] Declaration of Common\Model\BasicModel::save() should be compatible with Think\Model::save($data = '', $options = Array) D:\zjklyw\Azjklynew\Common\Model\BasicModel.class.php 第 30 行.
NOTIC: [2048] Declaration of Common\Model\BasicModel::select() should be compatible with Think\Model::select($options = Array) D:\zjklyw\Azjklynew\Common\Model\BasicModel.class.php 第 30 行.
NOTIC: [2048] Declaration of Common\Model\MenuModel::find() should be compatible with Think\Model::find($options = Array) D:\zjklyw\Azjklynew\Common\Model\MenuModel.class.php 第 103 行.
SQL: SHOW COLUMNS FROM `cms_menu` [ RunTime:0.0010s ]
SQL: SELECT * FROM `cms_menu` WHERE `status` = 1 AND `type` = 0 ORDER BY listorder desc,menu_id desc  [ RunTime:0.0003s ]
NOTIC: [8] Undefined index: homeUser D:\zjklyw\Azjklynew\Common\Common\function.php 第 59 行.
INFO: Run Behavior\ParseTemplateBehavior [ RunTime:0.087976s ]
INFO: [ view_parse ] --END-- [ RunTime:0.088085s ]
INFO: [ view_filter ] --START--
INFO: Run Behavior\WriteHtmlCacheBehavior [ RunTime:0.000507s ]
INFO: [ view_filter ] --END-- [ RunTime:0.000645s ]
INFO: [ app_end ] --START--
INFO: Run Behavior\ShowPageTraceBehavior [ RunTime:0.000707s ]
INFO: [ app_end ] --END-- [ RunTime:0.000832s ]

[ 2017-07-30T20:36:43+08:00 ] 127.0.0.1 /index.php?c=index&a=getCount
INFO: [ app_init ] --START--
INFO: Run Behavior\BuildLiteBehavior [ RunTime:0.000032s ]
INFO: [ app_init ] --END-- [ RunTime:0.000496s ]
INFO: [ app_begin ] --START--
INFO: Run Behavior\ReadHtmlCacheBehavior [ RunTime:0.000894s ]
INFO: [ app_begin ] --END-- [ RunTime:0.001058s ]
NOTIC: [2048] Declaration of Home\Controller\CommonController::error() should be compatible with Think\Controller::error($message = '', $jumpUrl = '', $ajax = false) D:\zjklyw\Azjklynew\Home\Controller\CommonController.class.php 第 38 行.
NOTIC: [2048] Declaration of Common\Model\NewsModel::find() should be compatible with Think\Model::find($options = Array) D:\zjklyw\Azjklynew\Common\Model\NewsModel.class.php 第 6 行.
SQL: SHOW COLUMNS FROM `cms_news` [ RunTime:0.0009s ]
SQL: SELECT * FROM `cms_news` WHERE `news_id` IN ('161','178','171','142')  [ RunTime:0.0004s ]

