[ 2017-08-31T19:14:23+08:00 ] 127.0.0.1 /
INFO: [ app_init ] --START--
INFO: Run Behavior\BuildLiteBehavior [ RunTime:0.000064s ]
INFO: [ app_init ] --END-- [ RunTime:0.001357s ]
INFO: [ app_begin ] --START--
INFO: Run Behavior\ReadHtmlCacheBehavior [ RunTime:0.001049s ]
INFO: [ app_begin ] --END-- [ RunTime:0.001184s ]
NOTIC: [2048] Declaration of Home\Controller\CommonController::error() should be compatible with Think\Controller::error($message = '', $jumpUrl = '', $ajax = false) C:\wamp\www\Azjklynew\Home\Controller\CommonController.class.php 第 38 行.
NOTIC: [2048] Declaration of Common\Model\NewsModel::find() should be compatible with Think\Model::find($options = Array) C:\wamp\www\Azjklynew\Common\Model\NewsModel.class.php 第 6 行.
SQL: SHOW COLUMNS FROM `cms_news` [ RunTime:0.0057s ]
SQL: SELECT * FROM `cms_news` WHERE `status` = 1 ORDER BY count desc,news_id desc  LIMIT 10   [ RunTime:0.0023s ]
NOTIC: [2048] Declaration of Common\Model\PositionContentModel::find() should be compatible with Think\Model::find($options = Array) C:\wamp\www\Azjklynew\Common\Model\PositionContentModel.class.php 第 87 行.
SQL: SHOW COLUMNS FROM `cms_position_content` [ RunTime:0.0091s ]
NOTIC: [8] Undefined index: title C:\wamp\www\Azjklynew\Common\Model\PositionContentModel.class.php 第 18 行.
SQL: SELECT * FROM `cms_position_content` WHERE `status` = 1 AND `position_id` = 7 ORDER BY listorder desc ,id desc LIMIT 4   [ RunTime:0.0007s ]
NOTIC: [8] Undefined index: title C:\wamp\www\Azjklynew\Common\Model\PositionContentModel.class.php 第 18 行.
SQL: SELECT * FROM `cms_position_content` WHERE `status` = 1 AND `position_id` = 8 ORDER BY listorder desc ,id desc LIMIT 4   [ RunTime:0.0003s ]
NOTIC: [8] Undefined index: title C:\wamp\www\Azjklynew\Common\Model\PositionContentModel.class.php 第 18 行.
SQL: SELECT * FROM `cms_position_content` WHERE `status` = 1 AND `position_id` = 9 ORDER BY listorder desc ,id desc LIMIT 5   [ RunTime:0.0005s ]
NOTIC: [8] Undefined index: title C:\wamp\www\Azjklynew\Common\Model\PositionContentModel.class.php 第 18 行.
SQL: SELECT * FROM `cms_position_content` WHERE `status` = 1 AND `position_id` = 10 ORDER BY listorder desc ,id desc LIMIT 4   [ RunTime:0.0005s ]
NOTIC: [8] Undefined index: title C:\wamp\www\Azjklynew\Common\Model\PositionContentModel.class.php 第 18 行.
SQL: SELECT * FROM `cms_position_content` WHERE `status` = 1 AND `position_id` = 11 ORDER BY listorder desc ,id desc LIMIT 8   [ RunTime:0.0006s ]
INFO: [ view_parse ] --START--
INFO: [ template_filter ] --START--
INFO: Run Behavior\ContentReplaceBehavior [ RunTime:0.000649s ]
INFO: [ template_filter ] --END-- [ RunTime:0.000946s ]
NOTIC: [2048] Declaration of Common\Model\BasicModel::save() should be compatible with Think\Model::save($data = '', $options = Array) C:\wamp\www\Azjklynew\Common\Model\BasicModel.class.php 第 30 行.
NOTIC: [2048] Declaration of Common\Model\BasicModel::select() should be compatible with Think\Model::select($options = Array) C:\wamp\www\Azjklynew\Common\Model\BasicModel.class.php 第 30 行.
NOTIC: [2048] Declaration of Common\Model\MenuModel::find() should be compatible with Think\Model::find($options = Array) C:\wamp\www\Azjklynew\Common\Model\MenuModel.class.php 第 103 行.
SQL: SHOW COLUMNS FROM `cms_menu` [ RunTime:0.0035s ]
SQL: SELECT * FROM `cms_menu` WHERE `status` = 1 AND `type` = 0 ORDER BY listorder desc,menu_id desc  [ RunTime:0.0005s ]
NOTIC: [8] Undefined index: homeUser C:\wamp\www\Azjklynew\Common\Common\function.php 第 59 行.
INFO: Run Behavior\ParseTemplateBehavior [ RunTime:0.037913s ]
INFO: [ view_parse ] --END-- [ RunTime:0.038019s ]
INFO: [ view_filter ] --START--
INFO: Run Behavior\WriteHtmlCacheBehavior [ RunTime:0.000908s ]
INFO: [ view_filter ] --END-- [ RunTime:0.001056s ]
INFO: [ app_end ] --START--
INFO: Run Behavior\ShowPageTraceBehavior [ RunTime:0.001102s ]
INFO: [ app_end ] --END-- [ RunTime:0.001296s ]

[ 2017-08-31T20:41:26+08:00 ] 127.0.0.1 /
INFO: [ app_init ] --START--
INFO: Run Behavior\BuildLiteBehavior [ RunTime:0.000026s ]
INFO: [ app_init ] --END-- [ RunTime:0.001385s ]
INFO: [ app_begin ] --START--
INFO: Run Behavior\ReadHtmlCacheBehavior [ RunTime:0.001328s ]
INFO: [ app_begin ] --END-- [ RunTime:0.001506s ]
NOTIC: [2048] Declaration of Home\Controller\CommonController::error() should be compatible with Think\Controller::error($message = '', $jumpUrl = '', $ajax = false) C:\wamp\www\Azjklynew\Home\Controller\CommonController.class.php 第 38 行.
NOTIC: [2048] Declaration of Common\Model\NewsModel::find() should be compatible with Think\Model::find($options = Array) C:\wamp\www\Azjklynew\Common\Model\NewsModel.class.php 第 6 行.
SQL: SHOW COLUMNS FROM `cms_news` [ RunTime:0.0143s ]
SQL: SELECT * FROM `cms_news` WHERE `status` = 1 ORDER BY count desc,news_id desc  LIMIT 10   [ RunTime:0.0046s ]
NOTIC: [2048] Declaration of Common\Model\PositionContentModel::find() should be compatible with Think\Model::find($options = Array) C:\wamp\www\Azjklynew\Common\Model\PositionContentModel.class.php 第 87 行.
SQL: SHOW COLUMNS FROM `cms_position_content` [ RunTime:0.0060s ]
NOTIC: [8] Undefined index: title C:\wamp\www\Azjklynew\Common\Model\PositionContentModel.class.php 第 18 行.
SQL: SELECT * FROM `cms_position_content` WHERE `status` = 1 AND `position_id` = 7 ORDER BY listorder desc ,id desc LIMIT 4   [ RunTime:0.0007s ]
NOTIC: [8] Undefined index: title C:\wamp\www\Azjklynew\Common\Model\PositionContentModel.class.php 第 18 行.
SQL: SELECT * FROM `cms_position_content` WHERE `status` = 1 AND `position_id` = 8 ORDER BY listorder desc ,id desc LIMIT 4   [ RunTime:0.0006s ]
NOTIC: [8] Undefined index: title C:\wamp\www\Azjklynew\Common\Model\PositionContentModel.class.php 第 18 行.
SQL: SELECT * FROM `cms_position_content` WHERE `status` = 1 AND `position_id` = 9 ORDER BY listorder desc ,id desc LIMIT 5   [ RunTime:0.0005s ]
NOTIC: [8] Undefined index: title C:\wamp\www\Azjklynew\Common\Model\PositionContentModel.class.php 第 18 行.
SQL: SELECT * FROM `cms_position_content` WHERE `status` = 1 AND `position_id` = 10 ORDER BY listorder desc ,id desc LIMIT 4   [ RunTime:0.0005s ]
NOTIC: [8] Undefined index: title C:\wamp\www\Azjklynew\Common\Model\PositionContentModel.class.php 第 18 行.
SQL: SELECT * FROM `cms_position_content` WHERE `status` = 1 AND `position_id` = 11 ORDER BY listorder desc ,id desc LIMIT 8   [ RunTime:0.0006s ]
INFO: [ view_parse ] --START--
INFO: [ template_filter ] --START--
INFO: Run Behavior\ContentReplaceBehavior [ RunTime:0.000570s ]
INFO: [ template_filter ] --END-- [ RunTime:0.000676s ]
NOTIC: [2048] Declaration of Common\Model\BasicModel::save() should be compatible with Think\Model::save($data = '', $options = Array) C:\wamp\www\Azjklynew\Common\Model\BasicModel.class.php 第 30 行.
NOTIC: [2048] Declaration of Common\Model\BasicModel::select() should be compatible with Think\Model::select($options = Array) C:\wamp\www\Azjklynew\Common\Model\BasicModel.class.php 第 30 行.
NOTIC: [2048] Declaration of Common\Model\MenuModel::find() should be compatible with Think\Model::find($options = Array) C:\wamp\www\Azjklynew\Common\Model\MenuModel.class.php 第 103 行.
SQL: SHOW COLUMNS FROM `cms_menu` [ RunTime:0.0035s ]
SQL: SELECT * FROM `cms_menu` WHERE `status` = 1 AND `type` = 0 ORDER BY listorder desc,menu_id desc  [ RunTime:0.0003s ]
NOTIC: [8] Undefined index: homeUser C:\wamp\www\Azjklynew\Common\Common\function.php 第 59 行.
INFO: Run Behavior\ParseTemplateBehavior [ RunTime:0.043061s ]
INFO: [ view_parse ] --END-- [ RunTime:0.043181s ]
INFO: [ view_filter ] --START--
INFO: Run Behavior\WriteHtmlCacheBehavior [ RunTime:0.000781s ]
INFO: [ view_filter ] --END-- [ RunTime:0.000864s ]
INFO: [ app_end ] --START--
INFO: Run Behavior\ShowPageTraceBehavior [ RunTime:0.001018s ]
INFO: [ app_end ] --END-- [ RunTime:0.001119s ]

