[ 2017-06-22T23:26:41+08:00 ] 221.221.4.202 /admin.php
INFO: [ app_init ] --START--
INFO: Run Behavior\BuildLiteBehavior [ RunTime:0.000018s ]
INFO: [ app_init ] --END-- [ RunTime:0.000377s ]
INFO: [ app_begin ] --START--
INFO: Run Behavior\ReadHtmlCacheBehavior [ RunTime:0.000405s ]
INFO: [ app_begin ] --END-- [ RunTime:0.000455s ]
NOTIC: [8] Undefined variable: module /data/home/byu2354740001/htdocs/ThinkPHP/Common/functions.php 第 990 行.
NOTIC: [8] Undefined variable: var /data/home/byu2354740001/htdocs/ThinkPHP/Common/functions.php 第 990 行.
NOTIC: [2] array_reverse() expects parameter 1 to be array, null given /data/home/byu2354740001/htdocs/ThinkPHP/Common/functions.php 第 990 行.
NOTIC: [2] http_build_query(): Parameter 1 expected to be Array or Object.  Incorrect value given /data/home/byu2354740001/htdocs/ThinkPHP/Common/functions.php 第 990 行.

[ 2017-06-22T23:26:41+08:00 ] 221.221.4.202 /admin.php?m=&&c=login
INFO: [ app_init ] --START--
INFO: Run Behavior\BuildLiteBehavior [ RunTime:0.000033s ]
INFO: [ app_init ] --END-- [ RunTime:0.000369s ]
INFO: [ app_begin ] --START--
INFO: Run Behavior\ReadHtmlCacheBehavior [ RunTime:0.000426s ]
INFO: [ app_begin ] --END-- [ RunTime:0.000472s ]
INFO: [ view_parse ] --START--
INFO: [ template_filter ] --START--
INFO: Run Behavior\ContentReplaceBehavior [ RunTime:0.000037s ]
INFO: [ template_filter ] --END-- [ RunTime:0.000095s ]
INFO: Run Behavior\ParseTemplateBehavior [ RunTime:0.004471s ]
INFO: [ view_parse ] --END-- [ RunTime:0.004520s ]
INFO: [ view_filter ] --START--
INFO: Run Behavior\WriteHtmlCacheBehavior [ RunTime:0.000172s ]
INFO: [ view_filter ] --END-- [ RunTime:0.000214s ]
INFO: [ app_end ] --START--
INFO: Run Behavior\ShowPageTraceBehavior [ RunTime:0.000464s ]
INFO: [ app_end ] --END-- [ RunTime:0.000512s ]

[ 2017-06-22T23:26:41+08:00 ] 221.221.4.202 /admin.php?m=&&c=login
INFO: [ app_init ] --START--
INFO: Run Behavior\BuildLiteBehavior [ RunTime:0.000018s ]
INFO: [ app_init ] --END-- [ RunTime:0.000354s ]
INFO: [ app_begin ] --START--
INFO: Run Behavior\ReadHtmlCacheBehavior [ RunTime:0.000458s ]
INFO: [ app_begin ] --END-- [ RunTime:0.000522s ]
INFO: [ view_parse ] --START--
INFO: [ template_filter ] --START--
INFO: Run Behavior\ContentReplaceBehavior [ RunTime:0.000058s ]
INFO: [ template_filter ] --END-- [ RunTime:0.000122s ]
INFO: Run Behavior\ParseTemplateBehavior [ RunTime:0.005053s ]
INFO: [ view_parse ] --END-- [ RunTime:0.005112s ]
INFO: [ view_filter ] --START--
INFO: Run Behavior\WriteHtmlCacheBehavior [ RunTime:0.000168s ]
INFO: [ view_filter ] --END-- [ RunTime:0.000206s ]
INFO: [ app_end ] --START--
INFO: Run Behavior\ShowPageTraceBehavior [ RunTime:0.000467s ]
INFO: [ app_end ] --END-- [ RunTime:0.000520s ]

[ 2017-06-22T23:26:48+08:00 ] 221.221.4.202 /admin.php?c=login&a=check
INFO: [ app_init ] --START--
INFO: Run Behavior\BuildLiteBehavior [ RunTime:0.000026s ]
INFO: [ app_init ] --END-- [ RunTime:0.000367s ]
INFO: [ app_begin ] --START--
INFO: Run Behavior\ReadHtmlCacheBehavior [ RunTime:0.000389s ]
INFO: [ app_begin ] --END-- [ RunTime:0.000438s ]
SQL: SHOW COLUMNS FROM `cms_admin` [ RunTime:0.0020s ]
SQL: SELECT * FROM `cms_admin` WHERE ( username="wangpy" ) LIMIT 1   [ RunTime:0.0015s ]

[ 2017-06-22T23:26:49+08:00 ] 221.221.4.202 /admin.php?c=index
INFO: [ app_init ] --START--
INFO: Run Behavior\BuildLiteBehavior [ RunTime:0.000017s ]
INFO: [ app_init ] --END-- [ RunTime:0.000349s ]
INFO: [ app_begin ] --START--
INFO: Run Behavior\ReadHtmlCacheBehavior [ RunTime:0.000395s ]
INFO: [ app_begin ] --END-- [ RunTime:0.000445s ]
NOTIC: [2048] Declaration of Common\Model\NewsModel::find() should be compatible with Think\Model::find($options = Array) /data/home/byu2354740001/htdocs/Azjklynew/Common/Model/NewsModel.class.php 第 6 行.
SQL: SHOW COLUMNS FROM `cms_news` [ RunTime:0.0020s ]
SQL: SELECT * FROM `cms_news` WHERE `status` = 1 ORDER BY count desc LIMIT 1   [ RunTime:0.0016s ]
SQL: SELECT COUNT(*) AS tp_count FROM `cms_news` WHERE `status` <> -1 LIMIT 1   [ RunTime:0.0014s ]
NOTIC: [2048] Declaration of Common\Model\PositionModel::find() should be compatible with Think\Model::find($options = Array) /data/home/byu2354740001/htdocs/Azjklynew/Common/Model/PositionModel.class.php 第 81 行.
SQL: SHOW COLUMNS FROM `cms_position` [ RunTime:0.0016s ]
SQL: SELECT COUNT(*) AS tp_count FROM `cms_position` WHERE `status` = 1 LIMIT 1   [ RunTime:0.0013s ]
SQL: SHOW COLUMNS FROM `cms_admin` [ RunTime:0.0015s ]
SQL: SELECT COUNT(*) AS tp_count FROM `cms_admin` WHERE `status` = 1 AND `lastlogintime` > 1498060800 LIMIT 1   [ RunTime:0.0013s ]
NOTIC: [2] Illegal string offset 'tp_count' /data/home/byu2354740001/htdocs/Azjklynew/Common/Model/AdminModel.class.php 第 75 行.
INFO: [ view_parse ] --START--
INFO: [ template_filter ] --START--
INFO: Run Behavior\ContentReplaceBehavior [ RunTime:0.000047s ]
INFO: [ template_filter ] --END-- [ RunTime:0.000083s ]
NOTIC: [2048] Declaration of Common\Model\MenuModel::find() should be compatible with Think\Model::find($options = Array) /data/home/byu2354740001/htdocs/Azjklynew/Common/Model/MenuModel.class.php 第 103 行.
SQL: SHOW COLUMNS FROM `cms_menu` [ RunTime:0.0016s ]
SQL: SELECT * FROM `cms_menu` WHERE `status` <> -1 AND `type` = 1 ORDER BY listorder desc,menu_id desc  [ RunTime:0.0015s ]
NOTIC: [8] Undefined index: a /data/home/byu2354740001/htdocs/Azjklynew/Common/Common/function.php 第 33 行.
NOTIC: [8] Undefined index: a /data/home/byu2354740001/htdocs/Azjklynew/Common/Common/function.php 第 33 行.
NOTIC: [8] Undefined index: a /data/home/byu2354740001/htdocs/Azjklynew/Common/Common/function.php 第 33 行.
NOTIC: [8] Undefined index: a /data/home/byu2354740001/htdocs/Azjklynew/Common/Common/function.php 第 33 行.
NOTIC: [8] Undefined index: a /data/home/byu2354740001/htdocs/Azjklynew/Common/Common/function.php 第 33 行.
NOTIC: [8] Undefined index: a /data/home/byu2354740001/htdocs/Azjklynew/Common/Common/function.php 第 33 行.
NOTIC: [8] Undefined index: a /data/home/byu2354740001/htdocs/Azjklynew/Common/Common/function.php 第 33 行.
NOTIC: [8] Undefined index: a /data/home/byu2354740001/htdocs/Azjklynew/Common/Common/function.php 第 33 行.
NOTIC: [8] Undefined index: a /data/home/byu2354740001/htdocs/Azjklynew/Common/Common/function.php 第 33 行.
INFO: Run Behavior\ParseTemplateBehavior [ RunTime:0.011522s ]
INFO: [ view_parse ] --END-- [ RunTime:0.011560s ]
INFO: [ view_filter ] --START--
INFO: Run Behavior\WriteHtmlCacheBehavior [ RunTime:0.000187s ]
INFO: [ view_filter ] --END-- [ RunTime:0.000219s ]
INFO: [ app_end ] --START--
INFO: Run Behavior\ShowPageTraceBehavior [ RunTime:0.000450s ]
INFO: [ app_end ] --END-- [ RunTime:0.000497s ]

[ 2017-06-22T23:26:51+08:00 ] 101.226.33.237 /admin.php?m=&&c=login
INFO: [ app_init ] --START--
INFO: Run Behavior\BuildLiteBehavior [ RunTime:0.000017s ]
INFO: [ app_init ] --END-- [ RunTime:0.000352s ]
INFO: [ app_begin ] --START--
INFO: Run Behavior\ReadHtmlCacheBehavior [ RunTime:0.000411s ]
INFO: [ app_begin ] --END-- [ RunTime:0.000461s ]
INFO: [ view_parse ] --START--
INFO: [ template_filter ] --START--
INFO: Run Behavior\ContentReplaceBehavior [ RunTime:0.000035s ]
INFO: [ template_filter ] --END-- [ RunTime:0.000079s ]
INFO: Run Behavior\ParseTemplateBehavior [ RunTime:0.004463s ]
INFO: [ view_parse ] --END-- [ RunTime:0.004509s ]
INFO: [ view_filter ] --START--
INFO: Run Behavior\WriteHtmlCacheBehavior [ RunTime:0.000166s ]
INFO: [ view_filter ] --END-- [ RunTime:0.000195s ]
INFO: [ app_end ] --START--
INFO: Run Behavior\ShowPageTraceBehavior [ RunTime:0.000441s ]
INFO: [ app_end ] --END-- [ RunTime:0.000486s ]

[ 2017-06-22T23:26:51+08:00 ] 221.221.4.202 /admin.php?c=Alljd
INFO: [ app_init ] --START--
INFO: Run Behavior\BuildLiteBehavior [ RunTime:0.000017s ]
INFO: [ app_init ] --END-- [ RunTime:0.000373s ]
INFO: [ app_begin ] --START--
INFO: Run Behavior\ReadHtmlCacheBehavior [ RunTime:0.000469s ]
INFO: [ app_begin ] --END-- [ RunTime:0.000519s ]
NOTIC: [2048] Declaration of Admin\Controller\AlljdController::setStatus() should be compatible with Admin\Controller\CommonController::setStatus($data, $models) /data/home/byu2354740001/htdocs/Azjklynew/Admin/Controller/AlljdController.class.php 第 6 行.
SQL: SHOW COLUMNS FROM `cms_news` [ RunTime:0.0013s ]
SQL: SELECT COUNT(*) AS tp_count FROM `cms_news` WHERE ( catid>=25 and catid<=39 and status!=-1 ) LIMIT 1   [ RunTime:0.0006s ]
NOTIC: [2] Creating default object from empty value /data/home/byu2354740001/htdocs/Azjklynew/Admin/Controller/AlljdController.class.php 第 17 行.
SQL: SELECT * FROM `cms_news` WHERE ( catid>=25 and catid<=39 and status!=-1 ) LIMIT 0,10   [ RunTime:0.0007s ]
NOTIC: [2048] Declaration of Common\Model\MenuModel::find() should be compatible with Think\Model::find($options = Array) /data/home/byu2354740001/htdocs/Azjklynew/Common/Model/MenuModel.class.php 第 103 行.
SQL: SHOW COLUMNS FROM `cms_menu` [ RunTime:0.0009s ]
SQL: SELECT * FROM `cms_menu` WHERE `status` = 1 AND `type` = 2 ORDER BY listorder desc,menu_id desc  [ RunTime:0.0006s ]
INFO: [ view_parse ] --START--
INFO: [ template_filter ] --START--
INFO: Run Behavior\ContentReplaceBehavior [ RunTime:0.000052s ]
INFO: [ template_filter ] --END-- [ RunTime:0.000090s ]
SQL: SELECT * FROM `cms_menu` WHERE `status` <> -1 AND `type` = 1 ORDER BY listorder desc,menu_id desc  [ RunTime:0.0006s ]
NOTIC: [8] Undefined index: a /data/home/byu2354740001/htdocs/Azjklynew/Common/Common/function.php 第 33 行.
NOTIC: [8] Undefined index: a /data/home/byu2354740001/htdocs/Azjklynew/Common/Common/function.php 第 33 行.
NOTIC: [8] Undefined index: a /data/home/byu2354740001/htdocs/Azjklynew/Common/Common/function.php 第 33 行.
NOTIC: [8] Undefined index: a /data/home/byu2354740001/htdocs/Azjklynew/Common/Common/function.php 第 33 行.
NOTIC: [8] Undefined index: a /data/home/byu2354740001/htdocs/Azjklynew/Common/Common/function.php 第 33 行.
NOTIC: [8] Undefined index: a /data/home/byu2354740001/htdocs/Azjklynew/Common/Common/function.php 第 33 行.
NOTIC: [8] Undefined index: a /data/home/byu2354740001/htdocs/Azjklynew/Common/Common/function.php 第 33 行.
NOTIC: [8] Undefined index: a /data/home/byu2354740001/htdocs/Azjklynew/Common/Common/function.php 第 33 行.
NOTIC: [8] Undefined index: a /data/home/byu2354740001/htdocs/Azjklynew/Common/Common/function.php 第 33 行.
INFO: Run Behavior\ParseTemplateBehavior [ RunTime:0.010934s ]
INFO: [ view_parse ] --END-- [ RunTime:0.010972s ]
INFO: [ view_filter ] --START--
INFO: Run Behavior\WriteHtmlCacheBehavior [ RunTime:0.000177s ]
INFO: [ view_filter ] --END-- [ RunTime:0.000213s ]
INFO: [ app_end ] --START--
INFO: Run Behavior\ShowPageTraceBehavior [ RunTime:0.000488s ]
INFO: [ app_end ] --END-- [ RunTime:0.000533s ]

[ 2017-06-22T23:26:54+08:00 ] 221.221.4.202 /admin.php?c=content
INFO: [ app_init ] --START--
INFO: Run Behavior\BuildLiteBehavior [ RunTime:0.000017s ]
INFO: [ app_init ] --END-- [ RunTime:0.000325s ]
INFO: [ app_begin ] --START--
INFO: Run Behavior\ReadHtmlCacheBehavior [ RunTime:0.000401s ]
INFO: [ app_begin ] --END-- [ RunTime:0.000448s ]
NOTIC: [2048] Declaration of Admin\Controller\ContentController::setStatus() should be compatible with Admin\Controller\CommonController::setStatus($data, $models) /data/home/byu2354740001/htdocs/Azjklynew/Admin/Controller/ContentController.class.php 第 12 行.
NOTIC: [2048] Declaration of Admin\Controller\ContentController::listorder() should be compatible with Admin\Controller\CommonController::listorder($model = '') /data/home/byu2354740001/htdocs/Azjklynew/Admin/Controller/ContentController.class.php 第 12 行.
NOTIC: [8] Undefined index: title /data/home/byu2354740001/htdocs/Azjklynew/Admin/Controller/ContentController.class.php 第 16 行.
NOTIC: [8] Undefined index: catid /data/home/byu2354740001/htdocs/Azjklynew/Admin/Controller/ContentController.class.php 第 20 行.
NOTIC: [8] Undefined index: p /data/home/byu2354740001/htdocs/Azjklynew/Admin/Controller/ContentController.class.php 第 24 行.
NOTIC: [2048] Declaration of Common\Model\NewsModel::find() should be compatible with Think\Model::find($options = Array) /data/home/byu2354740001/htdocs/Azjklynew/Common/Model/NewsModel.class.php 第 6 行.
SQL: SHOW COLUMNS FROM `cms_news` [ RunTime:0.0019s ]
SQL: SELECT * FROM `cms_news` WHERE `status` <> -1 ORDER BY listorder desc ,news_id desc LIMIT 0,10   [ RunTime:0.0016s ]
SQL: SELECT COUNT(*) AS tp_count FROM `cms_news` WHERE `status` <> -1 LIMIT 1   [ RunTime:0.0011s ]
NOTIC: [2048] Declaration of Common\Model\PositionModel::find() should be compatible with Think\Model::find($options = Array) /data/home/byu2354740001/htdocs/Azjklynew/Common/Model/PositionModel.class.php 第 81 行.
SQL: SHOW COLUMNS FROM `cms_position` [ RunTime:0.0015s ]
SQL: SELECT * FROM `cms_position` WHERE `status` = 1 ORDER BY id  [ RunTime:0.0013s ]
NOTIC: [2048] Declaration of Common\Model\MenuModel::find() should be compatible with Think\Model::find($options = Array) /data/home/byu2354740001/htdocs/Azjklynew/Common/Model/MenuModel.class.php 第 103 行.
SQL: SHOW COLUMNS FROM `cms_menu` [ RunTime:0.0014s ]
SQL: SELECT * FROM `cms_menu` WHERE `status` = 1 AND `type` = 0 ORDER BY listorder desc,menu_id desc  [ RunTime:0.0012s ]
INFO: [ view_parse ] --START--
INFO: [ template_filter ] --START--
INFO: Run Behavior\ContentReplaceBehavior [ RunTime:0.000055s ]
INFO: [ template_filter ] --END-- [ RunTime:0.000092s ]
SQL: SELECT * FROM `cms_menu` WHERE `status` <> -1 AND `type` = 1 ORDER BY listorder desc,menu_id desc  [ RunTime:0.0012s ]
NOTIC: [8] Undefined index: a /data/home/byu2354740001/htdocs/Azjklynew/Common/Common/function.php 第 33 行.
NOTIC: [8] Undefined index: a /data/home/byu2354740001/htdocs/Azjklynew/Common/Common/function.php 第 33 行.
NOTIC: [8] Undefined index: a /data/home/byu2354740001/htdocs/Azjklynew/Common/Common/function.php 第 33 行.
NOTIC: [8] Undefined index: a /data/home/byu2354740001/htdocs/Azjklynew/Common/Common/function.php 第 33 行.
NOTIC: [8] Undefined index: a /data/home/byu2354740001/htdocs/Azjklynew/Common/Common/function.php 第 33 行.
NOTIC: [8] Undefined index: a /data/home/byu2354740001/htdocs/Azjklynew/Common/Common/function.php 第 33 行.
NOTIC: [8] Undefined index: a /data/home/byu2354740001/htdocs/Azjklynew/Common/Common/function.php 第 33 行.
NOTIC: [8] Undefined index: a /data/home/byu2354740001/htdocs/Azjklynew/Common/Common/function.php 第 33 行.
NOTIC: [8] Undefined index: a /data/home/byu2354740001/htdocs/Azjklynew/Common/Common/function.php 第 33 行.
INFO: Run Behavior\ParseTemplateBehavior [ RunTime:0.011889s ]
INFO: [ view_parse ] --END-- [ RunTime:0.011924s ]
INFO: [ view_filter ] --START--
INFO: Run Behavior\WriteHtmlCacheBehavior [ RunTime:0.000179s ]
INFO: [ view_filter ] --END-- [ RunTime:0.000235s ]
INFO: [ app_end ] --START--
INFO: Run Behavior\ShowPageTraceBehavior [ RunTime:0.000522s ]
INFO: [ app_end ] --END-- [ RunTime:0.000565s ]

[ 2017-06-22T23:26:56+08:00 ] 221.221.4.202 /admin.php?c=Position
INFO: [ app_init ] --START--
INFO: Run Behavior\BuildLiteBehavior [ RunTime:0.000018s ]
INFO: [ app_init ] --END-- [ RunTime:0.000335s ]
INFO: [ app_begin ] --START--
INFO: Run Behavior\ReadHtmlCacheBehavior [ RunTime:0.000460s ]
INFO: [ app_begin ] --END-- [ RunTime:0.000518s ]
NOTIC: [2048] Declaration of Admin\Controller\PositionController::setStatus() should be compatible with Admin\Controller\CommonController::setStatus($data, $models) /data/home/byu2354740001/htdocs/Azjklynew/Admin/Controller/PositionController.class.php 第 7 行.
NOTIC: [2048] Declaration of Common\Model\PositionModel::find() should be compatible with Think\Model::find($options = Array) /data/home/byu2354740001/htdocs/Azjklynew/Common/Model/PositionModel.class.php 第 9 行.
SQL: SHOW COLUMNS FROM `cms_position` [ RunTime:0.0023s ]
SQL: SELECT * FROM `cms_position` WHERE `status` <> -1 ORDER BY id  [ RunTime:0.0019s ]
INFO: [ view_parse ] --START--
INFO: [ template_filter ] --START--
INFO: Run Behavior\ContentReplaceBehavior [ RunTime:0.000051s ]
INFO: [ template_filter ] --END-- [ RunTime:0.000120s ]
NOTIC: [2048] Declaration of Common\Model\MenuModel::find() should be compatible with Think\Model::find($options = Array) /data/home/byu2354740001/htdocs/Azjklynew/Common/Model/MenuModel.class.php 第 103 行.
SQL: SHOW COLUMNS FROM `cms_menu` [ RunTime:0.0023s ]
SQL: SELECT * FROM `cms_menu` WHERE `status` <> -1 AND `type` = 1 ORDER BY listorder desc,menu_id desc  [ RunTime:0.0020s ]
NOTIC: [8] Undefined index: a /data/home/byu2354740001/htdocs/Azjklynew/Common/Common/function.php 第 33 行.
NOTIC: [8] Undefined index: a /data/home/byu2354740001/htdocs/Azjklynew/Common/Common/function.php 第 33 行.
NOTIC: [8] Undefined index: a /data/home/byu2354740001/htdocs/Azjklynew/Common/Common/function.php 第 33 行.
NOTIC: [8] Undefined index: a /data/home/byu2354740001/htdocs/Azjklynew/Common/Common/function.php 第 33 行.
NOTIC: [8] Undefined index: a /data/home/byu2354740001/htdocs/Azjklynew/Common/Common/function.php 第 33 行.
NOTIC: [8] Undefined index: a /data/home/byu2354740001/htdocs/Azjklynew/Common/Common/function.php 第 33 行.
NOTIC: [8] Undefined index: a /data/home/byu2354740001/htdocs/Azjklynew/Common/Common/function.php 第 33 行.
NOTIC: [8] Undefined index: a /data/home/byu2354740001/htdocs/Azjklynew/Common/Common/function.php 第 33 行.
NOTIC: [8] Undefined index: a /data/home/byu2354740001/htdocs/Azjklynew/Common/Common/function.php 第 33 行.
INFO: Run Behavior\ParseTemplateBehavior [ RunTime:0.013901s ]
INFO: [ view_parse ] --END-- [ RunTime:0.013946s ]
INFO: [ view_filter ] --START--
INFO: Run Behavior\WriteHtmlCacheBehavior [ RunTime:0.000226s ]
INFO: [ view_filter ] --END-- [ RunTime:0.000257s ]
INFO: [ app_end ] --START--
INFO: Run Behavior\ShowPageTraceBehavior [ RunTime:0.000436s ]
INFO: [ app_end ] --END-- [ RunTime:0.000502s ]

[ 2017-06-22T23:26:58+08:00 ] 221.221.4.202 /admin.php?c=Positioncontent
INFO: [ app_init ] --START--
INFO: Run Behavior\BuildLiteBehavior [ RunTime:0.000021s ]
INFO: [ app_init ] --END-- [ RunTime:0.000360s ]
INFO: [ app_begin ] --START--
INFO: Run Behavior\ReadHtmlCacheBehavior [ RunTime:0.000510s ]
INFO: [ app_begin ] --END-- [ RunTime:0.000559s ]
NOTIC: [2048] Declaration of Admin\Controller\PositioncontentController::setStatus() should be compatible with Admin\Controller\CommonController::setStatus($data, $models) /data/home/byu2354740001/htdocs/Azjklynew/Admin/Controller/PositioncontentController.class.php 第 9 行.
NOTIC: [2048] Declaration of Admin\Controller\PositioncontentController::listorder() should be compatible with Admin\Controller\CommonController::listorder($model = '') /data/home/byu2354740001/htdocs/Azjklynew/Admin/Controller/PositioncontentController.class.php 第 9 行.
NOTIC: [2048] Declaration of Common\Model\PositionModel::find() should be compatible with Think\Model::find($options = Array) /data/home/byu2354740001/htdocs/Azjklynew/Common/Model/PositionModel.class.php 第 9 行.
SQL: SHOW COLUMNS FROM `cms_position` [ RunTime:0.0010s ]
SQL: SELECT * FROM `cms_position` WHERE `status` = 1 ORDER BY id  [ RunTime:0.0006s ]
NOTIC: [8] Undefined index: title /data/home/byu2354740001/htdocs/Azjklynew/Admin/Controller/PositioncontentController.class.php 第 14 行.
NOTIC: [8] Undefined index: position_id /data/home/byu2354740001/htdocs/Azjklynew/Admin/Controller/PositioncontentController.class.php 第 18 行.
NOTIC: [2048] Declaration of Common\Model\PositionContentModel::find() should be compatible with Think\Model::find($options = Array) /data/home/byu2354740001/htdocs/Azjklynew/Common/Model/PositionContentModel.class.php 第 87 行.
SQL: SHOW COLUMNS FROM `cms_position_content` [ RunTime:0.0010s ]
NOTIC: [8] Undefined index: title /data/home/byu2354740001/htdocs/Azjklynew/Common/Model/PositionContentModel.class.php 第 18 行.
SQL: SELECT * FROM `cms_position_content` WHERE `status` <> -1 AND `position_id` = 7 ORDER BY listorder desc ,id desc  [ RunTime:0.0009s ]
INFO: [ view_parse ] --START--
INFO: [ template_filter ] --START--
INFO: Run Behavior\ContentReplaceBehavior [ RunTime:0.000053s ]
INFO: [ template_filter ] --END-- [ RunTime:0.000090s ]
NOTIC: [2048] Declaration of Common\Model\MenuModel::find() should be compatible with Think\Model::find($options = Array) /data/home/byu2354740001/htdocs/Azjklynew/Common/Model/MenuModel.class.php 第 103 行.
SQL: SHOW COLUMNS FROM `cms_menu` [ RunTime:0.0009s ]
SQL: SELECT * FROM `cms_menu` WHERE `status` <> -1 AND `type` = 1 ORDER BY listorder desc,menu_id desc  [ RunTime:0.0006s ]
NOTIC: [8] Undefined index: a /data/home/byu2354740001/htdocs/Azjklynew/Common/Common/function.php 第 33 行.
NOTIC: [8] Undefined index: a /data/home/byu2354740001/htdocs/Azjklynew/Common/Common/function.php 第 33 行.
NOTIC: [8] Undefined index: a /data/home/byu2354740001/htdocs/Azjklynew/Common/Common/function.php 第 33 行.
NOTIC: [8] Undefined index: a /data/home/byu2354740001/htdocs/Azjklynew/Common/Common/function.php 第 33 行.
NOTIC: [8] Undefined index: a /data/home/byu2354740001/htdocs/Azjklynew/Common/Common/function.php 第 33 行.
NOTIC: [8] Undefined index: a /data/home/byu2354740001/htdocs/Azjklynew/Common/Common/function.php 第 33 行.
NOTIC: [8] Undefined index: a /data/home/byu2354740001/htdocs/Azjklynew/Common/Common/function.php 第 33 行.
NOTIC: [8] Undefined index: a /data/home/byu2354740001/htdocs/Azjklynew/Common/Common/function.php 第 33 行.
NOTIC: [8] Undefined index: a /data/home/byu2354740001/htdocs/Azjklynew/Common/Common/function.php 第 33 行.
NOTIC: [8] Undefined variable: title /data/home/byu2354740001/htdocs/Azjklynew/Runtime/Cache/Admin/c656a36ea28dc52a31abb9e506512585.php 第 120 行.
INFO: Run Behavior\ParseTemplateBehavior [ RunTime:0.011969s ]
INFO: [ view_parse ] --END-- [ RunTime:0.012006s ]
INFO: [ view_filter ] --START--
INFO: Run Behavior\WriteHtmlCacheBehavior [ RunTime:0.000178s ]
INFO: [ view_filter ] --END-- [ RunTime:0.000207s ]
INFO: [ app_end ] --START--
INFO: Run Behavior\ShowPageTraceBehavior [ RunTime:0.000432s ]
INFO: [ app_end ] --END-- [ RunTime:0.000479s ]

[ 2017-06-22T23:27:06+08:00 ] 117.185.27.113 /admin.php?c=Position
INFO: [ app_init ] --START--
INFO: Run Behavior\BuildLiteBehavior [ RunTime:0.000020s ]
INFO: [ app_init ] --END-- [ RunTime:0.000373s ]
INFO: [ app_begin ] --START--
INFO: Run Behavior\ReadHtmlCacheBehavior [ RunTime:0.000465s ]
INFO: [ app_begin ] --END-- [ RunTime:0.000513s ]
NOTIC: [2048] Declaration of Admin\Controller\PositionController::setStatus() should be compatible with Admin\Controller\CommonController::setStatus($data, $models) /data/home/byu2354740001/htdocs/Azjklynew/Admin/Controller/PositionController.class.php 第 7 行.
NOTIC: [8] Undefined variable: module /data/home/byu2354740001/htdocs/ThinkPHP/Common/functions.php 第 990 行.
NOTIC: [8] Undefined variable: var /data/home/byu2354740001/htdocs/ThinkPHP/Common/functions.php 第 990 行.
NOTIC: [2] array_reverse() expects parameter 1 to be array, null given /data/home/byu2354740001/htdocs/ThinkPHP/Common/functions.php 第 990 行.
NOTIC: [2] http_build_query(): Parameter 1 expected to be Array or Object.  Incorrect value given /data/home/byu2354740001/htdocs/ThinkPHP/Common/functions.php 第 990 行.

[ 2017-06-22T23:27:06+08:00 ] 117.185.27.113 /admin.php?m=&&c=login
INFO: [ app_init ] --START--
INFO: Run Behavior\BuildLiteBehavior [ RunTime:0.000018s ]
INFO: [ app_init ] --END-- [ RunTime:0.000338s ]
INFO: [ app_begin ] --START--
INFO: Run Behavior\ReadHtmlCacheBehavior [ RunTime:0.000421s ]
INFO: [ app_begin ] --END-- [ RunTime:0.000479s ]
INFO: [ view_parse ] --START--
INFO: [ template_filter ] --START--
INFO: Run Behavior\ContentReplaceBehavior [ RunTime:0.000038s ]
INFO: [ template_filter ] --END-- [ RunTime:0.000082s ]
INFO: Run Behavior\ParseTemplateBehavior [ RunTime:0.004725s ]
INFO: [ view_parse ] --END-- [ RunTime:0.004769s ]
INFO: [ view_filter ] --START--
INFO: Run Behavior\WriteHtmlCacheBehavior [ RunTime:0.000178s ]
INFO: [ view_filter ] --END-- [ RunTime:0.000210s ]
INFO: [ app_end ] --START--
INFO: Run Behavior\ShowPageTraceBehavior [ RunTime:0.000427s ]
INFO: [ app_end ] --END-- [ RunTime:0.000482s ]

[ 2017-06-22T23:27:06+08:00 ] 221.221.4.202 /admin.php?position_id=9&c=positioncontent&a=index&title=
INFO: [ app_init ] --START--
INFO: Run Behavior\BuildLiteBehavior [ RunTime:0.000018s ]
INFO: [ app_init ] --END-- [ RunTime:0.000330s ]
INFO: [ app_begin ] --START--
INFO: Run Behavior\ReadHtmlCacheBehavior [ RunTime:0.000419s ]
INFO: [ app_begin ] --END-- [ RunTime:0.000465s ]
NOTIC: [2048] Declaration of Admin\Controller\PositioncontentController::setStatus() should be compatible with Admin\Controller\CommonController::setStatus($data, $models) /data/home/byu2354740001/htdocs/Azjklynew/Admin/Controller/PositioncontentController.class.php 第 9 行.
NOTIC: [2048] Declaration of Admin\Controller\PositioncontentController::listorder() should be compatible with Admin\Controller\CommonController::listorder($model = '') /data/home/byu2354740001/htdocs/Azjklynew/Admin/Controller/PositioncontentController.class.php 第 9 行.
NOTIC: [2048] Declaration of Common\Model\PositionModel::find() should be compatible with Think\Model::find($options = Array) /data/home/byu2354740001/htdocs/Azjklynew/Common/Model/PositionModel.class.php 第 9 行.
SQL: SHOW COLUMNS FROM `cms_position` [ RunTime:0.0010s ]
SQL: SELECT * FROM `cms_position` WHERE `status` = 1 ORDER BY id  [ RunTime:0.0006s ]
NOTIC: [2048] Declaration of Common\Model\PositionContentModel::find() should be compatible with Think\Model::find($options = Array) /data/home/byu2354740001/htdocs/Azjklynew/Common/Model/PositionContentModel.class.php 第 87 行.
SQL: SHOW COLUMNS FROM `cms_position_content` [ RunTime:0.0010s ]
NOTIC: [8] Undefined index: title /data/home/byu2354740001/htdocs/Azjklynew/Common/Model/PositionContentModel.class.php 第 18 行.
SQL: SELECT * FROM `cms_position_content` WHERE `status` <> -1 AND `position_id` = 9 ORDER BY listorder desc ,id desc  [ RunTime:0.0009s ]
INFO: [ view_parse ] --START--
INFO: [ template_filter ] --START--
INFO: Run Behavior\ContentReplaceBehavior [ RunTime:0.000048s ]
INFO: [ template_filter ] --END-- [ RunTime:0.000111s ]
NOTIC: [2048] Declaration of Common\Model\MenuModel::find() should be compatible with Think\Model::find($options = Array) /data/home/byu2354740001/htdocs/Azjklynew/Common/Model/MenuModel.class.php 第 103 行.
SQL: SHOW COLUMNS FROM `cms_menu` [ RunTime:0.0010s ]
SQL: SELECT * FROM `cms_menu` WHERE `status` <> -1 AND `type` = 1 ORDER BY listorder desc,menu_id desc  [ RunTime:0.0007s ]
NOTIC: [8] Undefined index: a /data/home/byu2354740001/htdocs/Azjklynew/Common/Common/function.php 第 33 行.
NOTIC: [8] Undefined index: a /data/home/byu2354740001/htdocs/Azjklynew/Common/Common/function.php 第 33 行.
NOTIC: [8] Undefined index: a /data/home/byu2354740001/htdocs/Azjklynew/Common/Common/function.php 第 33 行.
NOTIC: [8] Undefined index: a /data/home/byu2354740001/htdocs/Azjklynew/Common/Common/function.php 第 33 行.
NOTIC: [8] Undefined index: a /data/home/byu2354740001/htdocs/Azjklynew/Common/Common/function.php 第 33 行.
NOTIC: [8] Undefined index: a /data/home/byu2354740001/htdocs/Azjklynew/Common/Common/function.php 第 33 行.
NOTIC: [8] Undefined index: a /data/home/byu2354740001/htdocs/Azjklynew/Common/Common/function.php 第 33 行.
NOTIC: [8] Undefined index: a /data/home/byu2354740001/htdocs/Azjklynew/Common/Common/function.php 第 33 行.
NOTIC: [8] Undefined index: a /data/home/byu2354740001/htdocs/Azjklynew/Common/Common/function.php 第 33 行.
NOTIC: [8] Undefined variable: title /data/home/byu2354740001/htdocs/Azjklynew/Runtime/Cache/Admin/c656a36ea28dc52a31abb9e506512585.php 第 120 行.
INFO: Run Behavior\ParseTemplateBehavior [ RunTime:0.011967s ]
INFO: [ view_parse ] --END-- [ RunTime:0.012007s ]
INFO: [ view_filter ] --START--
INFO: Run Behavior\WriteHtmlCacheBehavior [ RunTime:0.000197s ]
INFO: [ view_filter ] --END-- [ RunTime:0.000226s ]
INFO: [ app_end ] --START--
INFO: Run Behavior\ShowPageTraceBehavior [ RunTime:0.000464s ]
INFO: [ app_end ] --END-- [ RunTime:0.000505s ]

[ 2017-06-22T23:27:07+08:00 ] 101.226.68.213 /admin.php?c=alljd
INFO: [ app_init ] --START--
INFO: Run Behavior\BuildLiteBehavior [ RunTime:0.000041s ]
INFO: [ app_init ] --END-- [ RunTime:0.000380s ]
INFO: [ app_begin ] --START--
INFO: Run Behavior\ReadHtmlCacheBehavior [ RunTime:0.000436s ]
INFO: [ app_begin ] --END-- [ RunTime:0.000486s ]
NOTIC: [2048] Declaration of Admin\Controller\AlljdController::setStatus() should be compatible with Admin\Controller\CommonController::setStatus($data, $models) /data/home/byu2354740001/htdocs/Azjklynew/Admin/Controller/AlljdController.class.php 第 6 行.
NOTIC: [8] Undefined variable: module /data/home/byu2354740001/htdocs/ThinkPHP/Common/functions.php 第 990 行.
NOTIC: [8] Undefined variable: var /data/home/byu2354740001/htdocs/ThinkPHP/Common/functions.php 第 990 行.
NOTIC: [2] array_reverse() expects parameter 1 to be array, null given /data/home/byu2354740001/htdocs/ThinkPHP/Common/functions.php 第 990 行.
NOTIC: [2] http_build_query(): Parameter 1 expected to be Array or Object.  Incorrect value given /data/home/byu2354740001/htdocs/ThinkPHP/Common/functions.php 第 990 行.

[ 2017-06-22T23:27:07+08:00 ] 101.226.68.213 /admin.php?m=&&c=login
INFO: [ app_init ] --START--
INFO: Run Behavior\BuildLiteBehavior [ RunTime:0.000018s ]
INFO: [ app_init ] --END-- [ RunTime:0.000378s ]
INFO: [ app_begin ] --START--
INFO: Run Behavior\ReadHtmlCacheBehavior [ RunTime:0.000444s ]
INFO: [ app_begin ] --END-- [ RunTime:0.000494s ]
INFO: [ view_parse ] --START--
INFO: [ template_filter ] --START--
INFO: Run Behavior\ContentReplaceBehavior [ RunTime:0.000037s ]
INFO: [ template_filter ] --END-- [ RunTime:0.000083s ]
INFO: Run Behavior\ParseTemplateBehavior [ RunTime:0.004471s ]
INFO: [ view_parse ] --END-- [ RunTime:0.004555s ]
INFO: [ view_filter ] --START--
INFO: Run Behavior\WriteHtmlCacheBehavior [ RunTime:0.000176s ]
INFO: [ view_filter ] --END-- [ RunTime:0.000205s ]
INFO: [ app_end ] --START--
INFO: Run Behavior\ShowPageTraceBehavior [ RunTime:0.000477s ]
INFO: [ app_end ] --END-- [ RunTime:0.000525s ]

[ 2017-06-22T23:27:08+08:00 ] 101.226.33.200 /admin.php?c=Positioncontent
INFO: [ app_init ] --START--
INFO: Run Behavior\BuildLiteBehavior [ RunTime:0.000019s ]
INFO: [ app_init ] --END-- [ RunTime:0.000333s ]
INFO: [ app_begin ] --START--
INFO: Run Behavior\ReadHtmlCacheBehavior [ RunTime:0.000395s ]
INFO: [ app_begin ] --END-- [ RunTime:0.000450s ]
NOTIC: [2048] Declaration of Admin\Controller\PositioncontentController::setStatus() should be compatible with Admin\Controller\CommonController::setStatus($data, $models) /data/home/byu2354740001/htdocs/Azjklynew/Admin/Controller/PositioncontentController.class.php 第 9 行.
NOTIC: [2048] Declaration of Admin\Controller\PositioncontentController::listorder() should be compatible with Admin\Controller\CommonController::listorder($model = '') /data/home/byu2354740001/htdocs/Azjklynew/Admin/Controller/PositioncontentController.class.php 第 9 行.
NOTIC: [8] Undefined variable: module /data/home/byu2354740001/htdocs/ThinkPHP/Common/functions.php 第 990 行.
NOTIC: [8] Undefined variable: var /data/home/byu2354740001/htdocs/ThinkPHP/Common/functions.php 第 990 行.
NOTIC: [2] array_reverse() expects parameter 1 to be array, null given /data/home/byu2354740001/htdocs/ThinkPHP/Common/functions.php 第 990 行.
NOTIC: [2] http_build_query(): Parameter 1 expected to be Array or Object.  Incorrect value given /data/home/byu2354740001/htdocs/ThinkPHP/Common/functions.php 第 990 行.

[ 2017-06-22T23:27:08+08:00 ] 101.226.89.116 /admin.php?c=Positioncontent
INFO: [ app_init ] --START--
INFO: Run Behavior\BuildLiteBehavior [ RunTime:0.000018s ]
INFO: [ app_init ] --END-- [ RunTime:0.000347s ]
INFO: [ app_begin ] --START--
INFO: Run Behavior\ReadHtmlCacheBehavior [ RunTime:0.000384s ]
INFO: [ app_begin ] --END-- [ RunTime:0.000433s ]
NOTIC: [2048] Declaration of Admin\Controller\PositioncontentController::setStatus() should be compatible with Admin\Controller\CommonController::setStatus($data, $models) /data/home/byu2354740001/htdocs/Azjklynew/Admin/Controller/PositioncontentController.class.php 第 9 行.
NOTIC: [2048] Declaration of Admin\Controller\PositioncontentController::listorder() should be compatible with Admin\Controller\CommonController::listorder($model = '') /data/home/byu2354740001/htdocs/Azjklynew/Admin/Controller/PositioncontentController.class.php 第 9 行.
NOTIC: [8] Undefined variable: module /data/home/byu2354740001/htdocs/ThinkPHP/Common/functions.php 第 990 行.
NOTIC: [8] Undefined variable: var /data/home/byu2354740001/htdocs/ThinkPHP/Common/functions.php 第 990 行.
NOTIC: [2] array_reverse() expects parameter 1 to be array, null given /data/home/byu2354740001/htdocs/ThinkPHP/Common/functions.php 第 990 行.
NOTIC: [2] http_build_query(): Parameter 1 expected to be Array or Object.  Incorrect value given /data/home/byu2354740001/htdocs/ThinkPHP/Common/functions.php 第 990 行.

[ 2017-06-22T23:27:08+08:00 ] 101.226.89.116 /admin.php?m=&&c=login
INFO: [ app_init ] --START--
INFO: Run Behavior\BuildLiteBehavior [ RunTime:0.000017s ]
INFO: [ app_init ] --END-- [ RunTime:0.000334s ]
INFO: [ app_begin ] --START--
INFO: Run Behavior\ReadHtmlCacheBehavior [ RunTime:0.000404s ]
INFO: [ app_begin ] --END-- [ RunTime:0.000452s ]
INFO: [ view_parse ] --START--
INFO: [ template_filter ] --START--
INFO: Run Behavior\ContentReplaceBehavior [ RunTime:0.000047s ]
INFO: [ template_filter ] --END-- [ RunTime:0.000094s ]
INFO: Run Behavior\ParseTemplateBehavior [ RunTime:0.005899s ]
INFO: [ view_parse ] --END-- [ RunTime:0.005944s ]
INFO: [ view_filter ] --START--
INFO: Run Behavior\WriteHtmlCacheBehavior [ RunTime:0.000166s ]
INFO: [ view_filter ] --END-- [ RunTime:0.000200s ]
INFO: [ app_end ] --START--
INFO: Run Behavior\ShowPageTraceBehavior [ RunTime:0.000438s ]
INFO: [ app_end ] --END-- [ RunTime:0.000482s ]

[ 2017-06-22T23:27:08+08:00 ] 101.226.33.200 /admin.php?m=&&c=login
INFO: [ app_init ] --START--
INFO: Run Behavior\BuildLiteBehavior [ RunTime:0.000019s ]
INFO: [ app_init ] --END-- [ RunTime:0.000367s ]
INFO: [ app_begin ] --START--
INFO: Run Behavior\ReadHtmlCacheBehavior [ RunTime:0.000395s ]
INFO: [ app_begin ] --END-- [ RunTime:0.000444s ]
INFO: [ view_parse ] --START--
INFO: [ template_filter ] --START--
INFO: Run Behavior\ContentReplaceBehavior [ RunTime:0.000064s ]
INFO: [ template_filter ] --END-- [ RunTime:0.000112s ]
INFO: Run Behavior\ParseTemplateBehavior [ RunTime:0.004444s ]
INFO: [ view_parse ] --END-- [ RunTime:0.004489s ]
INFO: [ view_filter ] --START--
INFO: Run Behavior\WriteHtmlCacheBehavior [ RunTime:0.000165s ]
INFO: [ view_filter ] --END-- [ RunTime:0.000194s ]
INFO: [ app_end ] --START--
INFO: Run Behavior\ShowPageTraceBehavior [ RunTime:0.000469s ]
INFO: [ app_end ] --END-- [ RunTime:0.000515s ]

[ 2017-06-22T23:27:11+08:00 ] 221.221.4.202 /admin.php?c=positioncontent&a=setStatus
INFO: [ app_init ] --START--
INFO: Run Behavior\BuildLiteBehavior [ RunTime:0.000020s ]
INFO: [ app_init ] --END-- [ RunTime:0.000344s ]
INFO: [ app_begin ] --START--
INFO: Run Behavior\ReadHtmlCacheBehavior [ RunTime:0.000456s ]
INFO: [ app_begin ] --END-- [ RunTime:0.000504s ]
NOTIC: [2048] Declaration of Admin\Controller\PositioncontentController::setStatus() should be compatible with Admin\Controller\CommonController::setStatus($data, $models) /data/home/byu2354740001/htdocs/Azjklynew/Admin/Controller/PositioncontentController.class.php 第 9 行.
NOTIC: [2048] Declaration of Admin\Controller\PositioncontentController::listorder() should be compatible with Admin\Controller\CommonController::listorder($model = '') /data/home/byu2354740001/htdocs/Azjklynew/Admin/Controller/PositioncontentController.class.php 第 9 行.
NOTIC: [2048] Declaration of Common\Model\PositionContentModel::find() should be compatible with Think\Model::find($options = Array) /data/home/byu2354740001/htdocs/Azjklynew/Common/Model/PositionContentModel.class.php 第 9 行.
SQL: SHOW COLUMNS FROM `cms_position_content` [ RunTime:0.0018s ]
SQL: UPDATE `cms_position_content` SET `status`='-1' WHERE ( id=139 ) [ RunTime:0.0016s ]

[ 2017-06-22T23:27:12+08:00 ] 221.221.4.202 /admin.php?position_id=9&c=positioncontent&a=index&title=
INFO: [ app_init ] --START--
INFO: Run Behavior\BuildLiteBehavior [ RunTime:0.000020s ]
INFO: [ app_init ] --END-- [ RunTime:0.000365s ]
INFO: [ app_begin ] --START--
INFO: Run Behavior\ReadHtmlCacheBehavior [ RunTime:0.000400s ]
INFO: [ app_begin ] --END-- [ RunTime:0.000449s ]
NOTIC: [2048] Declaration of Admin\Controller\PositioncontentController::setStatus() should be compatible with Admin\Controller\CommonController::setStatus($data, $models) /data/home/byu2354740001/htdocs/Azjklynew/Admin/Controller/PositioncontentController.class.php 第 9 行.
NOTIC: [2048] Declaration of Admin\Controller\PositioncontentController::listorder() should be compatible with Admin\Controller\CommonController::listorder($model = '') /data/home/byu2354740001/htdocs/Azjklynew/Admin/Controller/PositioncontentController.class.php 第 9 行.
NOTIC: [2048] Declaration of Common\Model\PositionModel::find() should be compatible with Think\Model::find($options = Array) /data/home/byu2354740001/htdocs/Azjklynew/Common/Model/PositionModel.class.php 第 9 行.
SQL: SHOW COLUMNS FROM `cms_position` [ RunTime:0.0020s ]
SQL: SELECT * FROM `cms_position` WHERE `status` = 1 ORDER BY id  [ RunTime:0.0006s ]
NOTIC: [2048] Declaration of Common\Model\PositionContentModel::find() should be compatible with Think\Model::find($options = Array) /data/home/byu2354740001/htdocs/Azjklynew/Common/Model/PositionContentModel.class.php 第 87 行.
SQL: SHOW COLUMNS FROM `cms_position_content` [ RunTime:0.0010s ]
NOTIC: [8] Undefined index: title /data/home/byu2354740001/htdocs/Azjklynew/Common/Model/PositionContentModel.class.php 第 18 行.
SQL: SELECT * FROM `cms_position_content` WHERE `status` <> -1 AND `position_id` = 9 ORDER BY listorder desc ,id desc  [ RunTime:0.0009s ]
INFO: [ view_parse ] --START--
INFO: [ template_filter ] --START--
INFO: Run Behavior\ContentReplaceBehavior [ RunTime:0.000076s ]
INFO: [ template_filter ] --END-- [ RunTime:0.000127s ]
NOTIC: [2048] Declaration of Common\Model\MenuModel::find() should be compatible with Think\Model::find($options = Array) /data/home/byu2354740001/htdocs/Azjklynew/Common/Model/MenuModel.class.php 第 103 行.
SQL: SHOW COLUMNS FROM `cms_menu` [ RunTime:0.0012s ]
SQL: SELECT * FROM `cms_menu` WHERE `status` <> -1 AND `type` = 1 ORDER BY listorder desc,menu_id desc  [ RunTime:0.0006s ]
NOTIC: [8] Undefined index: a /data/home/byu2354740001/htdocs/Azjklynew/Common/Common/function.php 第 33 行.
NOTIC: [8] Undefined index: a /data/home/byu2354740001/htdocs/Azjklynew/Common/Common/function.php 第 33 行.
NOTIC: [8] Undefined index: a /data/home/byu2354740001/htdocs/Azjklynew/Common/Common/function.php 第 33 行.
NOTIC: [8] Undefined index: a /data/home/byu2354740001/htdocs/Azjklynew/Common/Common/function.php 第 33 行.
NOTIC: [8] Undefined index: a /data/home/byu2354740001/htdocs/Azjklynew/Common/Common/function.php 第 33 行.
NOTIC: [8] Undefined index: a /data/home/byu2354740001/htdocs/Azjklynew/Common/Common/function.php 第 33 行.
NOTIC: [8] Undefined index: a /data/home/byu2354740001/htdocs/Azjklynew/Common/Common/function.php 第 33 行.
NOTIC: [8] Undefined index: a /data/home/byu2354740001/htdocs/Azjklynew/Common/Common/function.php 第 33 行.
NOTIC: [8] Undefined index: a /data/home/byu2354740001/htdocs/Azjklynew/Common/Common/function.php 第 33 行.
NOTIC: [8] Undefined variable: title /data/home/byu2354740001/htdocs/Azjklynew/Runtime/Cache/Admin/c656a36ea28dc52a31abb9e506512585.php 第 120 行.
INFO: Run Behavior\ParseTemplateBehavior [ RunTime:0.012644s ]
INFO: [ view_parse ] --END-- [ RunTime:0.012693s ]
INFO: [ view_filter ] --START--
INFO: Run Behavior\WriteHtmlCacheBehavior [ RunTime:0.000192s ]
INFO: [ view_filter ] --END-- [ RunTime:0.000232s ]
INFO: [ app_end ] --START--
INFO: Run Behavior\ShowPageTraceBehavior [ RunTime:0.000434s ]
INFO: [ app_end ] --END-- [ RunTime:0.000478s ]

[ 2017-06-22T23:27:16+08:00 ] 61.151.226.16 /admin.php?position_id=9&c=positioncontent&a=index&title=
INFO: [ app_init ] --START--
INFO: Run Behavior\BuildLiteBehavior [ RunTime:0.000027s ]
INFO: [ app_init ] --END-- [ RunTime:0.000334s ]
INFO: [ app_begin ] --START--
INFO: Run Behavior\ReadHtmlCacheBehavior [ RunTime:0.000398s ]
INFO: [ app_begin ] --END-- [ RunTime:0.000450s ]
NOTIC: [2048] Declaration of Admin\Controller\PositioncontentController::setStatus() should be compatible with Admin\Controller\CommonController::setStatus($data, $models) /data/home/byu2354740001/htdocs/Azjklynew/Admin/Controller/PositioncontentController.class.php 第 9 行.
NOTIC: [2048] Declaration of Admin\Controller\PositioncontentController::listorder() should be compatible with Admin\Controller\CommonController::listorder($model = '') /data/home/byu2354740001/htdocs/Azjklynew/Admin/Controller/PositioncontentController.class.php 第 9 行.
NOTIC: [8] Undefined variable: module /data/home/byu2354740001/htdocs/ThinkPHP/Common/functions.php 第 990 行.
NOTIC: [8] Undefined variable: var /data/home/byu2354740001/htdocs/ThinkPHP/Common/functions.php 第 990 行.
NOTIC: [2] array_reverse() expects parameter 1 to be array, null given /data/home/byu2354740001/htdocs/ThinkPHP/Common/functions.php 第 990 行.
NOTIC: [2] http_build_query(): Parameter 1 expected to be Array or Object.  Incorrect value given /data/home/byu2354740001/htdocs/ThinkPHP/Common/functions.php 第 990 行.

[ 2017-06-22T23:27:16+08:00 ] 61.151.226.16 /admin.php?m=&&c=login
INFO: [ app_init ] --START--
INFO: Run Behavior\BuildLiteBehavior [ RunTime:0.000038s ]
INFO: [ app_init ] --END-- [ RunTime:0.000363s ]
INFO: [ app_begin ] --START--
INFO: Run Behavior\ReadHtmlCacheBehavior [ RunTime:0.000399s ]
INFO: [ app_begin ] --END-- [ RunTime:0.000447s ]
INFO: [ view_parse ] --START--
INFO: [ template_filter ] --START--
INFO: Run Behavior\ContentReplaceBehavior [ RunTime:0.000040s ]
INFO: [ template_filter ] --END-- [ RunTime:0.000084s ]
INFO: Run Behavior\ParseTemplateBehavior [ RunTime:0.004492s ]
INFO: [ view_parse ] --END-- [ RunTime:0.004544s ]
INFO: [ view_filter ] --START--
INFO: Run Behavior\WriteHtmlCacheBehavior [ RunTime:0.000192s ]
INFO: [ view_filter ] --END-- [ RunTime:0.000226s ]
INFO: [ app_end ] --START--
INFO: Run Behavior\ShowPageTraceBehavior [ RunTime:0.000408s ]
INFO: [ app_end ] --END-- [ RunTime:0.000452s ]

[ 2017-06-22T23:27:22+08:00 ] 101.226.89.120 /admin.php?position_id=9&c=positioncontent&a=index&title=
INFO: [ app_init ] --START--
INFO: Run Behavior\BuildLiteBehavior [ RunTime:0.000026s ]
INFO: [ app_init ] --END-- [ RunTime:0.000465s ]
INFO: [ app_begin ] --START--
INFO: Run Behavior\ReadHtmlCacheBehavior [ RunTime:0.000592s ]
INFO: [ app_begin ] --END-- [ RunTime:0.000645s ]
NOTIC: [2048] Declaration of Admin\Controller\PositioncontentController::setStatus() should be compatible with Admin\Controller\CommonController::setStatus($data, $models) /data/home/byu2354740001/htdocs/Azjklynew/Admin/Controller/PositioncontentController.class.php 第 9 行.
NOTIC: [2048] Declaration of Admin\Controller\PositioncontentController::listorder() should be compatible with Admin\Controller\CommonController::listorder($model = '') /data/home/byu2354740001/htdocs/Azjklynew/Admin/Controller/PositioncontentController.class.php 第 9 行.
NOTIC: [8] Undefined variable: module /data/home/byu2354740001/htdocs/ThinkPHP/Common/functions.php 第 990 行.
NOTIC: [8] Undefined variable: var /data/home/byu2354740001/htdocs/ThinkPHP/Common/functions.php 第 990 行.
NOTIC: [2] array_reverse() expects parameter 1 to be array, null given /data/home/byu2354740001/htdocs/ThinkPHP/Common/functions.php 第 990 行.
NOTIC: [2] http_build_query(): Parameter 1 expected to be Array or Object.  Incorrect value given /data/home/byu2354740001/htdocs/ThinkPHP/Common/functions.php 第 990 行.

[ 2017-06-22T23:27:22+08:00 ] 101.226.89.120 /admin.php?m=&&c=login
INFO: [ app_init ] --START--
INFO: Run Behavior\BuildLiteBehavior [ RunTime:0.000016s ]
INFO: [ app_init ] --END-- [ RunTime:0.000339s ]
INFO: [ app_begin ] --START--
INFO: Run Behavior\ReadHtmlCacheBehavior [ RunTime:0.000396s ]
INFO: [ app_begin ] --END-- [ RunTime:0.000444s ]
INFO: [ view_parse ] --START--
INFO: [ template_filter ] --START--
INFO: Run Behavior\ContentReplaceBehavior [ RunTime:0.000065s ]
INFO: [ template_filter ] --END-- [ RunTime:0.000133s ]
INFO: Run Behavior\ParseTemplateBehavior [ RunTime:0.004510s ]
INFO: [ view_parse ] --END-- [ RunTime:0.004556s ]
INFO: [ view_filter ] --START--
INFO: Run Behavior\WriteHtmlCacheBehavior [ RunTime:0.000165s ]
INFO: [ view_filter ] --END-- [ RunTime:0.000206s ]
INFO: [ app_end ] --START--
INFO: Run Behavior\ShowPageTraceBehavior [ RunTime:0.000438s ]
INFO: [ app_end ] --END-- [ RunTime:0.000489s ]

