[ 2017-06-25T00:12:01+08:00 ] 221.221.4.202 /admin.php?c=content&a=add
INFO: [ app_init ] --START--
INFO: Run Behavior\BuildLiteBehavior [ RunTime:0.000019s ]
INFO: [ app_init ] --END-- [ RunTime:0.000368s ]
INFO: [ app_begin ] --START--
INFO: Run Behavior\ReadHtmlCacheBehavior [ RunTime:0.000476s ]
INFO: [ app_begin ] --END-- [ RunTime:0.000525s ]
NOTIC: [2048] Declaration of Admin\Controller\ContentController::setStatus() should be compatible with Admin\Controller\CommonController::setStatus($data, $models) /data/home/byu2354740001/htdocs/Azjklynew/Admin/Controller/ContentController.class.php 第 12 行.
NOTIC: [2048] Declaration of Admin\Controller\ContentController::listorder() should be compatible with Admin\Controller\CommonController::listorder($model = '') /data/home/byu2354740001/htdocs/Azjklynew/Admin/Controller/ContentController.class.php 第 12 行.
NOTIC: [2048] Declaration of Common\Model\MenuModel::find() should be compatible with Think\Model::find($options = Array) /data/home/byu2354740001/htdocs/Azjklynew/Common/Model/MenuModel.class.php 第 5 行.
SQL: SHOW COLUMNS FROM `cms_menu` [ RunTime:0.0012s ]
SQL: SELECT * FROM `cms_menu` WHERE `status` = 1 AND `type` = 0 ORDER BY listorder desc,menu_id desc  [ RunTime:0.0007s ]
INFO: [ view_parse ] --START--
INFO: [ template_filter ] --START--
INFO: Run Behavior\ContentReplaceBehavior [ RunTime:0.000061s ]
INFO: [ template_filter ] --END-- [ RunTime:0.000104s ]
SQL: SELECT * FROM `cms_menu` WHERE `status` <> -1 AND `type` = 1 ORDER BY listorder desc,menu_id desc  [ RunTime:0.0008s ]
NOTIC: [8] Undefined index: a /data/home/byu2354740001/htdocs/Azjklynew/Common/Common/function.php 第 33 行.
NOTIC: [8] Undefined index: a /data/home/byu2354740001/htdocs/Azjklynew/Common/Common/function.php 第 33 行.
NOTIC: [8] Undefined index: a /data/home/byu2354740001/htdocs/Azjklynew/Common/Common/function.php 第 33 行.
NOTIC: [8] Undefined index: a /data/home/byu2354740001/htdocs/Azjklynew/Common/Common/function.php 第 33 行.
NOTIC: [8] Undefined index: a /data/home/byu2354740001/htdocs/Azjklynew/Common/Common/function.php 第 33 行.
NOTIC: [8] Undefined index: a /data/home/byu2354740001/htdocs/Azjklynew/Common/Common/function.php 第 33 行.
NOTIC: [8] Undefined index: a /data/home/byu2354740001/htdocs/Azjklynew/Common/Common/function.php 第 33 行.
NOTIC: [8] Undefined index: a /data/home/byu2354740001/htdocs/Azjklynew/Common/Common/function.php 第 33 行.
NOTIC: [8] Undefined index: a /data/home/byu2354740001/htdocs/Azjklynew/Common/Common/function.php 第 33 行.
NOTIC: [8] Undefined variable: vo /data/home/byu2354740001/htdocs/Azjklynew/Runtime/Cache/Admin/88bf6dd62bb1a3e325980d638d028d08.php 第 144 行.
NOTIC: [8] Undefined variable: vo /data/home/byu2354740001/htdocs/Azjklynew/Runtime/Cache/Admin/88bf6dd62bb1a3e325980d638d028d08.php 第 144 行.
NOTIC: [8] Undefined variable: vo /data/home/byu2354740001/htdocs/Azjklynew/Runtime/Cache/Admin/88bf6dd62bb1a3e325980d638d028d08.php 第 144 行.
NOTIC: [8] Undefined variable: vo /data/home/byu2354740001/htdocs/Azjklynew/Runtime/Cache/Admin/88bf6dd62bb1a3e325980d638d028d08.php 第 144 行.
NOTIC: [8] Undefined variable: vol /data/home/byu2354740001/htdocs/Azjklynew/Runtime/Cache/Admin/88bf6dd62bb1a3e325980d638d028d08.php 第 145 行.
NOTIC: [8] Undefined index: id /data/home/byu2354740001/htdocs/Azjklynew/Runtime/Cache/Admin/88bf6dd62bb1a3e325980d638d028d08.php 第 145 行.
NOTIC: [8] Undefined variable: menus /data/home/byu2354740001/htdocs/Azjklynew/Runtime/Cache/Admin/88bf6dd62bb1a3e325980d638d028d08.php 第 145 行.
NOTIC: [8] Undefined index: level /data/home/byu2354740001/htdocs/Azjklynew/Runtime/Cache/Admin/88bf6dd62bb1a3e325980d638d028d08.php 第 145 行.
NOTIC: [8] Undefined variable: vol /data/home/byu2354740001/htdocs/Azjklynew/Runtime/Cache/Admin/88bf6dd62bb1a3e325980d638d028d08.php 第 145 行.
NOTIC: [8] Undefined index: id /data/home/byu2354740001/htdocs/Azjklynew/Runtime/Cache/Admin/88bf6dd62bb1a3e325980d638d028d08.php 第 145 行.
NOTIC: [8] Undefined variable: menus /data/home/byu2354740001/htdocs/Azjklynew/Runtime/Cache/Admin/88bf6dd62bb1a3e325980d638d028d08.php 第 145 行.
NOTIC: [8] Undefined index: level /data/home/byu2354740001/htdocs/Azjklynew/Runtime/Cache/Admin/88bf6dd62bb1a3e325980d638d028d08.php 第 145 行.
INFO: Run Behavior\ParseTemplateBehavior [ RunTime:0.012069s ]
INFO: [ view_parse ] --END-- [ RunTime:0.012117s ]
INFO: [ view_filter ] --START--
INFO: Run Behavior\WriteHtmlCacheBehavior [ RunTime:0.000321s ]
INFO: [ view_filter ] --END-- [ RunTime:0.000360s ]
INFO: [ app_end ] --START--
INFO: Run Behavior\ShowPageTraceBehavior [ RunTime:0.000561s ]
INFO: [ app_end ] --END-- [ RunTime:0.000607s ]

[ 2017-06-25T00:12:07+08:00 ] 221.221.4.202 /admin.php?c=image&a=ajaxuploadimage
INFO: [ app_init ] --START--
INFO: Run Behavior\BuildLiteBehavior [ RunTime:0.000021s ]
INFO: [ app_init ] --END-- [ RunTime:0.000347s ]
INFO: [ app_begin ] --START--
INFO: Run Behavior\ReadHtmlCacheBehavior [ RunTime:0.000468s ]
INFO: [ app_begin ] --END-- [ RunTime:0.000518s ]
NOTIC: [8] Use of undefined constant Y - assumed 'Y' /data/home/byu2354740001/htdocs/Azjklynew/Common/Model/UploadImageModel.class.php 第 19 行.
NOTIC: [8] Use of undefined constant m - assumed 'm' /data/home/byu2354740001/htdocs/Azjklynew/Common/Model/UploadImageModel.class.php 第 19 行.
NOTIC: [8] Use of undefined constant d - assumed 'd' /data/home/byu2354740001/htdocs/Azjklynew/Common/Model/UploadImageModel.class.php 第 19 行.
NOTIC: [2] call_user_func() expects parameter 1 to be a valid callback, no array or string given /data/home/byu2354740001/htdocs/ThinkPHP/Library/Think/Upload.class.php 第 170 行.

[ 2017-06-25T00:12:11+08:00 ] 221.221.4.202 /admin.php?c=image&a=ajaxuploadimage
INFO: [ app_init ] --START--
INFO: Run Behavior\BuildLiteBehavior [ RunTime:0.000021s ]
INFO: [ app_init ] --END-- [ RunTime:0.000428s ]
INFO: [ app_begin ] --START--
INFO: Run Behavior\ReadHtmlCacheBehavior [ RunTime:0.000397s ]
INFO: [ app_begin ] --END-- [ RunTime:0.000451s ]
NOTIC: [8] Use of undefined constant Y - assumed 'Y' /data/home/byu2354740001/htdocs/Azjklynew/Common/Model/UploadImageModel.class.php 第 19 行.
NOTIC: [8] Use of undefined constant m - assumed 'm' /data/home/byu2354740001/htdocs/Azjklynew/Common/Model/UploadImageModel.class.php 第 19 行.
NOTIC: [8] Use of undefined constant d - assumed 'd' /data/home/byu2354740001/htdocs/Azjklynew/Common/Model/UploadImageModel.class.php 第 19 行.
NOTIC: [2] call_user_func() expects parameter 1 to be a valid callback, no array or string given /data/home/byu2354740001/htdocs/ThinkPHP/Library/Think/Upload.class.php 第 170 行.

[ 2017-06-25T14:43:47+08:00 ] 113.46.48.161 /admin.php?c=image&a=ajaxuploadimage
INFO: [ app_init ] --START--
INFO: Run Behavior\BuildLiteBehavior [ RunTime:0.000018s ]
INFO: [ app_init ] --END-- [ RunTime:0.000369s ]
INFO: [ app_begin ] --START--
INFO: Run Behavior\ReadHtmlCacheBehavior [ RunTime:0.000390s ]
INFO: [ app_begin ] --END-- [ RunTime:0.000441s ]
NOTIC: [8] Use of undefined constant Y - assumed 'Y' /data/home/byu2354740001/htdocs/Azjklynew/Common/Model/UploadImageModel.class.php 第 19 行.
NOTIC: [8] Use of undefined constant m - assumed 'm' /data/home/byu2354740001/htdocs/Azjklynew/Common/Model/UploadImageModel.class.php 第 19 行.
NOTIC: [8] Use of undefined constant d - assumed 'd' /data/home/byu2354740001/htdocs/Azjklynew/Common/Model/UploadImageModel.class.php 第 19 行.
NOTIC: [2] call_user_func() expects parameter 1 to be a valid callback, no array or string given /data/home/byu2354740001/htdocs/ThinkPHP/Library/Think/Upload.class.php 第 170 行.

