[ 2017-06-19T01:25:52+08:00 ] 114.253.220.106 /admin.php
INFO: [ app_init ] --START--
INFO: Run Behavior\BuildLiteBehavior [ RunTime:0.000023s ]
INFO: [ app_init ] --END-- [ RunTime:0.000351s ]
INFO: [ app_begin ] --START--
INFO: Run Behavior\ReadHtmlCacheBehavior [ RunTime:0.000384s ]
INFO: [ app_begin ] --END-- [ RunTime:0.000461s ]
NOTIC: [2048] Declaration of Common\Model\NewsModel::find() should be compatible with Think\Model::find($options = Array) /data/home/byu2354740001/htdocs/Azjklynew/Common/Model/NewsModel.class.php 第 6 行.
SQL: SHOW COLUMNS FROM `cms_news` [ RunTime:0.0011s ]
SQL: SELECT * FROM `cms_news` WHERE `status` = 1 ORDER BY count desc LIMIT 1   [ RunTime:0.0009s ]
SQL: SELECT COUNT(*) AS tp_count FROM `cms_news` WHERE `status` <> -1 LIMIT 1   [ RunTime:0.0006s ]
NOTIC: [2048] Declaration of Common\Model\PositionModel::find() should be compatible with Think\Model::find($options = Array) /data/home/byu2354740001/htdocs/Azjklynew/Common/Model/PositionModel.class.php 第 81 行.
SQL: SHOW COLUMNS FROM `cms_position` [ RunTime:0.0009s ]
SQL: SELECT COUNT(*) AS tp_count FROM `cms_position` WHERE `status` = 1 LIMIT 1   [ RunTime:0.0006s ]
SQL: SHOW COLUMNS FROM `cms_admin` [ RunTime:0.0009s ]
SQL: SELECT COUNT(*) AS tp_count FROM `cms_admin` WHERE `status` = 1 AND `lastlogintime` > 1497801600 LIMIT 1   [ RunTime:0.0007s ]
NOTIC: [2] Illegal string offset 'tp_count' /data/home/byu2354740001/htdocs/Azjklynew/Common/Model/AdminModel.class.php 第 75 行.
INFO: [ view_parse ] --START--
INFO: [ template_filter ] --START--
INFO: Run Behavior\ContentReplaceBehavior [ RunTime:0.000048s ]
INFO: [ template_filter ] --END-- [ RunTime:0.000083s ]
NOTIC: [2048] Declaration of Common\Model\MenuModel::find() should be compatible with Think\Model::find($options = Array) /data/home/byu2354740001/htdocs/Azjklynew/Common/Model/MenuModel.class.php 第 103 行.
SQL: SHOW COLUMNS FROM `cms_menu` [ RunTime:0.0010s ]
SQL: SELECT * FROM `cms_menu` WHERE `status` <> -1 AND `type` = 1 ORDER BY listorder desc,menu_id desc  [ RunTime:0.0007s ]
NOTIC: [8] Undefined index: a /data/home/byu2354740001/htdocs/Azjklynew/Common/Common/function.php 第 33 行.
NOTIC: [8] Undefined index: a /data/home/byu2354740001/htdocs/Azjklynew/Common/Common/function.php 第 33 行.
NOTIC: [8] Undefined index: a /data/home/byu2354740001/htdocs/Azjklynew/Common/Common/function.php 第 33 行.
NOTIC: [8] Undefined index: a /data/home/byu2354740001/htdocs/Azjklynew/Common/Common/function.php 第 33 行.
NOTIC: [8] Undefined index: a /data/home/byu2354740001/htdocs/Azjklynew/Common/Common/function.php 第 33 行.
NOTIC: [8] Undefined index: a /data/home/byu2354740001/htdocs/Azjklynew/Common/Common/function.php 第 33 行.
NOTIC: [8] Undefined index: a /data/home/byu2354740001/htdocs/Azjklynew/Common/Common/function.php 第 33 行.
NOTIC: [8] Undefined index: a /data/home/byu2354740001/htdocs/Azjklynew/Common/Common/function.php 第 33 行.
NOTIC: [8] Undefined index: a /data/home/byu2354740001/htdocs/Azjklynew/Common/Common/function.php 第 33 行.
INFO: Run Behavior\ParseTemplateBehavior [ RunTime:0.010332s ]
INFO: [ view_parse ] --END-- [ RunTime:0.010378s ]
INFO: [ view_filter ] --START--
INFO: Run Behavior\WriteHtmlCacheBehavior [ RunTime:0.000214s ]
INFO: [ view_filter ] --END-- [ RunTime:0.000246s ]
INFO: [ app_end ] --START--
INFO: Run Behavior\ShowPageTraceBehavior [ RunTime:0.000457s ]
INFO: [ app_end ] --END-- [ RunTime:0.000503s ]

[ 2017-06-19T01:25:54+08:00 ] 114.253.220.106 /admin.php?c=content
INFO: [ app_init ] --START--
INFO: Run Behavior\BuildLiteBehavior [ RunTime:0.000018s ]
INFO: [ app_init ] --END-- [ RunTime:0.000347s ]
INFO: [ app_begin ] --START--
INFO: Run Behavior\ReadHtmlCacheBehavior [ RunTime:0.000431s ]
INFO: [ app_begin ] --END-- [ RunTime:0.000481s ]
NOTIC: [2048] Declaration of Admin\Controller\ContentController::setStatus() should be compatible with Admin\Controller\CommonController::setStatus($data, $models) /data/home/byu2354740001/htdocs/Azjklynew/Admin/Controller/ContentController.class.php 第 12 行.
NOTIC: [2048] Declaration of Admin\Controller\ContentController::listorder() should be compatible with Admin\Controller\CommonController::listorder($model = '') /data/home/byu2354740001/htdocs/Azjklynew/Admin/Controller/ContentController.class.php 第 12 行.
NOTIC: [8] Undefined index: title /data/home/byu2354740001/htdocs/Azjklynew/Admin/Controller/ContentController.class.php 第 16 行.
NOTIC: [8] Undefined index: catid /data/home/byu2354740001/htdocs/Azjklynew/Admin/Controller/ContentController.class.php 第 20 行.
NOTIC: [8] Undefined index: p /data/home/byu2354740001/htdocs/Azjklynew/Admin/Controller/ContentController.class.php 第 24 行.
NOTIC: [2048] Declaration of Common\Model\NewsModel::find() should be compatible with Think\Model::find($options = Array) /data/home/byu2354740001/htdocs/Azjklynew/Common/Model/NewsModel.class.php 第 6 行.
SQL: SHOW COLUMNS FROM `cms_news` [ RunTime:0.0026s ]
SQL: SELECT * FROM `cms_news` WHERE `status` <> -1 ORDER BY listorder desc ,news_id desc LIMIT 0,10   [ RunTime:0.0024s ]
SQL: SELECT COUNT(*) AS tp_count FROM `cms_news` WHERE `status` <> -1 LIMIT 1   [ RunTime:0.0019s ]
NOTIC: [2048] Declaration of Common\Model\PositionModel::find() should be compatible with Think\Model::find($options = Array) /data/home/byu2354740001/htdocs/Azjklynew/Common/Model/PositionModel.class.php 第 81 行.
SQL: SHOW COLUMNS FROM `cms_position` [ RunTime:0.0022s ]
SQL: SELECT * FROM `cms_position` WHERE `status` = 1 ORDER BY id  [ RunTime:0.0020s ]
NOTIC: [2048] Declaration of Common\Model\MenuModel::find() should be compatible with Think\Model::find($options = Array) /data/home/byu2354740001/htdocs/Azjklynew/Common/Model/MenuModel.class.php 第 103 行.
SQL: SHOW COLUMNS FROM `cms_menu` [ RunTime:0.0022s ]
SQL: SELECT * FROM `cms_menu` WHERE `status` = 1 AND `type` = 0 ORDER BY listorder desc,menu_id desc  [ RunTime:0.0020s ]
INFO: [ view_parse ] --START--
INFO: [ template_filter ] --START--
INFO: Run Behavior\ContentReplaceBehavior [ RunTime:0.000056s ]
INFO: [ template_filter ] --END-- [ RunTime:0.000094s ]
SQL: SELECT * FROM `cms_menu` WHERE `status` <> -1 AND `type` = 1 ORDER BY listorder desc,menu_id desc  [ RunTime:0.0020s ]
NOTIC: [8] Undefined index: a /data/home/byu2354740001/htdocs/Azjklynew/Common/Common/function.php 第 33 行.
NOTIC: [8] Undefined index: a /data/home/byu2354740001/htdocs/Azjklynew/Common/Common/function.php 第 33 行.
NOTIC: [8] Undefined index: a /data/home/byu2354740001/htdocs/Azjklynew/Common/Common/function.php 第 33 行.
NOTIC: [8] Undefined index: a /data/home/byu2354740001/htdocs/Azjklynew/Common/Common/function.php 第 33 行.
NOTIC: [8] Undefined index: a /data/home/byu2354740001/htdocs/Azjklynew/Common/Common/function.php 第 33 行.
NOTIC: [8] Undefined index: a /data/home/byu2354740001/htdocs/Azjklynew/Common/Common/function.php 第 33 行.
NOTIC: [8] Undefined index: a /data/home/byu2354740001/htdocs/Azjklynew/Common/Common/function.php 第 33 行.
NOTIC: [8] Undefined index: a /data/home/byu2354740001/htdocs/Azjklynew/Common/Common/function.php 第 33 行.
NOTIC: [8] Undefined index: a /data/home/byu2354740001/htdocs/Azjklynew/Common/Common/function.php 第 33 行.
INFO: Run Behavior\ParseTemplateBehavior [ RunTime:0.012505s ]
INFO: [ view_parse ] --END-- [ RunTime:0.012554s ]
INFO: [ view_filter ] --START--
INFO: Run Behavior\WriteHtmlCacheBehavior [ RunTime:0.000219s ]
INFO: [ view_filter ] --END-- [ RunTime:0.000249s ]
INFO: [ app_end ] --START--
INFO: Run Behavior\ShowPageTraceBehavior [ RunTime:0.000454s ]
INFO: [ app_end ] --END-- [ RunTime:0.000498s ]

[ 2017-06-19T01:25:56+08:00 ] 114.253.220.106 /admin.php?c=Alljd
INFO: [ app_init ] --START--
INFO: Run Behavior\BuildLiteBehavior [ RunTime:0.000017s ]
INFO: [ app_init ] --END-- [ RunTime:0.000355s ]
INFO: [ app_begin ] --START--
INFO: Run Behavior\ReadHtmlCacheBehavior [ RunTime:0.000397s ]
INFO: [ app_begin ] --END-- [ RunTime:0.000451s ]
NOTIC: [2048] Declaration of Admin\Controller\AlljdController::setStatus() should be compatible with Admin\Controller\CommonController::setStatus($data, $models) /data/home/byu2354740001/htdocs/Azjklynew/Admin/Controller/AlljdController.class.php 第 6 行.
SQL: SHOW COLUMNS FROM `cms_news` [ RunTime:0.0018s ]
SQL: SELECT COUNT(*) AS tp_count FROM `cms_news` WHERE ( catid>=25 and catid<=39 and status!=-1 ) LIMIT 1   [ RunTime:0.0011s ]
NOTIC: [2] Creating default object from empty value /data/home/byu2354740001/htdocs/Azjklynew/Admin/Controller/AlljdController.class.php 第 17 行.
SQL: SELECT * FROM `cms_news` WHERE ( catid>=25 and catid<=39 and status!=-1 ) LIMIT 0,10   [ RunTime:0.0014s ]
NOTIC: [2048] Declaration of Common\Model\MenuModel::find() should be compatible with Think\Model::find($options = Array) /data/home/byu2354740001/htdocs/Azjklynew/Common/Model/MenuModel.class.php 第 103 行.
SQL: SHOW COLUMNS FROM `cms_menu` [ RunTime:0.0015s ]
SQL: SELECT * FROM `cms_menu` WHERE `status` = 1 AND `type` = 2 ORDER BY listorder desc,menu_id desc  [ RunTime:0.0012s ]
INFO: [ view_parse ] --START--
INFO: [ template_filter ] --START--
INFO: Run Behavior\ContentReplaceBehavior [ RunTime:0.000052s ]
INFO: [ template_filter ] --END-- [ RunTime:0.000089s ]
SQL: SELECT * FROM `cms_menu` WHERE `status` <> -1 AND `type` = 1 ORDER BY listorder desc,menu_id desc  [ RunTime:0.0012s ]
NOTIC: [8] Undefined index: a /data/home/byu2354740001/htdocs/Azjklynew/Common/Common/function.php 第 33 行.
NOTIC: [8] Undefined index: a /data/home/byu2354740001/htdocs/Azjklynew/Common/Common/function.php 第 33 行.
NOTIC: [8] Undefined index: a /data/home/byu2354740001/htdocs/Azjklynew/Common/Common/function.php 第 33 行.
NOTIC: [8] Undefined index: a /data/home/byu2354740001/htdocs/Azjklynew/Common/Common/function.php 第 33 行.
NOTIC: [8] Undefined index: a /data/home/byu2354740001/htdocs/Azjklynew/Common/Common/function.php 第 33 行.
NOTIC: [8] Undefined index: a /data/home/byu2354740001/htdocs/Azjklynew/Common/Common/function.php 第 33 行.
NOTIC: [8] Undefined index: a /data/home/byu2354740001/htdocs/Azjklynew/Common/Common/function.php 第 33 行.
NOTIC: [8] Undefined index: a /data/home/byu2354740001/htdocs/Azjklynew/Common/Common/function.php 第 33 行.
NOTIC: [8] Undefined index: a /data/home/byu2354740001/htdocs/Azjklynew/Common/Common/function.php 第 33 行.
INFO: Run Behavior\ParseTemplateBehavior [ RunTime:0.011454s ]
INFO: [ view_parse ] --END-- [ RunTime:0.011513s ]
INFO: [ view_filter ] --START--
INFO: Run Behavior\WriteHtmlCacheBehavior [ RunTime:0.000207s ]
INFO: [ view_filter ] --END-- [ RunTime:0.000238s ]
INFO: [ app_end ] --START--
INFO: Run Behavior\ShowPageTraceBehavior [ RunTime:0.000467s ]
INFO: [ app_end ] --END-- [ RunTime:0.000511s ]

[ 2017-06-19T01:25:57+08:00 ] 114.253.220.106 /admin.php?c=content
INFO: [ app_init ] --START--
INFO: Run Behavior\BuildLiteBehavior [ RunTime:0.000020s ]
INFO: [ app_init ] --END-- [ RunTime:0.000367s ]
INFO: [ app_begin ] --START--
INFO: Run Behavior\ReadHtmlCacheBehavior [ RunTime:0.000393s ]
INFO: [ app_begin ] --END-- [ RunTime:0.000543s ]
NOTIC: [2048] Declaration of Admin\Controller\ContentController::setStatus() should be compatible with Admin\Controller\CommonController::setStatus($data, $models) /data/home/byu2354740001/htdocs/Azjklynew/Admin/Controller/ContentController.class.php 第 12 行.
NOTIC: [2048] Declaration of Admin\Controller\ContentController::listorder() should be compatible with Admin\Controller\CommonController::listorder($model = '') /data/home/byu2354740001/htdocs/Azjklynew/Admin/Controller/ContentController.class.php 第 12 行.
NOTIC: [8] Undefined index: title /data/home/byu2354740001/htdocs/Azjklynew/Admin/Controller/ContentController.class.php 第 16 行.
NOTIC: [8] Undefined index: catid /data/home/byu2354740001/htdocs/Azjklynew/Admin/Controller/ContentController.class.php 第 20 行.
NOTIC: [8] Undefined index: p /data/home/byu2354740001/htdocs/Azjklynew/Admin/Controller/ContentController.class.php 第 24 行.
NOTIC: [2048] Declaration of Common\Model\NewsModel::find() should be compatible with Think\Model::find($options = Array) /data/home/byu2354740001/htdocs/Azjklynew/Common/Model/NewsModel.class.php 第 6 行.
SQL: SHOW COLUMNS FROM `cms_news` [ RunTime:0.0012s ]
SQL: SELECT * FROM `cms_news` WHERE `status` <> -1 ORDER BY listorder desc ,news_id desc LIMIT 0,10   [ RunTime:0.0006s ]
SQL: SELECT COUNT(*) AS tp_count FROM `cms_news` WHERE `status` <> -1 LIMIT 1   [ RunTime:0.0006s ]
NOTIC: [2048] Declaration of Common\Model\PositionModel::find() should be compatible with Think\Model::find($options = Array) /data/home/byu2354740001/htdocs/Azjklynew/Common/Model/PositionModel.class.php 第 81 行.
SQL: SHOW COLUMNS FROM `cms_position` [ RunTime:0.0009s ]
SQL: SELECT * FROM `cms_position` WHERE `status` = 1 ORDER BY id  [ RunTime:0.0006s ]
NOTIC: [2048] Declaration of Common\Model\MenuModel::find() should be compatible with Think\Model::find($options = Array) /data/home/byu2354740001/htdocs/Azjklynew/Common/Model/MenuModel.class.php 第 103 行.
SQL: SHOW COLUMNS FROM `cms_menu` [ RunTime:0.0009s ]
SQL: SELECT * FROM `cms_menu` WHERE `status` = 1 AND `type` = 0 ORDER BY listorder desc,menu_id desc  [ RunTime:0.0006s ]
INFO: [ view_parse ] --START--
INFO: [ template_filter ] --START--
INFO: Run Behavior\ContentReplaceBehavior [ RunTime:0.000060s ]
INFO: [ template_filter ] --END-- [ RunTime:0.000121s ]
SQL: SELECT * FROM `cms_menu` WHERE `status` <> -1 AND `type` = 1 ORDER BY listorder desc,menu_id desc  [ RunTime:0.0006s ]
NOTIC: [8] Undefined index: a /data/home/byu2354740001/htdocs/Azjklynew/Common/Common/function.php 第 33 行.
NOTIC: [8] Undefined index: a /data/home/byu2354740001/htdocs/Azjklynew/Common/Common/function.php 第 33 行.
NOTIC: [8] Undefined index: a /data/home/byu2354740001/htdocs/Azjklynew/Common/Common/function.php 第 33 行.
NOTIC: [8] Undefined index: a /data/home/byu2354740001/htdocs/Azjklynew/Common/Common/function.php 第 33 行.
NOTIC: [8] Undefined index: a /data/home/byu2354740001/htdocs/Azjklynew/Common/Common/function.php 第 33 行.
NOTIC: [8] Undefined index: a /data/home/byu2354740001/htdocs/Azjklynew/Common/Common/function.php 第 33 行.
NOTIC: [8] Undefined index: a /data/home/byu2354740001/htdocs/Azjklynew/Common/Common/function.php 第 33 行.
NOTIC: [8] Undefined index: a /data/home/byu2354740001/htdocs/Azjklynew/Common/Common/function.php 第 33 行.
NOTIC: [8] Undefined index: a /data/home/byu2354740001/htdocs/Azjklynew/Common/Common/function.php 第 33 行.
INFO: Run Behavior\ParseTemplateBehavior [ RunTime:0.011577s ]
INFO: [ view_parse ] --END-- [ RunTime:0.011618s ]
INFO: [ view_filter ] --START--
INFO: Run Behavior\WriteHtmlCacheBehavior [ RunTime:0.000214s ]
INFO: [ view_filter ] --END-- [ RunTime:0.000245s ]
INFO: [ app_end ] --START--
INFO: Run Behavior\ShowPageTraceBehavior [ RunTime:0.000496s ]
INFO: [ app_end ] --END-- [ RunTime:0.000542s ]

[ 2017-06-19T01:26:01+08:00 ] 114.253.220.106 /admin.php?c=content&a=setStatus
INFO: [ app_init ] --START--
INFO: Run Behavior\BuildLiteBehavior [ RunTime:0.000042s ]
INFO: [ app_init ] --END-- [ RunTime:0.000410s ]
INFO: [ app_begin ] --START--
INFO: Run Behavior\ReadHtmlCacheBehavior [ RunTime:0.000407s ]
INFO: [ app_begin ] --END-- [ RunTime:0.000454s ]
NOTIC: [2048] Declaration of Admin\Controller\ContentController::setStatus() should be compatible with Admin\Controller\CommonController::setStatus($data, $models) /data/home/byu2354740001/htdocs/Azjklynew/Admin/Controller/ContentController.class.php 第 12 行.
NOTIC: [2048] Declaration of Admin\Controller\ContentController::listorder() should be compatible with Admin\Controller\CommonController::listorder($model = '') /data/home/byu2354740001/htdocs/Azjklynew/Admin/Controller/ContentController.class.php 第 12 行.
NOTIC: [2048] Declaration of Common\Model\NewsModel::find() should be compatible with Think\Model::find($options = Array) /data/home/byu2354740001/htdocs/Azjklynew/Common/Model/NewsModel.class.php 第 6 行.
SQL: SHOW COLUMNS FROM `cms_news` [ RunTime:0.0026s ]
SQL: UPDATE `cms_news` SET `status`='-1' WHERE ( news_id=179 ) [ RunTime:0.0028s ]

[ 2017-06-19T01:26:03+08:00 ] 114.253.220.106 /admin.php?c=content
INFO: [ app_init ] --START--
INFO: Run Behavior\BuildLiteBehavior [ RunTime:0.000018s ]
INFO: [ app_init ] --END-- [ RunTime:0.000423s ]
INFO: [ app_begin ] --START--
INFO: Run Behavior\ReadHtmlCacheBehavior [ RunTime:0.000449s ]
INFO: [ app_begin ] --END-- [ RunTime:0.000504s ]
NOTIC: [2048] Declaration of Admin\Controller\ContentController::setStatus() should be compatible with Admin\Controller\CommonController::setStatus($data, $models) /data/home/byu2354740001/htdocs/Azjklynew/Admin/Controller/ContentController.class.php 第 12 行.
NOTIC: [2048] Declaration of Admin\Controller\ContentController::listorder() should be compatible with Admin\Controller\CommonController::listorder($model = '') /data/home/byu2354740001/htdocs/Azjklynew/Admin/Controller/ContentController.class.php 第 12 行.
NOTIC: [8] Undefined index: title /data/home/byu2354740001/htdocs/Azjklynew/Admin/Controller/ContentController.class.php 第 16 行.
NOTIC: [8] Undefined index: catid /data/home/byu2354740001/htdocs/Azjklynew/Admin/Controller/ContentController.class.php 第 20 行.
NOTIC: [8] Undefined index: p /data/home/byu2354740001/htdocs/Azjklynew/Admin/Controller/ContentController.class.php 第 24 行.
NOTIC: [2048] Declaration of Common\Model\NewsModel::find() should be compatible with Think\Model::find($options = Array) /data/home/byu2354740001/htdocs/Azjklynew/Common/Model/NewsModel.class.php 第 6 行.
SQL: SHOW COLUMNS FROM `cms_news` [ RunTime:0.0024s ]
SQL: SELECT * FROM `cms_news` WHERE `status` <> -1 ORDER BY listorder desc ,news_id desc LIMIT 0,10   [ RunTime:0.0022s ]
SQL: SELECT COUNT(*) AS tp_count FROM `cms_news` WHERE `status` <> -1 LIMIT 1   [ RunTime:0.0018s ]
NOTIC: [2048] Declaration of Common\Model\PositionModel::find() should be compatible with Think\Model::find($options = Array) /data/home/byu2354740001/htdocs/Azjklynew/Common/Model/PositionModel.class.php 第 81 行.
SQL: SHOW COLUMNS FROM `cms_position` [ RunTime:0.0021s ]
SQL: SELECT * FROM `cms_position` WHERE `status` = 1 ORDER BY id  [ RunTime:0.0017s ]
NOTIC: [2048] Declaration of Common\Model\MenuModel::find() should be compatible with Think\Model::find($options = Array) /data/home/byu2354740001/htdocs/Azjklynew/Common/Model/MenuModel.class.php 第 103 行.
SQL: SHOW COLUMNS FROM `cms_menu` [ RunTime:0.0024s ]
SQL: SELECT * FROM `cms_menu` WHERE `status` = 1 AND `type` = 0 ORDER BY listorder desc,menu_id desc  [ RunTime:0.0017s ]
INFO: [ view_parse ] --START--
INFO: [ template_filter ] --START--
INFO: Run Behavior\ContentReplaceBehavior [ RunTime:0.000068s ]
INFO: [ template_filter ] --END-- [ RunTime:0.000107s ]
SQL: SELECT * FROM `cms_menu` WHERE `status` <> -1 AND `type` = 1 ORDER BY listorder desc,menu_id desc  [ RunTime:0.0017s ]
NOTIC: [8] Undefined index: a /data/home/byu2354740001/htdocs/Azjklynew/Common/Common/function.php 第 33 行.
NOTIC: [8] Undefined index: a /data/home/byu2354740001/htdocs/Azjklynew/Common/Common/function.php 第 33 行.
NOTIC: [8] Undefined index: a /data/home/byu2354740001/htdocs/Azjklynew/Common/Common/function.php 第 33 行.
NOTIC: [8] Undefined index: a /data/home/byu2354740001/htdocs/Azjklynew/Common/Common/function.php 第 33 行.
NOTIC: [8] Undefined index: a /data/home/byu2354740001/htdocs/Azjklynew/Common/Common/function.php 第 33 行.
NOTIC: [8] Undefined index: a /data/home/byu2354740001/htdocs/Azjklynew/Common/Common/function.php 第 33 行.
NOTIC: [8] Undefined index: a /data/home/byu2354740001/htdocs/Azjklynew/Common/Common/function.php 第 33 行.
NOTIC: [8] Undefined index: a /data/home/byu2354740001/htdocs/Azjklynew/Common/Common/function.php 第 33 行.
NOTIC: [8] Undefined index: a /data/home/byu2354740001/htdocs/Azjklynew/Common/Common/function.php 第 33 行.
INFO: Run Behavior\ParseTemplateBehavior [ RunTime:0.012822s ]
INFO: [ view_parse ] --END-- [ RunTime:0.012873s ]
INFO: [ view_filter ] --START--
INFO: Run Behavior\WriteHtmlCacheBehavior [ RunTime:0.000185s ]
INFO: [ view_filter ] --END-- [ RunTime:0.000218s ]
INFO: [ app_end ] --START--
INFO: Run Behavior\ShowPageTraceBehavior [ RunTime:0.000456s ]
INFO: [ app_end ] --END-- [ RunTime:0.000502s ]

[ 2017-06-19T01:26:03+08:00 ] 101.226.33.227 /admin.php
INFO: [ app_init ] --START--
INFO: Run Behavior\BuildLiteBehavior [ RunTime:0.000017s ]
INFO: [ app_init ] --END-- [ RunTime:0.000325s ]
INFO: [ app_begin ] --START--
INFO: Run Behavior\ReadHtmlCacheBehavior [ RunTime:0.000386s ]
INFO: [ app_begin ] --END-- [ RunTime:0.000441s ]
NOTIC: [8] Undefined variable: module /data/home/byu2354740001/htdocs/ThinkPHP/Common/functions.php 第 990 行.
NOTIC: [8] Undefined variable: var /data/home/byu2354740001/htdocs/ThinkPHP/Common/functions.php 第 990 行.
NOTIC: [2] array_reverse() expects parameter 1 to be array, null given /data/home/byu2354740001/htdocs/ThinkPHP/Common/functions.php 第 990 行.
NOTIC: [2] http_build_query(): Parameter 1 expected to be Array or Object.  Incorrect value given /data/home/byu2354740001/htdocs/ThinkPHP/Common/functions.php 第 990 行.

[ 2017-06-19T01:26:03+08:00 ] 101.226.33.227 /admin.php?m=&&c=login
INFO: [ app_init ] --START--
INFO: Run Behavior\BuildLiteBehavior [ RunTime:0.000018s ]
INFO: [ app_init ] --END-- [ RunTime:0.000342s ]
INFO: [ app_begin ] --START--
INFO: Run Behavior\ReadHtmlCacheBehavior [ RunTime:0.000455s ]
INFO: [ app_begin ] --END-- [ RunTime:0.000513s ]
INFO: [ view_parse ] --START--
INFO: [ template_filter ] --START--
INFO: Run Behavior\ContentReplaceBehavior [ RunTime:0.000036s ]
INFO: [ template_filter ] --END-- [ RunTime:0.000102s ]
INFO: Run Behavior\ParseTemplateBehavior [ RunTime:0.004465s ]
INFO: [ view_parse ] --END-- [ RunTime:0.004512s ]
INFO: [ view_filter ] --START--
INFO: Run Behavior\WriteHtmlCacheBehavior [ RunTime:0.000195s ]
INFO: [ view_filter ] --END-- [ RunTime:0.000226s ]
INFO: [ app_end ] --START--
INFO: Run Behavior\ShowPageTraceBehavior [ RunTime:0.000401s ]
INFO: [ app_end ] --END-- [ RunTime:0.000446s ]

[ 2017-06-19T01:26:08+08:00 ] 101.226.33.238 /admin.php?c=content
INFO: [ app_init ] --START--
INFO: Run Behavior\BuildLiteBehavior [ RunTime:0.000019s ]
INFO: [ app_init ] --END-- [ RunTime:0.000368s ]
INFO: [ app_begin ] --START--
INFO: Run Behavior\ReadHtmlCacheBehavior [ RunTime:0.000505s ]
INFO: [ app_begin ] --END-- [ RunTime:0.000562s ]
NOTIC: [2048] Declaration of Admin\Controller\ContentController::setStatus() should be compatible with Admin\Controller\CommonController::setStatus($data, $models) /data/home/byu2354740001/htdocs/Azjklynew/Admin/Controller/ContentController.class.php 第 12 行.
NOTIC: [2048] Declaration of Admin\Controller\ContentController::listorder() should be compatible with Admin\Controller\CommonController::listorder($model = '') /data/home/byu2354740001/htdocs/Azjklynew/Admin/Controller/ContentController.class.php 第 12 行.
NOTIC: [8] Undefined variable: module /data/home/byu2354740001/htdocs/ThinkPHP/Common/functions.php 第 990 行.
NOTIC: [8] Undefined variable: var /data/home/byu2354740001/htdocs/ThinkPHP/Common/functions.php 第 990 行.
NOTIC: [2] array_reverse() expects parameter 1 to be array, null given /data/home/byu2354740001/htdocs/ThinkPHP/Common/functions.php 第 990 行.
NOTIC: [2] http_build_query(): Parameter 1 expected to be Array or Object.  Incorrect value given /data/home/byu2354740001/htdocs/ThinkPHP/Common/functions.php 第 990 行.

[ 2017-06-19T01:26:08+08:00 ] 101.226.33.238 /admin.php?m=&&c=login
INFO: [ app_init ] --START--
INFO: Run Behavior\BuildLiteBehavior [ RunTime:0.000018s ]
INFO: [ app_init ] --END-- [ RunTime:0.000333s ]
INFO: [ app_begin ] --START--
INFO: Run Behavior\ReadHtmlCacheBehavior [ RunTime:0.000410s ]
INFO: [ app_begin ] --END-- [ RunTime:0.000501s ]
INFO: [ view_parse ] --START--
INFO: [ template_filter ] --START--
INFO: Run Behavior\ContentReplaceBehavior [ RunTime:0.000037s ]
INFO: [ template_filter ] --END-- [ RunTime:0.000081s ]
INFO: Run Behavior\ParseTemplateBehavior [ RunTime:0.004845s ]
INFO: [ view_parse ] --END-- [ RunTime:0.004889s ]
INFO: [ view_filter ] --START--
INFO: Run Behavior\WriteHtmlCacheBehavior [ RunTime:0.000162s ]
INFO: [ view_filter ] --END-- [ RunTime:0.000191s ]
INFO: [ app_end ] --START--
INFO: Run Behavior\ShowPageTraceBehavior [ RunTime:0.000455s ]
INFO: [ app_end ] --END-- [ RunTime:0.000498s ]

[ 2017-06-19T01:26:25+08:00 ] 114.253.220.106 /admin.php?c=Position
INFO: [ app_init ] --START--
INFO: Run Behavior\BuildLiteBehavior [ RunTime:0.000018s ]
INFO: [ app_init ] --END-- [ RunTime:0.000379s ]
INFO: [ app_begin ] --START--
INFO: Run Behavior\ReadHtmlCacheBehavior [ RunTime:0.000384s ]
INFO: [ app_begin ] --END-- [ RunTime:0.000448s ]
NOTIC: [2048] Declaration of Admin\Controller\PositionController::setStatus() should be compatible with Admin\Controller\CommonController::setStatus($data, $models) /data/home/byu2354740001/htdocs/Azjklynew/Admin/Controller/PositionController.class.php 第 7 行.
NOTIC: [2048] Declaration of Common\Model\PositionModel::find() should be compatible with Think\Model::find($options = Array) /data/home/byu2354740001/htdocs/Azjklynew/Common/Model/PositionModel.class.php 第 9 行.
SQL: SHOW COLUMNS FROM `cms_position` [ RunTime:0.0016s ]
SQL: SELECT * FROM `cms_position` WHERE `status` <> -1 ORDER BY id  [ RunTime:0.0014s ]
INFO: [ view_parse ] --START--
INFO: [ template_filter ] --START--
INFO: Run Behavior\ContentReplaceBehavior [ RunTime:0.000043s ]
INFO: [ template_filter ] --END-- [ RunTime:0.000080s ]
NOTIC: [2048] Declaration of Common\Model\MenuModel::find() should be compatible with Think\Model::find($options = Array) /data/home/byu2354740001/htdocs/Azjklynew/Common/Model/MenuModel.class.php 第 103 行.
SQL: SHOW COLUMNS FROM `cms_menu` [ RunTime:0.0016s ]
SQL: SELECT * FROM `cms_menu` WHERE `status` <> -1 AND `type` = 1 ORDER BY listorder desc,menu_id desc  [ RunTime:0.0013s ]
NOTIC: [8] Undefined index: a /data/home/byu2354740001/htdocs/Azjklynew/Common/Common/function.php 第 33 行.
NOTIC: [8] Undefined index: a /data/home/byu2354740001/htdocs/Azjklynew/Common/Common/function.php 第 33 行.
NOTIC: [8] Undefined index: a /data/home/byu2354740001/htdocs/Azjklynew/Common/Common/function.php 第 33 行.
NOTIC: [8] Undefined index: a /data/home/byu2354740001/htdocs/Azjklynew/Common/Common/function.php 第 33 行.
NOTIC: [8] Undefined index: a /data/home/byu2354740001/htdocs/Azjklynew/Common/Common/function.php 第 33 行.
NOTIC: [8] Undefined index: a /data/home/byu2354740001/htdocs/Azjklynew/Common/Common/function.php 第 33 行.
NOTIC: [8] Undefined index: a /data/home/byu2354740001/htdocs/Azjklynew/Common/Common/function.php 第 33 行.
NOTIC: [8] Undefined index: a /data/home/byu2354740001/htdocs/Azjklynew/Common/Common/function.php 第 33 行.
NOTIC: [8] Undefined index: a /data/home/byu2354740001/htdocs/Azjklynew/Common/Common/function.php 第 33 行.
INFO: Run Behavior\ParseTemplateBehavior [ RunTime:0.011813s ]
INFO: [ view_parse ] --END-- [ RunTime:0.011850s ]
INFO: [ view_filter ] --START--
INFO: Run Behavior\WriteHtmlCacheBehavior [ RunTime:0.000190s ]
INFO: [ view_filter ] --END-- [ RunTime:0.000227s ]
INFO: [ app_end ] --START--
INFO: Run Behavior\ShowPageTraceBehavior [ RunTime:0.000400s ]
INFO: [ app_end ] --END-- [ RunTime:0.000445s ]

[ 2017-06-19T01:26:30+08:00 ] 114.253.220.106 /admin.php?c=Positioncontent
INFO: [ app_init ] --START--
INFO: Run Behavior\BuildLiteBehavior [ RunTime:0.000018s ]
INFO: [ app_init ] --END-- [ RunTime:0.000338s ]
INFO: [ app_begin ] --START--
INFO: Run Behavior\ReadHtmlCacheBehavior [ RunTime:0.000445s ]
INFO: [ app_begin ] --END-- [ RunTime:0.000493s ]
NOTIC: [2048] Declaration of Admin\Controller\PositioncontentController::setStatus() should be compatible with Admin\Controller\CommonController::setStatus($data, $models) /data/home/byu2354740001/htdocs/Azjklynew/Admin/Controller/PositioncontentController.class.php 第 9 行.
NOTIC: [2048] Declaration of Admin\Controller\PositioncontentController::listorder() should be compatible with Admin\Controller\CommonController::listorder($model = '') /data/home/byu2354740001/htdocs/Azjklynew/Admin/Controller/PositioncontentController.class.php 第 9 行.
NOTIC: [2048] Declaration of Common\Model\PositionModel::find() should be compatible with Think\Model::find($options = Array) /data/home/byu2354740001/htdocs/Azjklynew/Common/Model/PositionModel.class.php 第 9 行.
SQL: SHOW COLUMNS FROM `cms_position` [ RunTime:0.0010s ]
SQL: SELECT * FROM `cms_position` WHERE `status` = 1 ORDER BY id  [ RunTime:0.0006s ]
NOTIC: [8] Undefined index: title /data/home/byu2354740001/htdocs/Azjklynew/Admin/Controller/PositioncontentController.class.php 第 14 行.
NOTIC: [8] Undefined index: position_id /data/home/byu2354740001/htdocs/Azjklynew/Admin/Controller/PositioncontentController.class.php 第 18 行.
NOTIC: [2048] Declaration of Common\Model\PositionContentModel::find() should be compatible with Think\Model::find($options = Array) /data/home/byu2354740001/htdocs/Azjklynew/Common/Model/PositionContentModel.class.php 第 87 行.
SQL: SHOW COLUMNS FROM `cms_position_content` [ RunTime:0.0011s ]
NOTIC: [8] Undefined index: title /data/home/byu2354740001/htdocs/Azjklynew/Common/Model/PositionContentModel.class.php 第 18 行.
SQL: SELECT * FROM `cms_position_content` WHERE `status` <> -1 AND `position_id` = 7 ORDER BY listorder desc ,id desc  [ RunTime:0.0008s ]
INFO: [ view_parse ] --START--
INFO: [ template_filter ] --START--
INFO: Run Behavior\ContentReplaceBehavior [ RunTime:0.000072s ]
INFO: [ template_filter ] --END-- [ RunTime:0.000112s ]
NOTIC: [2048] Declaration of Common\Model\MenuModel::find() should be compatible with Think\Model::find($options = Array) /data/home/byu2354740001/htdocs/Azjklynew/Common/Model/MenuModel.class.php 第 103 行.
SQL: SHOW COLUMNS FROM `cms_menu` [ RunTime:0.0009s ]
SQL: SELECT * FROM `cms_menu` WHERE `status` <> -1 AND `type` = 1 ORDER BY listorder desc,menu_id desc  [ RunTime:0.0006s ]
NOTIC: [8] Undefined index: a /data/home/byu2354740001/htdocs/Azjklynew/Common/Common/function.php 第 33 行.
NOTIC: [8] Undefined index: a /data/home/byu2354740001/htdocs/Azjklynew/Common/Common/function.php 第 33 行.
NOTIC: [8] Undefined index: a /data/home/byu2354740001/htdocs/Azjklynew/Common/Common/function.php 第 33 行.
NOTIC: [8] Undefined index: a /data/home/byu2354740001/htdocs/Azjklynew/Common/Common/function.php 第 33 行.
NOTIC: [8] Undefined index: a /data/home/byu2354740001/htdocs/Azjklynew/Common/Common/function.php 第 33 行.
NOTIC: [8] Undefined index: a /data/home/byu2354740001/htdocs/Azjklynew/Common/Common/function.php 第 33 行.
NOTIC: [8] Undefined index: a /data/home/byu2354740001/htdocs/Azjklynew/Common/Common/function.php 第 33 行.
NOTIC: [8] Undefined index: a /data/home/byu2354740001/htdocs/Azjklynew/Common/Common/function.php 第 33 行.
NOTIC: [8] Undefined index: a /data/home/byu2354740001/htdocs/Azjklynew/Common/Common/function.php 第 33 行.
NOTIC: [8] Undefined variable: title /data/home/byu2354740001/htdocs/Azjklynew/Runtime/Cache/Admin/c656a36ea28dc52a31abb9e506512585.php 第 120 行.
INFO: Run Behavior\ParseTemplateBehavior [ RunTime:0.011638s ]
INFO: [ view_parse ] --END-- [ RunTime:0.011675s ]
INFO: [ view_filter ] --START--
INFO: Run Behavior\WriteHtmlCacheBehavior [ RunTime:0.000175s ]
INFO: [ view_filter ] --END-- [ RunTime:0.000204s ]
INFO: [ app_end ] --START--
INFO: Run Behavior\ShowPageTraceBehavior [ RunTime:0.000451s ]
INFO: [ app_end ] --END-- [ RunTime:0.000494s ]

[ 2017-06-19T01:26:35+08:00 ] 117.185.27.115 /admin.php?c=Position
INFO: [ app_init ] --START--
INFO: Run Behavior\BuildLiteBehavior [ RunTime:0.000019s ]
INFO: [ app_init ] --END-- [ RunTime:0.000373s ]
INFO: [ app_begin ] --START--
INFO: Run Behavior\ReadHtmlCacheBehavior [ RunTime:0.000380s ]
INFO: [ app_begin ] --END-- [ RunTime:0.000434s ]
NOTIC: [2048] Declaration of Admin\Controller\PositionController::setStatus() should be compatible with Admin\Controller\CommonController::setStatus($data, $models) /data/home/byu2354740001/htdocs/Azjklynew/Admin/Controller/PositionController.class.php 第 7 行.
NOTIC: [8] Undefined variable: module /data/home/byu2354740001/htdocs/ThinkPHP/Common/functions.php 第 990 行.
NOTIC: [8] Undefined variable: var /data/home/byu2354740001/htdocs/ThinkPHP/Common/functions.php 第 990 行.
NOTIC: [2] array_reverse() expects parameter 1 to be array, null given /data/home/byu2354740001/htdocs/ThinkPHP/Common/functions.php 第 990 行.
NOTIC: [2] http_build_query(): Parameter 1 expected to be Array or Object.  Incorrect value given /data/home/byu2354740001/htdocs/ThinkPHP/Common/functions.php 第 990 行.

[ 2017-06-19T01:26:35+08:00 ] 117.185.27.115 /admin.php?m=&&c=login
INFO: [ app_init ] --START--
INFO: Run Behavior\BuildLiteBehavior [ RunTime:0.000021s ]
INFO: [ app_init ] --END-- [ RunTime:0.000364s ]
INFO: [ app_begin ] --START--
INFO: Run Behavior\ReadHtmlCacheBehavior [ RunTime:0.000445s ]
INFO: [ app_begin ] --END-- [ RunTime:0.000498s ]
INFO: [ view_parse ] --START--
INFO: [ template_filter ] --START--
INFO: Run Behavior\ContentReplaceBehavior [ RunTime:0.000038s ]
INFO: [ template_filter ] --END-- [ RunTime:0.000081s ]
INFO: Run Behavior\ParseTemplateBehavior [ RunTime:0.004533s ]
INFO: [ view_parse ] --END-- [ RunTime:0.004610s ]
INFO: [ view_filter ] --START--
INFO: Run Behavior\WriteHtmlCacheBehavior [ RunTime:0.000165s ]
INFO: [ view_filter ] --END-- [ RunTime:0.000194s ]
INFO: [ app_end ] --START--
INFO: Run Behavior\ShowPageTraceBehavior [ RunTime:0.000428s ]
INFO: [ app_end ] --END-- [ RunTime:0.000488s ]

[ 2017-06-19T01:26:36+08:00 ] 114.253.220.106 /admin.php?position_id=9&c=positioncontent&a=index&title=
INFO: [ app_init ] --START--
INFO: Run Behavior\BuildLiteBehavior [ RunTime:0.000018s ]
INFO: [ app_init ] --END-- [ RunTime:0.000328s ]
INFO: [ app_begin ] --START--
INFO: Run Behavior\ReadHtmlCacheBehavior [ RunTime:0.000381s ]
INFO: [ app_begin ] --END-- [ RunTime:0.000429s ]
NOTIC: [2048] Declaration of Admin\Controller\PositioncontentController::setStatus() should be compatible with Admin\Controller\CommonController::setStatus($data, $models) /data/home/byu2354740001/htdocs/Azjklynew/Admin/Controller/PositioncontentController.class.php 第 9 行.
NOTIC: [2048] Declaration of Admin\Controller\PositioncontentController::listorder() should be compatible with Admin\Controller\CommonController::listorder($model = '') /data/home/byu2354740001/htdocs/Azjklynew/Admin/Controller/PositioncontentController.class.php 第 9 行.
NOTIC: [2048] Declaration of Common\Model\PositionModel::find() should be compatible with Think\Model::find($options = Array) /data/home/byu2354740001/htdocs/Azjklynew/Common/Model/PositionModel.class.php 第 9 行.
SQL: SHOW COLUMNS FROM `cms_position` [ RunTime:0.0017s ]
SQL: SELECT * FROM `cms_position` WHERE `status` = 1 ORDER BY id  [ RunTime:0.0013s ]
NOTIC: [2048] Declaration of Common\Model\PositionContentModel::find() should be compatible with Think\Model::find($options = Array) /data/home/byu2354740001/htdocs/Azjklynew/Common/Model/PositionContentModel.class.php 第 87 行.
SQL: SHOW COLUMNS FROM `cms_position_content` [ RunTime:0.0017s ]
NOTIC: [8] Undefined index: title /data/home/byu2354740001/htdocs/Azjklynew/Common/Model/PositionContentModel.class.php 第 18 行.
SQL: SELECT * FROM `cms_position_content` WHERE `status` <> -1 AND `position_id` = 9 ORDER BY listorder desc ,id desc  [ RunTime:0.0015s ]
INFO: [ view_parse ] --START--
INFO: [ template_filter ] --START--
INFO: Run Behavior\ContentReplaceBehavior [ RunTime:0.000053s ]
INFO: [ template_filter ] --END-- [ RunTime:0.000090s ]
NOTIC: [2048] Declaration of Common\Model\MenuModel::find() should be compatible with Think\Model::find($options = Array) /data/home/byu2354740001/htdocs/Azjklynew/Common/Model/MenuModel.class.php 第 103 行.
SQL: SHOW COLUMNS FROM `cms_menu` [ RunTime:0.0017s ]
SQL: SELECT * FROM `cms_menu` WHERE `status` <> -1 AND `type` = 1 ORDER BY listorder desc,menu_id desc  [ RunTime:0.0013s ]
NOTIC: [8] Undefined index: a /data/home/byu2354740001/htdocs/Azjklynew/Common/Common/function.php 第 33 行.
NOTIC: [8] Undefined index: a /data/home/byu2354740001/htdocs/Azjklynew/Common/Common/function.php 第 33 行.
NOTIC: [8] Undefined index: a /data/home/byu2354740001/htdocs/Azjklynew/Common/Common/function.php 第 33 行.
NOTIC: [8] Undefined index: a /data/home/byu2354740001/htdocs/Azjklynew/Common/Common/function.php 第 33 行.
NOTIC: [8] Undefined index: a /data/home/byu2354740001/htdocs/Azjklynew/Common/Common/function.php 第 33 行.
NOTIC: [8] Undefined index: a /data/home/byu2354740001/htdocs/Azjklynew/Common/Common/function.php 第 33 行.
NOTIC: [8] Undefined index: a /data/home/byu2354740001/htdocs/Azjklynew/Common/Common/function.php 第 33 行.
NOTIC: [8] Undefined index: a /data/home/byu2354740001/htdocs/Azjklynew/Common/Common/function.php 第 33 行.
NOTIC: [8] Undefined index: a /data/home/byu2354740001/htdocs/Azjklynew/Common/Common/function.php 第 33 行.
NOTIC: [8] Undefined variable: title /data/home/byu2354740001/htdocs/Azjklynew/Runtime/Cache/Admin/c656a36ea28dc52a31abb9e506512585.php 第 120 行.
INFO: Run Behavior\ParseTemplateBehavior [ RunTime:0.013210s ]
INFO: [ view_parse ] --END-- [ RunTime:0.013254s ]
INFO: [ view_filter ] --START--
INFO: Run Behavior\WriteHtmlCacheBehavior [ RunTime:0.000220s ]
INFO: [ view_filter ] --END-- [ RunTime:0.000250s ]
INFO: [ app_end ] --START--
INFO: Run Behavior\ShowPageTraceBehavior [ RunTime:0.000466s ]
INFO: [ app_end ] --END-- [ RunTime:0.000508s ]

[ 2017-06-19T01:26:39+08:00 ] 114.253.220.106 /admin.php?c=positioncontent&a=setStatus
INFO: [ app_init ] --START--
INFO: Run Behavior\BuildLiteBehavior [ RunTime:0.000021s ]
INFO: [ app_init ] --END-- [ RunTime:0.000387s ]
INFO: [ app_begin ] --START--
INFO: Run Behavior\ReadHtmlCacheBehavior [ RunTime:0.000419s ]
INFO: [ app_begin ] --END-- [ RunTime:0.000465s ]
NOTIC: [2048] Declaration of Admin\Controller\PositioncontentController::setStatus() should be compatible with Admin\Controller\CommonController::setStatus($data, $models) /data/home/byu2354740001/htdocs/Azjklynew/Admin/Controller/PositioncontentController.class.php 第 9 行.
NOTIC: [2048] Declaration of Admin\Controller\PositioncontentController::listorder() should be compatible with Admin\Controller\CommonController::listorder($model = '') /data/home/byu2354740001/htdocs/Azjklynew/Admin/Controller/PositioncontentController.class.php 第 9 行.
NOTIC: [2048] Declaration of Common\Model\PositionContentModel::find() should be compatible with Think\Model::find($options = Array) /data/home/byu2354740001/htdocs/Azjklynew/Common/Model/PositionContentModel.class.php 第 9 行.
SQL: SHOW COLUMNS FROM `cms_position_content` [ RunTime:0.0012s ]
SQL: UPDATE `cms_position_content` SET `status`='-1' WHERE ( id=138 ) [ RunTime:0.0008s ]

[ 2017-06-19T01:26:40+08:00 ] 101.226.33.218 /admin.php?c=Positioncontent
INFO: [ app_init ] --START--
INFO: Run Behavior\BuildLiteBehavior [ RunTime:0.000021s ]
INFO: [ app_init ] --END-- [ RunTime:0.000390s ]
INFO: [ app_begin ] --START--
INFO: Run Behavior\ReadHtmlCacheBehavior [ RunTime:0.000432s ]
INFO: [ app_begin ] --END-- [ RunTime:0.000478s ]
NOTIC: [2048] Declaration of Admin\Controller\PositioncontentController::setStatus() should be compatible with Admin\Controller\CommonController::setStatus($data, $models) /data/home/byu2354740001/htdocs/Azjklynew/Admin/Controller/PositioncontentController.class.php 第 9 行.
NOTIC: [2048] Declaration of Admin\Controller\PositioncontentController::listorder() should be compatible with Admin\Controller\CommonController::listorder($model = '') /data/home/byu2354740001/htdocs/Azjklynew/Admin/Controller/PositioncontentController.class.php 第 9 行.
NOTIC: [8] Undefined variable: module /data/home/byu2354740001/htdocs/ThinkPHP/Common/functions.php 第 990 行.
NOTIC: [8] Undefined variable: var /data/home/byu2354740001/htdocs/ThinkPHP/Common/functions.php 第 990 行.
NOTIC: [2] array_reverse() expects parameter 1 to be array, null given /data/home/byu2354740001/htdocs/ThinkPHP/Common/functions.php 第 990 行.
NOTIC: [2] http_build_query(): Parameter 1 expected to be Array or Object.  Incorrect value given /data/home/byu2354740001/htdocs/ThinkPHP/Common/functions.php 第 990 行.

[ 2017-06-19T01:26:40+08:00 ] 101.226.33.218 /admin.php?m=&&c=login
INFO: [ app_init ] --START--
INFO: Run Behavior\BuildLiteBehavior [ RunTime:0.000018s ]
INFO: [ app_init ] --END-- [ RunTime:0.000357s ]
INFO: [ app_begin ] --START--
INFO: Run Behavior\ReadHtmlCacheBehavior [ RunTime:0.000379s ]
INFO: [ app_begin ] --END-- [ RunTime:0.000435s ]
INFO: [ view_parse ] --START--
INFO: [ template_filter ] --START--
INFO: Run Behavior\ContentReplaceBehavior [ RunTime:0.000037s ]
INFO: [ template_filter ] --END-- [ RunTime:0.000082s ]
INFO: Run Behavior\ParseTemplateBehavior [ RunTime:0.004514s ]
INFO: [ view_parse ] --END-- [ RunTime:0.004560s ]
INFO: [ view_filter ] --START--
INFO: Run Behavior\WriteHtmlCacheBehavior [ RunTime:0.000162s ]
INFO: [ view_filter ] --END-- [ RunTime:0.000216s ]
INFO: [ app_end ] --START--
INFO: Run Behavior\ShowPageTraceBehavior [ RunTime:0.000449s ]
INFO: [ app_end ] --END-- [ RunTime:0.000493s ]

[ 2017-06-19T01:26:40+08:00 ] 114.253.220.106 /admin.php?position_id=9&c=positioncontent&a=index&title=
INFO: [ app_init ] --START--
INFO: Run Behavior\BuildLiteBehavior [ RunTime:0.000017s ]
INFO: [ app_init ] --END-- [ RunTime:0.000345s ]
INFO: [ app_begin ] --START--
INFO: Run Behavior\ReadHtmlCacheBehavior [ RunTime:0.000377s ]
INFO: [ app_begin ] --END-- [ RunTime:0.000424s ]
NOTIC: [2048] Declaration of Admin\Controller\PositioncontentController::setStatus() should be compatible with Admin\Controller\CommonController::setStatus($data, $models) /data/home/byu2354740001/htdocs/Azjklynew/Admin/Controller/PositioncontentController.class.php 第 9 行.
NOTIC: [2048] Declaration of Admin\Controller\PositioncontentController::listorder() should be compatible with Admin\Controller\CommonController::listorder($model = '') /data/home/byu2354740001/htdocs/Azjklynew/Admin/Controller/PositioncontentController.class.php 第 9 行.
NOTIC: [2048] Declaration of Common\Model\PositionModel::find() should be compatible with Think\Model::find($options = Array) /data/home/byu2354740001/htdocs/Azjklynew/Common/Model/PositionModel.class.php 第 9 行.
SQL: SHOW COLUMNS FROM `cms_position` [ RunTime:0.0016s ]
SQL: SELECT * FROM `cms_position` WHERE `status` = 1 ORDER BY id  [ RunTime:0.0013s ]
NOTIC: [2048] Declaration of Common\Model\PositionContentModel::find() should be compatible with Think\Model::find($options = Array) /data/home/byu2354740001/htdocs/Azjklynew/Common/Model/PositionContentModel.class.php 第 87 行.
SQL: SHOW COLUMNS FROM `cms_position_content` [ RunTime:0.0016s ]
NOTIC: [8] Undefined index: title /data/home/byu2354740001/htdocs/Azjklynew/Common/Model/PositionContentModel.class.php 第 18 行.
SQL: SELECT * FROM `cms_position_content` WHERE `status` <> -1 AND `position_id` = 9 ORDER BY listorder desc ,id desc  [ RunTime:0.0014s ]
INFO: [ view_parse ] --START--
INFO: [ template_filter ] --START--
INFO: Run Behavior\ContentReplaceBehavior [ RunTime:0.000053s ]
INFO: [ template_filter ] --END-- [ RunTime:0.000092s ]
NOTIC: [2048] Declaration of Common\Model\MenuModel::find() should be compatible with Think\Model::find($options = Array) /data/home/byu2354740001/htdocs/Azjklynew/Common/Model/MenuModel.class.php 第 103 行.
SQL: SHOW COLUMNS FROM `cms_menu` [ RunTime:0.0015s ]
SQL: SELECT * FROM `cms_menu` WHERE `status` <> -1 AND `type` = 1 ORDER BY listorder desc,menu_id desc  [ RunTime:0.0012s ]
NOTIC: [8] Undefined index: a /data/home/byu2354740001/htdocs/Azjklynew/Common/Common/function.php 第 33 行.
NOTIC: [8] Undefined index: a /data/home/byu2354740001/htdocs/Azjklynew/Common/Common/function.php 第 33 行.
NOTIC: [8] Undefined index: a /data/home/byu2354740001/htdocs/Azjklynew/Common/Common/function.php 第 33 行.
NOTIC: [8] Undefined index: a /data/home/byu2354740001/htdocs/Azjklynew/Common/Common/function.php 第 33 行.
NOTIC: [8] Undefined index: a /data/home/byu2354740001/htdocs/Azjklynew/Common/Common/function.php 第 33 行.
NOTIC: [8] Undefined index: a /data/home/byu2354740001/htdocs/Azjklynew/Common/Common/function.php 第 33 行.
NOTIC: [8] Undefined index: a /data/home/byu2354740001/htdocs/Azjklynew/Common/Common/function.php 第 33 行.
NOTIC: [8] Undefined index: a /data/home/byu2354740001/htdocs/Azjklynew/Common/Common/function.php 第 33 行.
NOTIC: [8] Undefined index: a /data/home/byu2354740001/htdocs/Azjklynew/Common/Common/function.php 第 33 行.
NOTIC: [8] Undefined variable: title /data/home/byu2354740001/htdocs/Azjklynew/Runtime/Cache/Admin/c656a36ea28dc52a31abb9e506512585.php 第 120 行.
INFO: Run Behavior\ParseTemplateBehavior [ RunTime:0.012769s ]
INFO: [ view_parse ] --END-- [ RunTime:0.012806s ]
INFO: [ view_filter ] --START--
INFO: Run Behavior\WriteHtmlCacheBehavior [ RunTime:0.000217s ]
INFO: [ view_filter ] --END-- [ RunTime:0.000247s ]
INFO: [ app_end ] --START--
INFO: Run Behavior\ShowPageTraceBehavior [ RunTime:0.000450s ]
INFO: [ app_end ] --END-- [ RunTime:0.000491s ]

[ 2017-06-19T01:26:46+08:00 ] 117.185.27.113 /admin.php?position_id=9&c=positioncontent&a=index&title=
INFO: [ app_init ] --START--
INFO: Run Behavior\BuildLiteBehavior [ RunTime:0.000017s ]
INFO: [ app_init ] --END-- [ RunTime:0.000317s ]
INFO: [ app_begin ] --START--
INFO: Run Behavior\ReadHtmlCacheBehavior [ RunTime:0.000433s ]
INFO: [ app_begin ] --END-- [ RunTime:0.000480s ]
NOTIC: [2048] Declaration of Admin\Controller\PositioncontentController::setStatus() should be compatible with Admin\Controller\CommonController::setStatus($data, $models) /data/home/byu2354740001/htdocs/Azjklynew/Admin/Controller/PositioncontentController.class.php 第 9 行.
NOTIC: [2048] Declaration of Admin\Controller\PositioncontentController::listorder() should be compatible with Admin\Controller\CommonController::listorder($model = '') /data/home/byu2354740001/htdocs/Azjklynew/Admin/Controller/PositioncontentController.class.php 第 9 行.
NOTIC: [8] Undefined variable: module /data/home/byu2354740001/htdocs/ThinkPHP/Common/functions.php 第 990 行.
NOTIC: [8] Undefined variable: var /data/home/byu2354740001/htdocs/ThinkPHP/Common/functions.php 第 990 行.
NOTIC: [2] array_reverse() expects parameter 1 to be array, null given /data/home/byu2354740001/htdocs/ThinkPHP/Common/functions.php 第 990 行.
NOTIC: [2] http_build_query(): Parameter 1 expected to be Array or Object.  Incorrect value given /data/home/byu2354740001/htdocs/ThinkPHP/Common/functions.php 第 990 行.

[ 2017-06-19T01:26:46+08:00 ] 117.185.27.113 /admin.php?m=&&c=login
INFO: [ app_init ] --START--
INFO: Run Behavior\BuildLiteBehavior [ RunTime:0.000017s ]
INFO: [ app_init ] --END-- [ RunTime:0.000324s ]
INFO: [ app_begin ] --START--
INFO: Run Behavior\ReadHtmlCacheBehavior [ RunTime:0.000391s ]
INFO: [ app_begin ] --END-- [ RunTime:0.000438s ]
INFO: [ view_parse ] --START--
INFO: [ template_filter ] --START--
INFO: Run Behavior\ContentReplaceBehavior [ RunTime:0.000037s ]
INFO: [ template_filter ] --END-- [ RunTime:0.000080s ]
INFO: Run Behavior\ParseTemplateBehavior [ RunTime:0.004424s ]
INFO: [ view_parse ] --END-- [ RunTime:0.004468s ]
INFO: [ view_filter ] --START--
INFO: Run Behavior\WriteHtmlCacheBehavior [ RunTime:0.000184s ]
INFO: [ view_filter ] --END-- [ RunTime:0.000228s ]
INFO: [ app_end ] --START--
INFO: Run Behavior\ShowPageTraceBehavior [ RunTime:0.000410s ]
INFO: [ app_end ] --END-- [ RunTime:0.000453s ]

[ 2017-06-19T01:26:47+08:00 ] 101.226.66.174 /admin.php?position_id=9&c=positioncontent&a=index&title=
INFO: [ app_init ] --START--
INFO: Run Behavior\BuildLiteBehavior [ RunTime:0.000017s ]
INFO: [ app_init ] --END-- [ RunTime:0.000381s ]
INFO: [ app_begin ] --START--
INFO: Run Behavior\ReadHtmlCacheBehavior [ RunTime:0.000435s ]
INFO: [ app_begin ] --END-- [ RunTime:0.000483s ]
NOTIC: [2048] Declaration of Admin\Controller\PositioncontentController::setStatus() should be compatible with Admin\Controller\CommonController::setStatus($data, $models) /data/home/byu2354740001/htdocs/Azjklynew/Admin/Controller/PositioncontentController.class.php 第 9 行.
NOTIC: [2048] Declaration of Admin\Controller\PositioncontentController::listorder() should be compatible with Admin\Controller\CommonController::listorder($model = '') /data/home/byu2354740001/htdocs/Azjklynew/Admin/Controller/PositioncontentController.class.php 第 9 行.
NOTIC: [8] Undefined variable: module /data/home/byu2354740001/htdocs/ThinkPHP/Common/functions.php 第 990 行.
NOTIC: [8] Undefined variable: var /data/home/byu2354740001/htdocs/ThinkPHP/Common/functions.php 第 990 行.
NOTIC: [2] array_reverse() expects parameter 1 to be array, null given /data/home/byu2354740001/htdocs/ThinkPHP/Common/functions.php 第 990 行.
NOTIC: [2] http_build_query(): Parameter 1 expected to be Array or Object.  Incorrect value given /data/home/byu2354740001/htdocs/ThinkPHP/Common/functions.php 第 990 行.

[ 2017-06-19T01:26:47+08:00 ] 101.226.66.174 /admin.php?m=&&c=login
INFO: [ app_init ] --START--
INFO: Run Behavior\BuildLiteBehavior [ RunTime:0.000017s ]
INFO: [ app_init ] --END-- [ RunTime:0.000362s ]
INFO: [ app_begin ] --START--
INFO: Run Behavior\ReadHtmlCacheBehavior [ RunTime:0.000385s ]
INFO: [ app_begin ] --END-- [ RunTime:0.000432s ]
INFO: [ view_parse ] --START--
INFO: [ template_filter ] --START--
INFO: Run Behavior\ContentReplaceBehavior [ RunTime:0.000036s ]
INFO: [ template_filter ] --END-- [ RunTime:0.000081s ]
INFO: Run Behavior\ParseTemplateBehavior [ RunTime:0.004528s ]
INFO: [ view_parse ] --END-- [ RunTime:0.004573s ]
INFO: [ view_filter ] --START--
INFO: Run Behavior\WriteHtmlCacheBehavior [ RunTime:0.000189s ]
INFO: [ view_filter ] --END-- [ RunTime:0.000268s ]
INFO: [ app_end ] --START--
INFO: Run Behavior\ShowPageTraceBehavior [ RunTime:0.000434s ]
INFO: [ app_end ] --END-- [ RunTime:0.000478s ]

[ 2017-06-19T01:29:26+08:00 ] 114.253.220.106 /admin.php?c=content
INFO: [ app_init ] --START--
INFO: Run Behavior\BuildLiteBehavior [ RunTime:0.000018s ]
INFO: [ app_init ] --END-- [ RunTime:0.000392s ]
INFO: [ app_begin ] --START--
INFO: Run Behavior\ReadHtmlCacheBehavior [ RunTime:0.000452s ]
INFO: [ app_begin ] --END-- [ RunTime:0.000501s ]
NOTIC: [2048] Declaration of Admin\Controller\ContentController::setStatus() should be compatible with Admin\Controller\CommonController::setStatus($data, $models) /data/home/byu2354740001/htdocs/Azjklynew/Admin/Controller/ContentController.class.php 第 12 行.
NOTIC: [2048] Declaration of Admin\Controller\ContentController::listorder() should be compatible with Admin\Controller\CommonController::listorder($model = '') /data/home/byu2354740001/htdocs/Azjklynew/Admin/Controller/ContentController.class.php 第 12 行.
NOTIC: [8] Undefined index: title /data/home/byu2354740001/htdocs/Azjklynew/Admin/Controller/ContentController.class.php 第 16 行.
NOTIC: [8] Undefined index: catid /data/home/byu2354740001/htdocs/Azjklynew/Admin/Controller/ContentController.class.php 第 20 行.
NOTIC: [8] Undefined index: p /data/home/byu2354740001/htdocs/Azjklynew/Admin/Controller/ContentController.class.php 第 24 行.
NOTIC: [2048] Declaration of Common\Model\NewsModel::find() should be compatible with Think\Model::find($options = Array) /data/home/byu2354740001/htdocs/Azjklynew/Common/Model/NewsModel.class.php 第 6 行.
SQL: SHOW COLUMNS FROM `cms_news` [ RunTime:0.0019s ]
SQL: SELECT * FROM `cms_news` WHERE `status` <> -1 ORDER BY listorder desc ,news_id desc LIMIT 0,10   [ RunTime:0.0013s ]
SQL: SELECT COUNT(*) AS tp_count FROM `cms_news` WHERE `status` <> -1 LIMIT 1   [ RunTime:0.0012s ]
NOTIC: [2048] Declaration of Common\Model\PositionModel::find() should be compatible with Think\Model::find($options = Array) /data/home/byu2354740001/htdocs/Azjklynew/Common/Model/PositionModel.class.php 第 81 行.
SQL: SHOW COLUMNS FROM `cms_position` [ RunTime:0.0016s ]
SQL: SELECT * FROM `cms_position` WHERE `status` = 1 ORDER BY id  [ RunTime:0.0013s ]
NOTIC: [2048] Declaration of Common\Model\MenuModel::find() should be compatible with Think\Model::find($options = Array) /data/home/byu2354740001/htdocs/Azjklynew/Common/Model/MenuModel.class.php 第 103 行.
SQL: SHOW COLUMNS FROM `cms_menu` [ RunTime:0.0016s ]
SQL: SELECT * FROM `cms_menu` WHERE `status` = 1 AND `type` = 0 ORDER BY listorder desc,menu_id desc  [ RunTime:0.0013s ]
INFO: [ view_parse ] --START--
INFO: [ template_filter ] --START--
INFO: Run Behavior\ContentReplaceBehavior [ RunTime:0.000054s ]
INFO: [ template_filter ] --END-- [ RunTime:0.000091s ]
SQL: SELECT * FROM `cms_menu` WHERE `status` <> -1 AND `type` = 1 ORDER BY listorder desc,menu_id desc  [ RunTime:0.0013s ]
NOTIC: [8] Undefined index: a /data/home/byu2354740001/htdocs/Azjklynew/Common/Common/function.php 第 33 行.
NOTIC: [8] Undefined index: a /data/home/byu2354740001/htdocs/Azjklynew/Common/Common/function.php 第 33 行.
NOTIC: [8] Undefined index: a /data/home/byu2354740001/htdocs/Azjklynew/Common/Common/function.php 第 33 行.
NOTIC: [8] Undefined index: a /data/home/byu2354740001/htdocs/Azjklynew/Common/Common/function.php 第 33 行.
NOTIC: [8] Undefined index: a /data/home/byu2354740001/htdocs/Azjklynew/Common/Common/function.php 第 33 行.
NOTIC: [8] Undefined index: a /data/home/byu2354740001/htdocs/Azjklynew/Common/Common/function.php 第 33 行.
NOTIC: [8] Undefined index: a /data/home/byu2354740001/htdocs/Azjklynew/Common/Common/function.php 第 33 行.
NOTIC: [8] Undefined index: a /data/home/byu2354740001/htdocs/Azjklynew/Common/Common/function.php 第 33 行.
NOTIC: [8] Undefined index: a /data/home/byu2354740001/htdocs/Azjklynew/Common/Common/function.php 第 33 行.
INFO: Run Behavior\ParseTemplateBehavior [ RunTime:0.011900s ]
INFO: [ view_parse ] --END-- [ RunTime:0.011941s ]
INFO: [ view_filter ] --START--
INFO: Run Behavior\WriteHtmlCacheBehavior [ RunTime:0.000193s ]
INFO: [ view_filter ] --END-- [ RunTime:0.000223s ]
INFO: [ app_end ] --START--
INFO: Run Behavior\ShowPageTraceBehavior [ RunTime:0.000450s ]
INFO: [ app_end ] --END-- [ RunTime:0.000495s ]

[ 2017-06-19T01:29:30+08:00 ] 114.253.220.106 /admin.php?c=Alljd
INFO: [ app_init ] --START--
INFO: Run Behavior\BuildLiteBehavior [ RunTime:0.000026s ]
INFO: [ app_init ] --END-- [ RunTime:0.000490s ]
INFO: [ app_begin ] --START--
INFO: Run Behavior\ReadHtmlCacheBehavior [ RunTime:0.000469s ]
INFO: [ app_begin ] --END-- [ RunTime:0.000539s ]
NOTIC: [2048] Declaration of Admin\Controller\AlljdController::setStatus() should be compatible with Admin\Controller\CommonController::setStatus($data, $models) /data/home/byu2354740001/htdocs/Azjklynew/Admin/Controller/AlljdController.class.php 第 6 行.
SQL: SHOW COLUMNS FROM `cms_news` [ RunTime:0.0019s ]
SQL: SELECT COUNT(*) AS tp_count FROM `cms_news` WHERE ( catid>=25 and catid<=39 and status!=-1 ) LIMIT 1   [ RunTime:0.0013s ]
NOTIC: [2] Creating default object from empty value /data/home/byu2354740001/htdocs/Azjklynew/Admin/Controller/AlljdController.class.php 第 17 行.
SQL: SELECT * FROM `cms_news` WHERE ( catid>=25 and catid<=39 and status!=-1 ) LIMIT 0,10   [ RunTime:0.0016s ]
NOTIC: [2048] Declaration of Common\Model\MenuModel::find() should be compatible with Think\Model::find($options = Array) /data/home/byu2354740001/htdocs/Azjklynew/Common/Model/MenuModel.class.php 第 103 行.
SQL: SHOW COLUMNS FROM `cms_menu` [ RunTime:0.0016s ]
SQL: SELECT * FROM `cms_menu` WHERE `status` = 1 AND `type` = 2 ORDER BY listorder desc,menu_id desc  [ RunTime:0.0013s ]
INFO: [ view_parse ] --START--
INFO: [ template_filter ] --START--
INFO: Run Behavior\ContentReplaceBehavior [ RunTime:0.000059s ]
INFO: [ template_filter ] --END-- [ RunTime:0.000146s ]
SQL: SELECT * FROM `cms_menu` WHERE `status` <> -1 AND `type` = 1 ORDER BY listorder desc,menu_id desc  [ RunTime:0.0013s ]
NOTIC: [8] Undefined index: a /data/home/byu2354740001/htdocs/Azjklynew/Common/Common/function.php 第 33 行.
NOTIC: [8] Undefined index: a /data/home/byu2354740001/htdocs/Azjklynew/Common/Common/function.php 第 33 行.
NOTIC: [8] Undefined index: a /data/home/byu2354740001/htdocs/Azjklynew/Common/Common/function.php 第 33 行.
NOTIC: [8] Undefined index: a /data/home/byu2354740001/htdocs/Azjklynew/Common/Common/function.php 第 33 行.
NOTIC: [8] Undefined index: a /data/home/byu2354740001/htdocs/Azjklynew/Common/Common/function.php 第 33 行.
NOTIC: [8] Undefined index: a /data/home/byu2354740001/htdocs/Azjklynew/Common/Common/function.php 第 33 行.
NOTIC: [8] Undefined index: a /data/home/byu2354740001/htdocs/Azjklynew/Common/Common/function.php 第 33 行.
NOTIC: [8] Undefined index: a /data/home/byu2354740001/htdocs/Azjklynew/Common/Common/function.php 第 33 行.
NOTIC: [8] Undefined index: a /data/home/byu2354740001/htdocs/Azjklynew/Common/Common/function.php 第 33 行.
INFO: Run Behavior\ParseTemplateBehavior [ RunTime:0.012653s ]
INFO: [ view_parse ] --END-- [ RunTime:0.012712s ]
INFO: [ view_filter ] --START--
INFO: Run Behavior\WriteHtmlCacheBehavior [ RunTime:0.000309s ]
INFO: [ view_filter ] --END-- [ RunTime:0.000420s ]
INFO: [ app_end ] --START--
INFO: Run Behavior\ShowPageTraceBehavior [ RunTime:0.000432s ]
INFO: [ app_end ] --END-- [ RunTime:0.000479s ]

[ 2017-06-19T01:29:32+08:00 ] 114.253.220.106 /admin.php?c=Alljd&a=jdadd
INFO: [ app_init ] --START--
INFO: Run Behavior\BuildLiteBehavior [ RunTime:0.000026s ]
INFO: [ app_init ] --END-- [ RunTime:0.000506s ]
INFO: [ app_begin ] --START--
INFO: Run Behavior\ReadHtmlCacheBehavior [ RunTime:0.000502s ]
INFO: [ app_begin ] --END-- [ RunTime:0.000590s ]
NOTIC: [2048] Declaration of Admin\Controller\AlljdController::setStatus() should be compatible with Admin\Controller\CommonController::setStatus($data, $models) /data/home/byu2354740001/htdocs/Azjklynew/Admin/Controller/AlljdController.class.php 第 6 行.
NOTIC: [2048] Declaration of Common\Model\MenuModel::find() should be compatible with Think\Model::find($options = Array) /data/home/byu2354740001/htdocs/Azjklynew/Common/Model/MenuModel.class.php 第 5 行.
SQL: SHOW COLUMNS FROM `cms_menu` [ RunTime:0.0023s ]
SQL: SELECT * FROM `cms_menu` WHERE `status` = 1 AND `type` = 2 ORDER BY listorder desc,menu_id desc  [ RunTime:0.0019s ]
INFO: [ view_parse ] --START--
INFO: [ template_filter ] --START--
INFO: Run Behavior\ContentReplaceBehavior [ RunTime:0.000065s ]
INFO: [ template_filter ] --END-- [ RunTime:0.000116s ]
SQL: SELECT * FROM `cms_menu` WHERE `status` <> -1 AND `type` = 1 ORDER BY listorder desc,menu_id desc  [ RunTime:0.0020s ]
NOTIC: [8] Undefined index: a /data/home/byu2354740001/htdocs/Azjklynew/Common/Common/function.php 第 33 行.
NOTIC: [8] Undefined index: a /data/home/byu2354740001/htdocs/Azjklynew/Common/Common/function.php 第 33 行.
NOTIC: [8] Undefined index: a /data/home/byu2354740001/htdocs/Azjklynew/Common/Common/function.php 第 33 行.
NOTIC: [8] Undefined index: a /data/home/byu2354740001/htdocs/Azjklynew/Common/Common/function.php 第 33 行.
NOTIC: [8] Undefined index: a /data/home/byu2354740001/htdocs/Azjklynew/Common/Common/function.php 第 33 行.
NOTIC: [8] Undefined index: a /data/home/byu2354740001/htdocs/Azjklynew/Common/Common/function.php 第 33 行.
NOTIC: [8] Undefined index: a /data/home/byu2354740001/htdocs/Azjklynew/Common/Common/function.php 第 33 行.
NOTIC: [8] Undefined index: a /data/home/byu2354740001/htdocs/Azjklynew/Common/Common/function.php 第 33 行.
NOTIC: [8] Undefined index: a /data/home/byu2354740001/htdocs/Azjklynew/Common/Common/function.php 第 33 行.
NOTIC: [8] Undefined variable: titleFontColor /data/home/byu2354740001/htdocs/Azjklynew/Runtime/Cache/Admin/7d14a9285e5e27be1d7654a03fa075d0.php 第 135 行.
NOTIC: [8] Undefined variable: webSiteMenu1 /data/home/byu2354740001/htdocs/Azjklynew/Runtime/Cache/Admin/7d14a9285e5e27be1d7654a03fa075d0.php 第 145 行.
INFO: Run Behavior\ParseTemplateBehavior [ RunTime:0.013976s ]
INFO: [ view_parse ] --END-- [ RunTime:0.014026s ]
INFO: [ view_filter ] --START--
INFO: Run Behavior\WriteHtmlCacheBehavior [ RunTime:0.000231s ]
INFO: [ view_filter ] --END-- [ RunTime:0.000260s ]
INFO: [ app_end ] --START--
INFO: Run Behavior\ShowPageTraceBehavior [ RunTime:0.000473s ]
INFO: [ app_end ] --END-- [ RunTime:0.000525s ]

[ 2017-06-19T01:29:40+08:00 ] 101.226.66.173 /admin.php?c=content
INFO: [ app_init ] --START--
INFO: Run Behavior\BuildLiteBehavior [ RunTime:0.000019s ]
INFO: [ app_init ] --END-- [ RunTime:0.000369s ]
INFO: [ app_begin ] --START--
INFO: Run Behavior\ReadHtmlCacheBehavior [ RunTime:0.000423s ]
INFO: [ app_begin ] --END-- [ RunTime:0.000470s ]
NOTIC: [2048] Declaration of Admin\Controller\ContentController::setStatus() should be compatible with Admin\Controller\CommonController::setStatus($data, $models) /data/home/byu2354740001/htdocs/Azjklynew/Admin/Controller/ContentController.class.php 第 12 行.
NOTIC: [2048] Declaration of Admin\Controller\ContentController::listorder() should be compatible with Admin\Controller\CommonController::listorder($model = '') /data/home/byu2354740001/htdocs/Azjklynew/Admin/Controller/ContentController.class.php 第 12 行.
NOTIC: [8] Undefined variable: module /data/home/byu2354740001/htdocs/ThinkPHP/Common/functions.php 第 990 行.
NOTIC: [8] Undefined variable: var /data/home/byu2354740001/htdocs/ThinkPHP/Common/functions.php 第 990 行.
NOTIC: [2] array_reverse() expects parameter 1 to be array, null given /data/home/byu2354740001/htdocs/ThinkPHP/Common/functions.php 第 990 行.
NOTIC: [2] http_build_query(): Parameter 1 expected to be Array or Object.  Incorrect value given /data/home/byu2354740001/htdocs/ThinkPHP/Common/functions.php 第 990 行.

[ 2017-06-19T01:29:40+08:00 ] 101.226.66.173 /admin.php?m=&&c=login
INFO: [ app_init ] --START--
INFO: Run Behavior\BuildLiteBehavior [ RunTime:0.000017s ]
INFO: [ app_init ] --END-- [ RunTime:0.000328s ]
INFO: [ app_begin ] --START--
INFO: Run Behavior\ReadHtmlCacheBehavior [ RunTime:0.000437s ]
INFO: [ app_begin ] --END-- [ RunTime:0.000483s ]
INFO: [ view_parse ] --START--
INFO: [ template_filter ] --START--
INFO: Run Behavior\ContentReplaceBehavior [ RunTime:0.000043s ]
INFO: [ template_filter ] --END-- [ RunTime:0.000088s ]
INFO: Run Behavior\ParseTemplateBehavior [ RunTime:0.004367s ]
INFO: [ view_parse ] --END-- [ RunTime:0.004413s ]
INFO: [ view_filter ] --START--
INFO: Run Behavior\WriteHtmlCacheBehavior [ RunTime:0.000192s ]
INFO: [ view_filter ] --END-- [ RunTime:0.000222s ]
INFO: [ app_end ] --START--
INFO: Run Behavior\ShowPageTraceBehavior [ RunTime:0.000427s ]
INFO: [ app_end ] --END-- [ RunTime:0.000472s ]

[ 2017-06-19T01:29:44+08:00 ] 180.163.2.116 /admin.php?c=alljd
INFO: [ app_init ] --START--
INFO: Run Behavior\BuildLiteBehavior [ RunTime:0.000018s ]
INFO: [ app_init ] --END-- [ RunTime:0.000383s ]
INFO: [ app_begin ] --START--
INFO: Run Behavior\ReadHtmlCacheBehavior [ RunTime:0.000444s ]
INFO: [ app_begin ] --END-- [ RunTime:0.000493s ]
NOTIC: [2048] Declaration of Admin\Controller\AlljdController::setStatus() should be compatible with Admin\Controller\CommonController::setStatus($data, $models) /data/home/byu2354740001/htdocs/Azjklynew/Admin/Controller/AlljdController.class.php 第 6 行.
NOTIC: [8] Undefined variable: module /data/home/byu2354740001/htdocs/ThinkPHP/Common/functions.php 第 990 行.
NOTIC: [8] Undefined variable: var /data/home/byu2354740001/htdocs/ThinkPHP/Common/functions.php 第 990 行.
NOTIC: [2] array_reverse() expects parameter 1 to be array, null given /data/home/byu2354740001/htdocs/ThinkPHP/Common/functions.php 第 990 行.
NOTIC: [2] http_build_query(): Parameter 1 expected to be Array or Object.  Incorrect value given /data/home/byu2354740001/htdocs/ThinkPHP/Common/functions.php 第 990 行.

[ 2017-06-19T01:29:44+08:00 ] 180.163.2.116 /admin.php?m=&&c=login
INFO: [ app_init ] --START--
INFO: Run Behavior\BuildLiteBehavior [ RunTime:0.000017s ]
INFO: [ app_init ] --END-- [ RunTime:0.000324s ]
INFO: [ app_begin ] --START--
INFO: Run Behavior\ReadHtmlCacheBehavior [ RunTime:0.000411s ]
INFO: [ app_begin ] --END-- [ RunTime:0.000464s ]
INFO: [ view_parse ] --START--
INFO: [ template_filter ] --START--
INFO: Run Behavior\ContentReplaceBehavior [ RunTime:0.000039s ]
INFO: [ template_filter ] --END-- [ RunTime:0.000091s ]
INFO: Run Behavior\ParseTemplateBehavior [ RunTime:0.004726s ]
INFO: [ view_parse ] --END-- [ RunTime:0.004773s ]
INFO: [ view_filter ] --START--
INFO: Run Behavior\WriteHtmlCacheBehavior [ RunTime:0.000166s ]
INFO: [ view_filter ] --END-- [ RunTime:0.000195s ]
INFO: [ app_end ] --START--
INFO: Run Behavior\ShowPageTraceBehavior [ RunTime:0.000446s ]
INFO: [ app_end ] --END-- [ RunTime:0.000500s ]

[ 2017-06-19T01:29:46+08:00 ] 180.153.163.190 /admin.php?c=alljd&a=jdadd
INFO: [ app_init ] --START--
INFO: Run Behavior\BuildLiteBehavior [ RunTime:0.000018s ]
INFO: [ app_init ] --END-- [ RunTime:0.000336s ]
INFO: [ app_begin ] --START--
INFO: Run Behavior\ReadHtmlCacheBehavior [ RunTime:0.000413s ]
INFO: [ app_begin ] --END-- [ RunTime:0.000483s ]
NOTIC: [2048] Declaration of Admin\Controller\AlljdController::setStatus() should be compatible with Admin\Controller\CommonController::setStatus($data, $models) /data/home/byu2354740001/htdocs/Azjklynew/Admin/Controller/AlljdController.class.php 第 6 行.
NOTIC: [8] Undefined variable: module /data/home/byu2354740001/htdocs/ThinkPHP/Common/functions.php 第 990 行.
NOTIC: [8] Undefined variable: var /data/home/byu2354740001/htdocs/ThinkPHP/Common/functions.php 第 990 行.
NOTIC: [2] array_reverse() expects parameter 1 to be array, null given /data/home/byu2354740001/htdocs/ThinkPHP/Common/functions.php 第 990 行.
NOTIC: [2] http_build_query(): Parameter 1 expected to be Array or Object.  Incorrect value given /data/home/byu2354740001/htdocs/ThinkPHP/Common/functions.php 第 990 行.

[ 2017-06-19T01:29:46+08:00 ] 180.153.163.190 /admin.php?m=&&c=login
INFO: [ app_init ] --START--
INFO: Run Behavior\BuildLiteBehavior [ RunTime:0.000017s ]
INFO: [ app_init ] --END-- [ RunTime:0.000331s ]
INFO: [ app_begin ] --START--
INFO: Run Behavior\ReadHtmlCacheBehavior [ RunTime:0.000436s ]
INFO: [ app_begin ] --END-- [ RunTime:0.000484s ]
INFO: [ view_parse ] --START--
INFO: [ template_filter ] --START--
INFO: Run Behavior\ContentReplaceBehavior [ RunTime:0.000037s ]
INFO: [ template_filter ] --END-- [ RunTime:0.000117s ]
INFO: Run Behavior\ParseTemplateBehavior [ RunTime:0.004689s ]
INFO: [ view_parse ] --END-- [ RunTime:0.004734s ]
INFO: [ view_filter ] --START--
INFO: Run Behavior\WriteHtmlCacheBehavior [ RunTime:0.000165s ]
INFO: [ view_filter ] --END-- [ RunTime:0.000195s ]
INFO: [ app_end ] --START--
INFO: Run Behavior\ShowPageTraceBehavior [ RunTime:0.000472s ]
INFO: [ app_end ] --END-- [ RunTime:0.000518s ]

[ 2017-06-19T01:30:40+08:00 ] 114.253.220.106 /admin.php?c=Alljd&a=jdadd
INFO: [ app_init ] --START--
INFO: Run Behavior\BuildLiteBehavior [ RunTime:0.000018s ]
INFO: [ app_init ] --END-- [ RunTime:0.000322s ]
INFO: [ app_begin ] --START--
INFO: Run Behavior\ReadHtmlCacheBehavior [ RunTime:0.000383s ]
INFO: [ app_begin ] --END-- [ RunTime:0.000430s ]
NOTIC: [2048] Declaration of Admin\Controller\AlljdController::setStatus() should be compatible with Admin\Controller\CommonController::setStatus($data, $models) /data/home/byu2354740001/htdocs/Azjklynew/Admin/Controller/AlljdController.class.php 第 6 行.
NOTIC: [2048] Declaration of Common\Model\MenuModel::find() should be compatible with Think\Model::find($options = Array) /data/home/byu2354740001/htdocs/Azjklynew/Common/Model/MenuModel.class.php 第 5 行.
SQL: SHOW COLUMNS FROM `cms_menu` [ RunTime:0.0017s ]
SQL: SELECT * FROM `cms_menu` WHERE `status` = 1 AND `type` = 2 ORDER BY listorder desc,menu_id desc  [ RunTime:0.0013s ]
INFO: [ view_parse ] --START--
INFO: [ template_filter ] --START--
INFO: Run Behavior\ContentReplaceBehavior [ RunTime:0.000075s ]
INFO: [ template_filter ] --END-- [ RunTime:0.000114s ]
SQL: SELECT * FROM `cms_menu` WHERE `status` <> -1 AND `type` = 1 ORDER BY listorder desc,menu_id desc  [ RunTime:0.0013s ]
NOTIC: [8] Undefined index: a /data/home/byu2354740001/htdocs/Azjklynew/Common/Common/function.php 第 33 行.
NOTIC: [8] Undefined index: a /data/home/byu2354740001/htdocs/Azjklynew/Common/Common/function.php 第 33 行.
NOTIC: [8] Undefined index: a /data/home/byu2354740001/htdocs/Azjklynew/Common/Common/function.php 第 33 行.
NOTIC: [8] Undefined index: a /data/home/byu2354740001/htdocs/Azjklynew/Common/Common/function.php 第 33 行.
NOTIC: [8] Undefined index: a /data/home/byu2354740001/htdocs/Azjklynew/Common/Common/function.php 第 33 行.
NOTIC: [8] Undefined index: a /data/home/byu2354740001/htdocs/Azjklynew/Common/Common/function.php 第 33 行.
NOTIC: [8] Undefined index: a /data/home/byu2354740001/htdocs/Azjklynew/Common/Common/function.php 第 33 行.
NOTIC: [8] Undefined index: a /data/home/byu2354740001/htdocs/Azjklynew/Common/Common/function.php 第 33 行.
NOTIC: [8] Undefined index: a /data/home/byu2354740001/htdocs/Azjklynew/Common/Common/function.php 第 33 行.
NOTIC: [8] Undefined variable: titleFontColor /data/home/byu2354740001/htdocs/Azjklynew/Runtime/Cache/Admin/7d14a9285e5e27be1d7654a03fa075d0.php 第 135 行.
NOTIC: [8] Undefined variable: webSiteMenu1 /data/home/byu2354740001/htdocs/Azjklynew/Runtime/Cache/Admin/7d14a9285e5e27be1d7654a03fa075d0.php 第 145 行.
INFO: Run Behavior\ParseTemplateBehavior [ RunTime:0.011060s ]
INFO: [ view_parse ] --END-- [ RunTime:0.011113s ]
INFO: [ view_filter ] --START--
INFO: Run Behavior\WriteHtmlCacheBehavior [ RunTime:0.000181s ]
INFO: [ view_filter ] --END-- [ RunTime:0.000210s ]
INFO: [ app_end ] --START--
INFO: Run Behavior\ShowPageTraceBehavior [ RunTime:0.000429s ]
INFO: [ app_end ] --END-- [ RunTime:0.000472s ]

[ 2017-06-19T01:30:42+08:00 ] 114.253.220.106 /admin.php?c=Alljd&a=jdadd
INFO: [ app_init ] --START--
INFO: Run Behavior\BuildLiteBehavior [ RunTime:0.000017s ]
INFO: [ app_init ] --END-- [ RunTime:0.000363s ]
INFO: [ app_begin ] --START--
INFO: Run Behavior\ReadHtmlCacheBehavior [ RunTime:0.000418s ]
INFO: [ app_begin ] --END-- [ RunTime:0.000503s ]
NOTIC: [2048] Declaration of Admin\Controller\AlljdController::setStatus() should be compatible with Admin\Controller\CommonController::setStatus($data, $models) /data/home/byu2354740001/htdocs/Azjklynew/Admin/Controller/AlljdController.class.php 第 6 行.
NOTIC: [2048] Declaration of Common\Model\MenuModel::find() should be compatible with Think\Model::find($options = Array) /data/home/byu2354740001/htdocs/Azjklynew/Common/Model/MenuModel.class.php 第 5 行.
SQL: SHOW COLUMNS FROM `cms_menu` [ RunTime:0.0016s ]
SQL: SELECT * FROM `cms_menu` WHERE `status` = 1 AND `type` = 2 ORDER BY listorder desc,menu_id desc  [ RunTime:0.0014s ]
INFO: [ view_parse ] --START--
INFO: [ template_filter ] --START--
INFO: Run Behavior\ContentReplaceBehavior [ RunTime:0.000061s ]
INFO: [ template_filter ] --END-- [ RunTime:0.000119s ]
SQL: SELECT * FROM `cms_menu` WHERE `status` <> -1 AND `type` = 1 ORDER BY listorder desc,menu_id desc  [ RunTime:0.0014s ]
NOTIC: [8] Undefined index: a /data/home/byu2354740001/htdocs/Azjklynew/Common/Common/function.php 第 33 行.
NOTIC: [8] Undefined index: a /data/home/byu2354740001/htdocs/Azjklynew/Common/Common/function.php 第 33 行.
NOTIC: [8] Undefined index: a /data/home/byu2354740001/htdocs/Azjklynew/Common/Common/function.php 第 33 行.
NOTIC: [8] Undefined index: a /data/home/byu2354740001/htdocs/Azjklynew/Common/Common/function.php 第 33 行.
NOTIC: [8] Undefined index: a /data/home/byu2354740001/htdocs/Azjklynew/Common/Common/function.php 第 33 行.
NOTIC: [8] Undefined index: a /data/home/byu2354740001/htdocs/Azjklynew/Common/Common/function.php 第 33 行.
NOTIC: [8] Undefined index: a /data/home/byu2354740001/htdocs/Azjklynew/Common/Common/function.php 第 33 行.
NOTIC: [8] Undefined index: a /data/home/byu2354740001/htdocs/Azjklynew/Common/Common/function.php 第 33 行.
NOTIC: [8] Undefined index: a /data/home/byu2354740001/htdocs/Azjklynew/Common/Common/function.php 第 33 行.
NOTIC: [8] Undefined variable: titleFontColor /data/home/byu2354740001/htdocs/Azjklynew/Runtime/Cache/Admin/7d14a9285e5e27be1d7654a03fa075d0.php 第 135 行.
NOTIC: [8] Undefined variable: webSiteMenu1 /data/home/byu2354740001/htdocs/Azjklynew/Runtime/Cache/Admin/7d14a9285e5e27be1d7654a03fa075d0.php 第 145 行.
INFO: Run Behavior\ParseTemplateBehavior [ RunTime:0.011363s ]
INFO: [ view_parse ] --END-- [ RunTime:0.011399s ]
INFO: [ view_filter ] --START--
INFO: Run Behavior\WriteHtmlCacheBehavior [ RunTime:0.000184s ]
INFO: [ view_filter ] --END-- [ RunTime:0.000214s ]
INFO: [ app_end ] --START--
INFO: Run Behavior\ShowPageTraceBehavior [ RunTime:0.000460s ]
INFO: [ app_end ] --END-- [ RunTime:0.000529s ]

[ 2017-06-19T01:30:44+08:00 ] 114.253.220.106 /admin.php?c=Alljd&a=jdadd
INFO: [ app_init ] --START--
INFO: Run Behavior\BuildLiteBehavior [ RunTime:0.000030s ]
INFO: [ app_init ] --END-- [ RunTime:0.000393s ]
INFO: [ app_begin ] --START--
INFO: Run Behavior\ReadHtmlCacheBehavior [ RunTime:0.000498s ]
INFO: [ app_begin ] --END-- [ RunTime:0.000547s ]
NOTIC: [2048] Declaration of Admin\Controller\AlljdController::setStatus() should be compatible with Admin\Controller\CommonController::setStatus($data, $models) /data/home/byu2354740001/htdocs/Azjklynew/Admin/Controller/AlljdController.class.php 第 6 行.
NOTIC: [2048] Declaration of Common\Model\MenuModel::find() should be compatible with Think\Model::find($options = Array) /data/home/byu2354740001/htdocs/Azjklynew/Common/Model/MenuModel.class.php 第 5 行.
SQL: SHOW COLUMNS FROM `cms_menu` [ RunTime:0.0010s ]
SQL: SELECT * FROM `cms_menu` WHERE `status` = 1 AND `type` = 2 ORDER BY listorder desc,menu_id desc  [ RunTime:0.0008s ]
INFO: [ view_parse ] --START--
INFO: [ template_filter ] --START--
INFO: Run Behavior\ContentReplaceBehavior [ RunTime:0.000059s ]
INFO: [ template_filter ] --END-- [ RunTime:0.000100s ]
SQL: SELECT * FROM `cms_menu` WHERE `status` <> -1 AND `type` = 1 ORDER BY listorder desc,menu_id desc  [ RunTime:0.0007s ]
NOTIC: [8] Undefined index: a /data/home/byu2354740001/htdocs/Azjklynew/Common/Common/function.php 第 33 行.
NOTIC: [8] Undefined index: a /data/home/byu2354740001/htdocs/Azjklynew/Common/Common/function.php 第 33 行.
NOTIC: [8] Undefined index: a /data/home/byu2354740001/htdocs/Azjklynew/Common/Common/function.php 第 33 行.
NOTIC: [8] Undefined index: a /data/home/byu2354740001/htdocs/Azjklynew/Common/Common/function.php 第 33 行.
NOTIC: [8] Undefined index: a /data/home/byu2354740001/htdocs/Azjklynew/Common/Common/function.php 第 33 行.
NOTIC: [8] Undefined index: a /data/home/byu2354740001/htdocs/Azjklynew/Common/Common/function.php 第 33 行.
NOTIC: [8] Undefined index: a /data/home/byu2354740001/htdocs/Azjklynew/Common/Common/function.php 第 33 行.
NOTIC: [8] Undefined index: a /data/home/byu2354740001/htdocs/Azjklynew/Common/Common/function.php 第 33 行.
NOTIC: [8] Undefined index: a /data/home/byu2354740001/htdocs/Azjklynew/Common/Common/function.php 第 33 行.
NOTIC: [8] Undefined variable: titleFontColor /data/home/byu2354740001/htdocs/Azjklynew/Runtime/Cache/Admin/7d14a9285e5e27be1d7654a03fa075d0.php 第 135 行.
NOTIC: [8] Undefined variable: webSiteMenu1 /data/home/byu2354740001/htdocs/Azjklynew/Runtime/Cache/Admin/7d14a9285e5e27be1d7654a03fa075d0.php 第 145 行.
INFO: Run Behavior\ParseTemplateBehavior [ RunTime:0.010872s ]
INFO: [ view_parse ] --END-- [ RunTime:0.010909s ]
INFO: [ view_filter ] --START--
INFO: Run Behavior\WriteHtmlCacheBehavior [ RunTime:0.000201s ]
INFO: [ view_filter ] --END-- [ RunTime:0.000230s ]
INFO: [ app_end ] --START--
INFO: Run Behavior\ShowPageTraceBehavior [ RunTime:0.000483s ]
INFO: [ app_end ] --END-- [ RunTime:0.000530s ]

[ 2017-06-19T01:31:40+08:00 ] 114.253.220.106 /admin.php?c=Alljd&a=jdadd
INFO: [ app_init ] --START--
INFO: Run Behavior\BuildLiteBehavior [ RunTime:0.000018s ]
INFO: [ app_init ] --END-- [ RunTime:0.000342s ]
INFO: [ app_begin ] --START--
INFO: Run Behavior\ReadHtmlCacheBehavior [ RunTime:0.000473s ]
INFO: [ app_begin ] --END-- [ RunTime:0.000538s ]
NOTIC: [2048] Declaration of Admin\Controller\AlljdController::setStatus() should be compatible with Admin\Controller\CommonController::setStatus($data, $models) /data/home/byu2354740001/htdocs/Azjklynew/Admin/Controller/AlljdController.class.php 第 6 行.
NOTIC: [2048] Declaration of Common\Model\MenuModel::find() should be compatible with Think\Model::find($options = Array) /data/home/byu2354740001/htdocs/Azjklynew/Common/Model/MenuModel.class.php 第 5 行.
SQL: SHOW COLUMNS FROM `cms_menu` [ RunTime:0.0017s ]
SQL: SELECT * FROM `cms_menu` WHERE `status` = 1 AND `type` = 2 ORDER BY listorder desc,menu_id desc  [ RunTime:0.0013s ]
INFO: [ view_parse ] --START--
INFO: [ template_filter ] --START--
INFO: Run Behavior\ContentReplaceBehavior [ RunTime:0.000053s ]
INFO: [ template_filter ] --END-- [ RunTime:0.000089s ]
SQL: SELECT * FROM `cms_menu` WHERE `status` <> -1 AND `type` = 1 ORDER BY listorder desc,menu_id desc  [ RunTime:0.0013s ]
NOTIC: [8] Undefined index: a /data/home/byu2354740001/htdocs/Azjklynew/Common/Common/function.php 第 33 行.
NOTIC: [8] Undefined index: a /data/home/byu2354740001/htdocs/Azjklynew/Common/Common/function.php 第 33 行.
NOTIC: [8] Undefined index: a /data/home/byu2354740001/htdocs/Azjklynew/Common/Common/function.php 第 33 行.
NOTIC: [8] Undefined index: a /data/home/byu2354740001/htdocs/Azjklynew/Common/Common/function.php 第 33 行.
NOTIC: [8] Undefined index: a /data/home/byu2354740001/htdocs/Azjklynew/Common/Common/function.php 第 33 行.
NOTIC: [8] Undefined index: a /data/home/byu2354740001/htdocs/Azjklynew/Common/Common/function.php 第 33 行.
NOTIC: [8] Undefined index: a /data/home/byu2354740001/htdocs/Azjklynew/Common/Common/function.php 第 33 行.
NOTIC: [8] Undefined index: a /data/home/byu2354740001/htdocs/Azjklynew/Common/Common/function.php 第 33 行.
NOTIC: [8] Undefined index: a /data/home/byu2354740001/htdocs/Azjklynew/Common/Common/function.php 第 33 行.
NOTIC: [8] Undefined variable: titleFontColor /data/home/byu2354740001/htdocs/Azjklynew/Runtime/Cache/Admin/7d14a9285e5e27be1d7654a03fa075d0.php 第 135 行.
NOTIC: [8] Undefined variable: webSiteMenu1 /data/home/byu2354740001/htdocs/Azjklynew/Runtime/Cache/Admin/7d14a9285e5e27be1d7654a03fa075d0.php 第 145 行.
INFO: Run Behavior\ParseTemplateBehavior [ RunTime:0.010936s ]
INFO: [ view_parse ] --END-- [ RunTime:0.010969s ]
INFO: [ view_filter ] --START--
INFO: Run Behavior\WriteHtmlCacheBehavior [ RunTime:0.000185s ]
INFO: [ view_filter ] --END-- [ RunTime:0.000214s ]
INFO: [ app_end ] --START--
INFO: Run Behavior\ShowPageTraceBehavior [ RunTime:0.000427s ]
INFO: [ app_end ] --END-- [ RunTime:0.000470s ]

[ 2017-06-19T01:31:49+08:00 ] 114.253.220.106 /admin.php?c=Alljd&a=jdadd
INFO: [ app_init ] --START--
INFO: Run Behavior\BuildLiteBehavior [ RunTime:0.000025s ]
INFO: [ app_init ] --END-- [ RunTime:0.000357s ]
INFO: [ app_begin ] --START--
INFO: Run Behavior\ReadHtmlCacheBehavior [ RunTime:0.000415s ]
INFO: [ app_begin ] --END-- [ RunTime:0.000473s ]
NOTIC: [2048] Declaration of Admin\Controller\AlljdController::setStatus() should be compatible with Admin\Controller\CommonController::setStatus($data, $models) /data/home/byu2354740001/htdocs/Azjklynew/Admin/Controller/AlljdController.class.php 第 6 行.
NOTIC: [2048] Declaration of Common\Model\MenuModel::find() should be compatible with Think\Model::find($options = Array) /data/home/byu2354740001/htdocs/Azjklynew/Common/Model/MenuModel.class.php 第 5 行.
SQL: SHOW COLUMNS FROM `cms_menu` [ RunTime:0.0017s ]
SQL: SELECT * FROM `cms_menu` WHERE `status` = 1 AND `type` = 2 ORDER BY listorder desc,menu_id desc  [ RunTime:0.0013s ]
INFO: [ view_parse ] --START--
INFO: [ template_filter ] --START--
INFO: Run Behavior\ContentReplaceBehavior [ RunTime:0.000061s ]
INFO: [ template_filter ] --END-- [ RunTime:0.000100s ]
SQL: SELECT * FROM `cms_menu` WHERE `status` <> -1 AND `type` = 1 ORDER BY listorder desc,menu_id desc  [ RunTime:0.0013s ]
NOTIC: [8] Undefined index: a /data/home/byu2354740001/htdocs/Azjklynew/Common/Common/function.php 第 33 行.
NOTIC: [8] Undefined index: a /data/home/byu2354740001/htdocs/Azjklynew/Common/Common/function.php 第 33 行.
NOTIC: [8] Undefined index: a /data/home/byu2354740001/htdocs/Azjklynew/Common/Common/function.php 第 33 行.
NOTIC: [8] Undefined index: a /data/home/byu2354740001/htdocs/Azjklynew/Common/Common/function.php 第 33 行.
NOTIC: [8] Undefined index: a /data/home/byu2354740001/htdocs/Azjklynew/Common/Common/function.php 第 33 行.
NOTIC: [8] Undefined index: a /data/home/byu2354740001/htdocs/Azjklynew/Common/Common/function.php 第 33 行.
NOTIC: [8] Undefined index: a /data/home/byu2354740001/htdocs/Azjklynew/Common/Common/function.php 第 33 行.
NOTIC: [8] Undefined index: a /data/home/byu2354740001/htdocs/Azjklynew/Common/Common/function.php 第 33 行.
NOTIC: [8] Undefined index: a /data/home/byu2354740001/htdocs/Azjklynew/Common/Common/function.php 第 33 行.
NOTIC: [8] Undefined variable: titleFontColor /data/home/byu2354740001/htdocs/Azjklynew/Runtime/Cache/Admin/7d14a9285e5e27be1d7654a03fa075d0.php 第 135 行.
NOTIC: [8] Undefined variable: webSiteMenu1 /data/home/byu2354740001/htdocs/Azjklynew/Runtime/Cache/Admin/7d14a9285e5e27be1d7654a03fa075d0.php 第 145 行.
INFO: Run Behavior\ParseTemplateBehavior [ RunTime:0.011610s ]
INFO: [ view_parse ] --END-- [ RunTime:0.011646s ]
INFO: [ view_filter ] --START--
INFO: Run Behavior\WriteHtmlCacheBehavior [ RunTime:0.000182s ]
INFO: [ view_filter ] --END-- [ RunTime:0.000212s ]
INFO: [ app_end ] --START--
INFO: Run Behavior\ShowPageTraceBehavior [ RunTime:0.000444s ]
INFO: [ app_end ] --END-- [ RunTime:0.000490s ]

[ 2017-06-19T01:31:52+08:00 ] 101.226.65.102 /admin.php?c=Alljd&a=jdadd
INFO: [ app_init ] --START--
INFO: Run Behavior\BuildLiteBehavior [ RunTime:0.000018s ]
INFO: [ app_init ] --END-- [ RunTime:0.000376s ]
INFO: [ app_begin ] --START--
INFO: Run Behavior\ReadHtmlCacheBehavior [ RunTime:0.000411s ]
INFO: [ app_begin ] --END-- [ RunTime:0.000461s ]
NOTIC: [2048] Declaration of Admin\Controller\AlljdController::setStatus() should be compatible with Admin\Controller\CommonController::setStatus($data, $models) /data/home/byu2354740001/htdocs/Azjklynew/Admin/Controller/AlljdController.class.php 第 6 行.
NOTIC: [8] Undefined variable: module /data/home/byu2354740001/htdocs/ThinkPHP/Common/functions.php 第 990 行.
NOTIC: [8] Undefined variable: var /data/home/byu2354740001/htdocs/ThinkPHP/Common/functions.php 第 990 行.
NOTIC: [2] array_reverse() expects parameter 1 to be array, null given /data/home/byu2354740001/htdocs/ThinkPHP/Common/functions.php 第 990 行.
NOTIC: [2] http_build_query(): Parameter 1 expected to be Array or Object.  Incorrect value given /data/home/byu2354740001/htdocs/ThinkPHP/Common/functions.php 第 990 行.

[ 2017-06-19T01:31:52+08:00 ] 101.226.65.102 /admin.php?m=&&c=login
INFO: [ app_init ] --START--
INFO: Run Behavior\BuildLiteBehavior [ RunTime:0.000017s ]
INFO: [ app_init ] --END-- [ RunTime:0.000371s ]
INFO: [ app_begin ] --START--
INFO: Run Behavior\ReadHtmlCacheBehavior [ RunTime:0.000407s ]
INFO: [ app_begin ] --END-- [ RunTime:0.000455s ]
INFO: [ view_parse ] --START--
INFO: [ template_filter ] --START--
INFO: Run Behavior\ContentReplaceBehavior [ RunTime:0.000035s ]
INFO: [ template_filter ] --END-- [ RunTime:0.000079s ]
INFO: Run Behavior\ParseTemplateBehavior [ RunTime:0.004478s ]
INFO: [ view_parse ] --END-- [ RunTime:0.004523s ]
INFO: [ view_filter ] --START--
INFO: Run Behavior\WriteHtmlCacheBehavior [ RunTime:0.000166s ]
INFO: [ view_filter ] --END-- [ RunTime:0.000193s ]
INFO: [ app_end ] --START--
INFO: Run Behavior\ShowPageTraceBehavior [ RunTime:0.000413s ]
INFO: [ app_end ] --END-- [ RunTime:0.000457s ]

[ 2017-06-19T01:33:32+08:00 ] 101.226.33.239 /admin.php?c=position
INFO: [ app_init ] --START--
INFO: Run Behavior\BuildLiteBehavior [ RunTime:0.000018s ]
INFO: [ app_init ] --END-- [ RunTime:0.000400s ]
INFO: [ app_begin ] --START--
INFO: Run Behavior\ReadHtmlCacheBehavior [ RunTime:0.000396s ]
INFO: [ app_begin ] --END-- [ RunTime:0.000476s ]
NOTIC: [2048] Declaration of Admin\Controller\PositionController::setStatus() should be compatible with Admin\Controller\CommonController::setStatus($data, $models) /data/home/byu2354740001/htdocs/Azjklynew/Admin/Controller/PositionController.class.php 第 7 行.
NOTIC: [8] Undefined variable: module /data/home/byu2354740001/htdocs/ThinkPHP/Common/functions.php 第 990 行.
NOTIC: [8] Undefined variable: var /data/home/byu2354740001/htdocs/ThinkPHP/Common/functions.php 第 990 行.
NOTIC: [2] array_reverse() expects parameter 1 to be array, null given /data/home/byu2354740001/htdocs/ThinkPHP/Common/functions.php 第 990 行.
NOTIC: [2] http_build_query(): Parameter 1 expected to be Array or Object.  Incorrect value given /data/home/byu2354740001/htdocs/ThinkPHP/Common/functions.php 第 990 行.

[ 2017-06-19T01:33:36+08:00 ] 101.226.33.239 /admin.php?m=&&c=login
INFO: [ app_init ] --START--
INFO: Run Behavior\BuildLiteBehavior [ RunTime:0.000018s ]
INFO: [ app_init ] --END-- [ RunTime:0.000374s ]
INFO: [ app_begin ] --START--
INFO: Run Behavior\ReadHtmlCacheBehavior [ RunTime:0.000384s ]
INFO: [ app_begin ] --END-- [ RunTime:0.000460s ]
INFO: [ view_parse ] --START--
INFO: [ template_filter ] --START--
INFO: Run Behavior\ContentReplaceBehavior [ RunTime:0.000039s ]
INFO: [ template_filter ] --END-- [ RunTime:0.000084s ]
INFO: Run Behavior\ParseTemplateBehavior [ RunTime:0.004656s ]
INFO: [ view_parse ] --END-- [ RunTime:0.004702s ]
INFO: [ view_filter ] --START--
INFO: Run Behavior\WriteHtmlCacheBehavior [ RunTime:0.000167s ]
INFO: [ view_filter ] --END-- [ RunTime:0.000196s ]
INFO: [ app_end ] --START--
INFO: Run Behavior\ShowPageTraceBehavior [ RunTime:0.000482s ]
INFO: [ app_end ] --END-- [ RunTime:0.000528s ]

